2023-05-19 18:17:50,959 INFO org.springframework.boot.StartupInfoLogger [main] Starting PFEApplication using Java 1.8.0_191 on LAPTOP-24AABF17 with PID 6596 (C:\Users\zineb kourifa\OneDrive\Documents\Bureau\TPs_JAVA\PFEProject\target\classes started by zineb kourifa in C:\Users\zineb kourifa\OneDrive\Documents\Bureau\TPs_JAVA\PFEProject)
2023-05-19 18:17:50,967 DEBUG org.springframework.boot.StartupInfoLogger [main] Running with Spring Boot v2.7.5, Spring v5.3.23
2023-05-19 18:17:50,968 INFO org.springframework.boot.SpringApplication [main] The following 1 profile is active: "dev"
2023-05-19 18:17:53,158 INFO org.springframework.data.repository.config.RepositoryConfigurationDelegate [main] Bootstrapping Spring Data JPA repositories in DEFAULT mode.
2023-05-19 18:17:53,279 INFO org.springframework.data.repository.config.RepositoryConfigurationDelegate [main] Finished Spring Data repository scanning in 95 ms. Found 1 JPA repository interfaces.
2023-05-19 18:17:54,637 INFO org.springframework.boot.web.embedded.tomcat.TomcatWebServer [main] Tomcat initialized with port(s): 8082 (http)
2023-05-19 18:17:54,653 INFO org.apache.juli.logging.DirectJDKLog [main] Initializing ProtocolHandler ["http-nio-8082"]
2023-05-19 18:17:54,654 INFO org.apache.juli.logging.DirectJDKLog [main] Starting service [Tomcat]
2023-05-19 18:17:54,654 INFO org.apache.juli.logging.DirectJDKLog [main] Starting Servlet engine: [Apache Tomcat/9.0.68]
2023-05-19 18:17:54,941 INFO org.apache.juli.logging.DirectJDKLog [main] Initializing Spring embedded WebApplicationContext
2023-05-19 18:17:54,942 INFO org.springframework.boot.web.servlet.context.ServletWebServerApplicationContext [main] Root WebApplicationContext: initialization completed in 3821 ms
2023-05-19 18:17:56,109 INFO com.zaxxer.hikari.HikariDataSource [main] HikariPool-1 - Starting...
2023-05-19 18:17:56,114 WARN com.zaxxer.hikari.util.DriverDataSource [main] Registered driver with driverClassName=oracle.jdbc.driver.OracleDriver was not found, trying direct instantiation.
2023-05-19 18:17:57,228 INFO com.zaxxer.hikari.HikariDataSource [main] HikariPool-1 - Start completed.
2023-05-19 18:17:59,703 INFO org.springframework.orm.jpa.AbstractEntityManagerFactoryBean [main] Initialized JPA EntityManagerFactory for persistence unit 'default'
2023-05-19 18:18:00,859 WARN org.springframework.boot.autoconfigure.orm.jpa.JpaBaseConfiguration$JpaWebConfiguration [main] spring.jpa.open-in-view is enabled by default. Therefore, database queries may be performed during view rendering. Explicitly configure spring.jpa.open-in-view to disable this warning
2023-05-19 18:18:01,025 DEBUG org.springframework.web.servlet.handler.AbstractHandlerMethodMapping [main] 12 mappings in 'requestMappingHandlerMapping'
2023-05-19 18:18:01,352 DEBUG org.springframework.web.servlet.mvc.method.annotation.RequestMappingHandlerAdapter [main] ControllerAdvice beans: 0 @ModelAttribute, 0 @InitBinder, 1 RequestBodyAdvice, 1 ResponseBodyAdvice
2023-05-19 18:18:01,432 DEBUG org.springframework.web.servlet.handler.SimpleUrlHandlerMapping [main] Patterns [/swagger-ui/] in 'viewControllerHandlerMapping'
2023-05-19 18:18:01,461 DEBUG org.springframework.web.servlet.handler.SimpleUrlHandlerMapping [main] Patterns [/webjars/**, /**, /swagger-ui/**] in 'resourceHandlerMapping'
2023-05-19 18:18:01,470 DEBUG org.springframework.web.servlet.mvc.method.annotation.ExceptionHandlerExceptionResolver [main] ControllerAdvice beans: 0 @ExceptionHandler, 1 ResponseBodyAdvice
2023-05-19 18:18:01,659 INFO org.apache.juli.logging.DirectJDKLog [main] Starting ProtocolHandler ["http-nio-8082"]
2023-05-19 18:18:01,696 INFO org.springframework.boot.web.embedded.tomcat.TomcatWebServer [main] Tomcat started on port(s): 8082 (http) with context path ''
2023-05-19 18:18:02,155 INFO org.springframework.boot.StartupInfoLogger [main] Started PFEApplication in 12.075 seconds (JVM running for 13.224)
2023-05-19 18:18:02,164 INFO ma.pfe.PFEApplication [main] Access URLs:
----------------------------------------------------------
	Local: 		http://127.0.0.1:8082/swagger-ui/#/
	External: 	http://192.168.1.7:8082/swagger-ui/#/
----------------------------------------------------------
2023-05-19 18:18:09,051 INFO org.apache.juli.logging.DirectJDKLog [http-nio-8082-exec-1] Initializing Spring DispatcherServlet 'dispatcherServlet'
2023-05-19 18:18:09,052 INFO org.springframework.web.servlet.FrameworkServlet [http-nio-8082-exec-1] Initializing Servlet 'dispatcherServlet'
2023-05-19 18:18:09,052 DEBUG org.springframework.web.servlet.DispatcherServlet [http-nio-8082-exec-1] Detected StandardServletMultipartResolver
2023-05-19 18:18:09,052 DEBUG org.springframework.web.servlet.DispatcherServlet [http-nio-8082-exec-1] Detected AcceptHeaderLocaleResolver
2023-05-19 18:18:09,053 DEBUG org.springframework.web.servlet.DispatcherServlet [http-nio-8082-exec-1] Detected FixedThemeResolver
2023-05-19 18:18:09,055 DEBUG org.springframework.web.servlet.DispatcherServlet [http-nio-8082-exec-1] Detected org.springframework.web.servlet.view.DefaultRequestToViewNameTranslator@ca60688
2023-05-19 18:18:09,055 DEBUG org.springframework.web.servlet.DispatcherServlet [http-nio-8082-exec-1] Detected org.springframework.web.servlet.support.SessionFlashMapManager@264576e4
2023-05-19 18:18:09,055 DEBUG org.springframework.web.servlet.FrameworkServlet [http-nio-8082-exec-1] enableLoggingRequestDetails='false': request parameters and headers will be masked to prevent unsafe logging of potentially sensitive data
2023-05-19 18:18:09,056 INFO org.springframework.web.servlet.FrameworkServlet [http-nio-8082-exec-1] Completed initialization in 4 ms
2023-05-19 18:18:09,074 DEBUG org.springframework.core.log.LogFormatUtils [http-nio-8082-exec-1] GET "/swagger-ui/", parameters={}
2023-05-19 18:18:09,085 DEBUG org.springframework.web.servlet.handler.AbstractHandlerMapping [http-nio-8082-exec-1] Mapped to ParameterizableViewController [view="forward:/swagger-ui/index.html"]
2023-05-19 18:18:09,097 DEBUG org.springframework.web.servlet.view.ContentNegotiatingViewResolver [http-nio-8082-exec-1] Selected 'text/html' given [text/html, application/xhtml+xml, image/avif, image/webp, image/apng, application/xml;q=0.9, application/signed-exchange;v=b3;q=0.9, */*;q=0.8]
2023-05-19 18:18:09,098 DEBUG org.springframework.web.servlet.view.AbstractView [http-nio-8082-exec-1] View name 'forward:', model {}
2023-05-19 18:18:09,100 DEBUG org.springframework.web.servlet.view.InternalResourceView [http-nio-8082-exec-1] Forwarding to [/swagger-ui/index.html]
2023-05-19 18:18:09,108 DEBUG org.springframework.core.log.LogFormatUtils [http-nio-8082-exec-1] "FORWARD" dispatch for GET "/swagger-ui/index.html", parameters={}
2023-05-19 18:18:09,112 DEBUG org.springframework.web.servlet.handler.AbstractHandlerMapping [http-nio-8082-exec-1] Mapped to ResourceHttpRequestHandler [classpath [META-INF/resources/webjars/springfox-swagger-ui/]]
2023-05-19 18:18:09,118 DEBUG org.springframework.web.servlet.FrameworkServlet [http-nio-8082-exec-1] Exiting from "FORWARD" dispatch, status 304
2023-05-19 18:18:09,120 DEBUG org.springframework.web.servlet.FrameworkServlet [http-nio-8082-exec-1] Completed 304 NOT_MODIFIED
2023-05-19 18:18:09,455 DEBUG org.springframework.core.log.LogFormatUtils [http-nio-8082-exec-2] GET "/swagger-ui/springfox.css?v=3.0.0", parameters={masked}
2023-05-19 18:18:09,457 DEBUG org.springframework.web.servlet.handler.AbstractHandlerMapping [http-nio-8082-exec-2] Mapped to ResourceHttpRequestHandler [classpath [META-INF/resources/webjars/springfox-swagger-ui/]]
2023-05-19 18:18:09,460 DEBUG org.springframework.web.servlet.FrameworkServlet [http-nio-8082-exec-2] Completed 304 NOT_MODIFIED
2023-05-19 18:18:09,462 DEBUG org.springframework.core.log.LogFormatUtils [http-nio-8082-exec-3] GET "/swagger-ui/swagger-ui.css?v=3.0.0", parameters={masked}
2023-05-19 18:18:09,464 DEBUG org.springframework.web.servlet.handler.AbstractHandlerMapping [http-nio-8082-exec-3] Mapped to ResourceHttpRequestHandler [classpath [META-INF/resources/webjars/springfox-swagger-ui/]]
2023-05-19 18:18:09,467 DEBUG org.springframework.web.servlet.FrameworkServlet [http-nio-8082-exec-3] Completed 304 NOT_MODIFIED
2023-05-19 18:18:09,467 DEBUG org.springframework.core.log.LogFormatUtils [http-nio-8082-exec-4] GET "/swagger-ui/swagger-ui-bundle.js?v=3.0.0", parameters={masked}
2023-05-19 18:18:09,469 DEBUG org.springframework.web.servlet.handler.AbstractHandlerMapping [http-nio-8082-exec-4] Mapped to ResourceHttpRequestHandler [classpath [META-INF/resources/webjars/springfox-swagger-ui/]]
2023-05-19 18:18:09,469 DEBUG org.springframework.core.log.LogFormatUtils [http-nio-8082-exec-6] GET "/swagger-ui/swagger-ui-standalone-preset.js?v=3.0.0", parameters={masked}
2023-05-19 18:18:09,470 DEBUG org.springframework.core.log.LogFormatUtils [http-nio-8082-exec-5] GET "/swagger-ui/springfox.js?v=3.0.0", parameters={masked}
2023-05-19 18:18:09,471 DEBUG org.springframework.web.servlet.FrameworkServlet [http-nio-8082-exec-4] Completed 304 NOT_MODIFIED
2023-05-19 18:18:09,471 DEBUG org.springframework.web.servlet.handler.AbstractHandlerMapping [http-nio-8082-exec-6] Mapped to ResourceHttpRequestHandler [classpath [META-INF/resources/webjars/springfox-swagger-ui/]]
2023-05-19 18:18:09,474 DEBUG org.springframework.web.servlet.handler.AbstractHandlerMapping [http-nio-8082-exec-5] Mapped to ResourceHttpRequestHandler [classpath [META-INF/resources/webjars/springfox-swagger-ui/]]
2023-05-19 18:18:09,476 DEBUG org.springframework.web.servlet.FrameworkServlet [http-nio-8082-exec-5] Completed 304 NOT_MODIFIED
2023-05-19 18:18:09,476 DEBUG org.springframework.web.servlet.FrameworkServlet [http-nio-8082-exec-6] Completed 304 NOT_MODIFIED
2023-05-19 18:18:10,463 DEBUG org.springframework.core.log.LogFormatUtils [http-nio-8082-exec-7] GET "/swagger-resources/configuration/ui", parameters={}
2023-05-19 18:18:10,464 DEBUG org.springframework.web.servlet.handler.AbstractHandlerMapping [http-nio-8082-exec-7] Mapped to springfox.documentation.swagger.web.ApiResourceController#uiConfiguration()
2023-05-19 18:18:10,474 DEBUG org.springframework.core.log.LogFormatUtils [http-nio-8082-exec-8] GET "/swagger-ui/favicon-32x32.png?v=3.0.0", parameters={masked}
2023-05-19 18:18:10,475 DEBUG org.springframework.web.servlet.handler.AbstractHandlerMapping [http-nio-8082-exec-8] Mapped to ResourceHttpRequestHandler [classpath [META-INF/resources/webjars/springfox-swagger-ui/]]
2023-05-19 18:18:10,488 DEBUG org.springframework.web.servlet.mvc.method.annotation.AbstractMessageConverterMethodProcessor [http-nio-8082-exec-7] Using 'application/json', given [application/json] and supported [application/json]
2023-05-19 18:18:10,494 DEBUG org.springframework.web.servlet.FrameworkServlet [http-nio-8082-exec-8] Completed 200 OK
2023-05-19 18:18:10,539 DEBUG org.springframework.core.log.LogFormatUtils [http-nio-8082-exec-7] Writing [springfox.documentation.swagger.web.UiConfiguration@611410ac]
2023-05-19 18:18:10,570 DEBUG org.springframework.web.servlet.FrameworkServlet [http-nio-8082-exec-7] Completed 200 OK
2023-05-19 18:18:10,989 DEBUG org.springframework.core.log.LogFormatUtils [http-nio-8082-exec-3] GET "/swagger-resources/configuration/security", parameters={}
2023-05-19 18:18:10,990 DEBUG org.springframework.web.servlet.handler.AbstractHandlerMapping [http-nio-8082-exec-3] Mapped to springfox.documentation.swagger.web.ApiResourceController#securityConfiguration()
2023-05-19 18:18:10,994 DEBUG org.springframework.web.servlet.mvc.method.annotation.AbstractMessageConverterMethodProcessor [http-nio-8082-exec-3] Using 'application/json', given [application/json] and supported [application/json]
2023-05-19 18:18:11,000 DEBUG org.springframework.core.log.LogFormatUtils [http-nio-8082-exec-3] Writing [springfox.documentation.swagger.web.SecurityConfiguration@59753d14]
2023-05-19 18:18:11,001 DEBUG org.springframework.web.servlet.FrameworkServlet [http-nio-8082-exec-3] Completed 200 OK
2023-05-19 18:18:11,010 DEBUG org.springframework.core.log.LogFormatUtils [http-nio-8082-exec-4] GET "/swagger-resources", parameters={}
2023-05-19 18:18:11,011 DEBUG org.springframework.web.servlet.handler.AbstractHandlerMapping [http-nio-8082-exec-4] Mapped to springfox.documentation.swagger.web.ApiResourceController#swaggerResources()
2023-05-19 18:18:11,012 DEBUG org.springframework.web.servlet.mvc.method.annotation.AbstractMessageConverterMethodProcessor [http-nio-8082-exec-4] Using 'application/json', given [application/json] and supported [application/json]
2023-05-19 18:18:11,014 DEBUG org.springframework.core.log.LogFormatUtils [http-nio-8082-exec-4] Writing [[springfox.documentation.swagger.web.SwaggerResource@646cdf5b]]
2023-05-19 18:18:11,018 DEBUG org.springframework.web.servlet.FrameworkServlet [http-nio-8082-exec-4] Completed 200 OK
2023-05-19 18:18:11,064 DEBUG org.springframework.core.log.LogFormatUtils [http-nio-8082-exec-6] GET "/v2/api-docs", parameters={}
2023-05-19 18:18:11,064 DEBUG org.springframework.web.servlet.handler.AbstractHandlerMapping [http-nio-8082-exec-6] Mapped to springfox.documentation.swagger2.web.Swagger2ControllerWebMvc#getDocumentation(String, HttpServletRequest)
2023-05-19 18:18:11,203 DEBUG org.springframework.web.servlet.mvc.method.annotation.AbstractMessageConverterMethodProcessor [http-nio-8082-exec-6] Using 'application/json', given [application/json, */*] and supported [application/json, application/hal+json]
2023-05-19 18:18:11,205 DEBUG org.springframework.core.log.LogFormatUtils [http-nio-8082-exec-6] Writing [springfox.documentation.spring.web.json.Json@13e0ffa6]
2023-05-19 18:18:11,207 DEBUG org.springframework.web.servlet.FrameworkServlet [http-nio-8082-exec-6] Completed 200 OK
2023-05-19 18:19:18,074 DEBUG org.springframework.core.log.LogFormatUtils [http-nio-8082-exec-8] POST "/Student/save", parameters={}
2023-05-19 18:19:18,076 DEBUG org.springframework.web.servlet.handler.AbstractHandlerMapping [http-nio-8082-exec-8] Mapped to ma.pfe.controllers.StudentController#save(StudentDto)
2023-05-19 18:19:18,151 DEBUG org.springframework.core.log.LogFormatUtils [http-nio-8082-exec-8] Read "application/json;charset=UTF-8" to [StudentDto{idStudent=StudentIdDto{id=10, code='C100'}, name='Ayoub Massaadi', adresse=AdresseDto{rue (truncated)...]
2023-05-19 18:19:18,155 DEBUG ma.pfe.controllers.StudentController [http-nio-8082-exec-8] start method save dto : StudentDto{idStudent=StudentIdDto{id=10, code='C100'}, name='Ayoub Massaadi', adresse=AdresseDto{rue='CD10', avenue='madrid', number='c10'}, courses=[CourseDto{id=1, nom='JAVA'}]}
2023-05-19 18:19:18,155 DEBUG ma.pfe.services.StudentServiceImpl [http-nio-8082-exec-8] start method save dto : StudentDto{idStudent=StudentIdDto{id=10, code='C100'}, name='Ayoub Massaadi', adresse=AdresseDto{rue='CD10', avenue='madrid', number='c10'}, courses=[CourseDto{id=1, nom='JAVA'}]}
2023-05-19 18:19:18,156 DEBUG ma.pfe.services.StudentServiceImpl [http-nio-8082-exec-8] mapping dto to entity : StudentEntity{idStudent=StudentId{id=10, code='C100'}, name='Ayoub Massaadi', courses=[CourseEntity{id=1, nom='null'}], adresse=Adresse{rue='CD10', avenue='madrid', number='c10'}}
2023-05-19 18:19:18,493 DEBUG org.springframework.web.servlet.mvc.method.annotation.AbstractMessageConverterMethodProcessor [http-nio-8082-exec-8] Using 'application/json', given [*/*] and supported [application/json, application/*+json, application/json, application/*+json]
2023-05-19 18:19:18,493 DEBUG org.springframework.core.log.LogFormatUtils [http-nio-8082-exec-8] Writing [10]
2023-05-19 18:19:18,496 DEBUG org.springframework.web.servlet.FrameworkServlet [http-nio-8082-exec-8] Completed 200 OK
2023-05-19 18:19:36,825 DEBUG org.springframework.core.log.LogFormatUtils [http-nio-8082-exec-10] GET "/Student/10/C100", parameters={}
2023-05-19 18:19:36,835 DEBUG org.springframework.web.servlet.handler.AbstractHandlerMapping [http-nio-8082-exec-10] Mapped to ma.pfe.controllers.StudentController#selectById(long, String)
2023-05-19 18:19:36,876 DEBUG ma.pfe.controllers.StudentController [http-nio-8082-exec-10] start method select by id 10 , code C100
2023-05-19 18:19:36,973 DEBUG org.springframework.web.servlet.mvc.method.annotation.AbstractMessageConverterMethodProcessor [http-nio-8082-exec-10] Using 'application/json', given [*/*] and supported [application/json, application/*+json, application/json, application/*+json]
2023-05-19 18:19:36,973 DEBUG org.springframework.core.log.LogFormatUtils [http-nio-8082-exec-10] Writing [StudentDto{idStudent=StudentIdDto{id=10, code='C100'}, name='Ayoub Massaadi', adresse=AdresseDto{rue (truncated)...]
2023-05-19 18:19:36,980 DEBUG org.springframework.web.servlet.FrameworkServlet [http-nio-8082-exec-10] Completed 200 OK
2023-05-19 18:22:34,445 INFO org.springframework.orm.jpa.AbstractEntityManagerFactoryBean [SpringApplicationShutdownHook] Closing JPA EntityManagerFactory for persistence unit 'default'
2023-05-19 18:22:34,507 INFO com.zaxxer.hikari.HikariDataSource [SpringApplicationShutdownHook] HikariPool-1 - Shutdown initiated...
2023-05-19 18:22:34,835 INFO com.zaxxer.hikari.HikariDataSource [SpringApplicationShutdownHook] HikariPool-1 - Shutdown completed.
2023-05-19 18:23:20,390 INFO org.springframework.boot.StartupInfoLogger [main] Starting PFEApplication using Java 1.8.0_191 on LAPTOP-24AABF17 with PID 21872 (C:\Users\zineb kourifa\OneDrive\Documents\Bureau\TPs_JAVA\PFEProject\target\classes started by zineb kourifa in C:\Users\zineb kourifa\OneDrive\Documents\Bureau\TPs_JAVA\PFEProject)
2023-05-19 18:23:20,395 DEBUG org.springframework.boot.StartupInfoLogger [main] Running with Spring Boot v2.7.5, Spring v5.3.23
2023-05-19 18:23:20,396 INFO org.springframework.boot.SpringApplication [main] The following 1 profile is active: "dev"
2023-05-19 18:23:21,793 INFO org.springframework.data.repository.config.RepositoryConfigurationDelegate [main] Bootstrapping Spring Data JPA repositories in DEFAULT mode.
2023-05-19 18:23:21,890 INFO org.springframework.data.repository.config.RepositoryConfigurationDelegate [main] Finished Spring Data repository scanning in 77 ms. Found 1 JPA repository interfaces.
2023-05-19 18:23:23,180 INFO org.springframework.boot.web.embedded.tomcat.TomcatWebServer [main] Tomcat initialized with port(s): 8082 (http)
2023-05-19 18:23:23,194 INFO org.apache.juli.logging.DirectJDKLog [main] Initializing ProtocolHandler ["http-nio-8082"]
2023-05-19 18:23:23,195 INFO org.apache.juli.logging.DirectJDKLog [main] Starting service [Tomcat]
2023-05-19 18:23:23,195 INFO org.apache.juli.logging.DirectJDKLog [main] Starting Servlet engine: [Apache Tomcat/9.0.68]
2023-05-19 18:23:23,605 INFO org.apache.juli.logging.DirectJDKLog [main] Initializing Spring embedded WebApplicationContext
2023-05-19 18:23:23,606 INFO org.springframework.boot.web.servlet.context.ServletWebServerApplicationContext [main] Root WebApplicationContext: initialization completed in 3112 ms
2023-05-19 18:23:24,493 INFO com.zaxxer.hikari.HikariDataSource [main] HikariPool-1 - Starting...
2023-05-19 18:23:24,500 WARN com.zaxxer.hikari.util.DriverDataSource [main] Registered driver with driverClassName=oracle.jdbc.driver.OracleDriver was not found, trying direct instantiation.
2023-05-19 18:23:26,022 INFO com.zaxxer.hikari.HikariDataSource [main] HikariPool-1 - Start completed.
2023-05-19 18:23:29,538 INFO org.springframework.orm.jpa.AbstractEntityManagerFactoryBean [main] Initialized JPA EntityManagerFactory for persistence unit 'default'
2023-05-19 18:23:30,426 WARN org.springframework.boot.autoconfigure.orm.jpa.JpaBaseConfiguration$JpaWebConfiguration [main] spring.jpa.open-in-view is enabled by default. Therefore, database queries may be performed during view rendering. Explicitly configure spring.jpa.open-in-view to disable this warning
2023-05-19 18:23:30,627 DEBUG org.springframework.web.servlet.handler.AbstractHandlerMethodMapping [main] 12 mappings in 'requestMappingHandlerMapping'
2023-05-19 18:23:31,015 DEBUG org.springframework.web.servlet.mvc.method.annotation.RequestMappingHandlerAdapter [main] ControllerAdvice beans: 0 @ModelAttribute, 0 @InitBinder, 1 RequestBodyAdvice, 1 ResponseBodyAdvice
2023-05-19 18:23:31,084 DEBUG org.springframework.web.servlet.handler.SimpleUrlHandlerMapping [main] Patterns [/swagger-ui/] in 'viewControllerHandlerMapping'
2023-05-19 18:23:31,114 DEBUG org.springframework.web.servlet.handler.SimpleUrlHandlerMapping [main] Patterns [/webjars/**, /**, /swagger-ui/**] in 'resourceHandlerMapping'
2023-05-19 18:23:31,123 DEBUG org.springframework.web.servlet.mvc.method.annotation.ExceptionHandlerExceptionResolver [main] ControllerAdvice beans: 0 @ExceptionHandler, 1 ResponseBodyAdvice
2023-05-19 18:23:31,251 INFO org.apache.juli.logging.DirectJDKLog [main] Starting ProtocolHandler ["http-nio-8082"]
2023-05-19 18:23:31,285 INFO org.springframework.boot.web.embedded.tomcat.TomcatWebServer [main] Tomcat started on port(s): 8082 (http) with context path ''
2023-05-19 18:23:31,666 INFO org.springframework.boot.StartupInfoLogger [main] Started PFEApplication in 12.084 seconds (JVM running for 13.193)
2023-05-19 18:23:31,671 INFO ma.pfe.PFEApplication [main] Access URLs:
----------------------------------------------------------
	Local: 		http://127.0.0.1:8082/swagger-ui/#/
	External: 	http://192.168.1.7:8082/swagger-ui/#/
----------------------------------------------------------
2023-05-19 18:23:33,275 INFO org.apache.juli.logging.DirectJDKLog [http-nio-8082-exec-1] Initializing Spring DispatcherServlet 'dispatcherServlet'
2023-05-19 18:23:33,277 INFO org.springframework.web.servlet.FrameworkServlet [http-nio-8082-exec-1] Initializing Servlet 'dispatcherServlet'
2023-05-19 18:23:33,277 DEBUG org.springframework.web.servlet.DispatcherServlet [http-nio-8082-exec-1] Detected StandardServletMultipartResolver
2023-05-19 18:23:33,278 DEBUG org.springframework.web.servlet.DispatcherServlet [http-nio-8082-exec-1] Detected AcceptHeaderLocaleResolver
2023-05-19 18:23:33,278 DEBUG org.springframework.web.servlet.DispatcherServlet [http-nio-8082-exec-1] Detected FixedThemeResolver
2023-05-19 18:23:33,280 DEBUG org.springframework.web.servlet.DispatcherServlet [http-nio-8082-exec-1] Detected org.springframework.web.servlet.view.DefaultRequestToViewNameTranslator@70bc3a9c
2023-05-19 18:23:33,281 DEBUG org.springframework.web.servlet.DispatcherServlet [http-nio-8082-exec-1] Detected org.springframework.web.servlet.support.SessionFlashMapManager@1031c1a0
2023-05-19 18:23:33,282 DEBUG org.springframework.web.servlet.FrameworkServlet [http-nio-8082-exec-1] enableLoggingRequestDetails='false': request parameters and headers will be masked to prevent unsafe logging of potentially sensitive data
2023-05-19 18:23:33,283 INFO org.springframework.web.servlet.FrameworkServlet [http-nio-8082-exec-1] Completed initialization in 6 ms
2023-05-19 18:23:33,300 DEBUG org.springframework.core.log.LogFormatUtils [http-nio-8082-exec-1] POST "/Student/save", parameters={}
2023-05-19 18:23:33,304 DEBUG org.springframework.web.servlet.handler.AbstractHandlerMapping [http-nio-8082-exec-1] Mapped to ma.pfe.controllers.StudentController#save(StudentDto)
2023-05-19 18:23:33,401 DEBUG org.springframework.core.log.LogFormatUtils [http-nio-8082-exec-1] Read "application/json;charset=UTF-8" to [StudentDto{idStudent=StudentIdDto{id=10, code='C100'}, name='Ayoub Massaadi', adresse=AdresseDto{rue (truncated)...]
2023-05-19 18:23:33,411 DEBUG ma.pfe.controllers.StudentController [http-nio-8082-exec-1] start method save dto : StudentDto{idStudent=StudentIdDto{id=10, code='C100'}, name='Ayoub Massaadi', adresse=AdresseDto{rue='CD10', avenue='madrid', number='c10'}, courses=[CourseDto{id=1, nom='null'}]}
2023-05-19 18:23:33,411 DEBUG ma.pfe.services.StudentServiceImpl [http-nio-8082-exec-1] start method save dto : StudentDto{idStudent=StudentIdDto{id=10, code='C100'}, name='Ayoub Massaadi', adresse=AdresseDto{rue='CD10', avenue='madrid', number='c10'}, courses=[CourseDto{id=1, nom='null'}]}
2023-05-19 18:23:33,412 DEBUG ma.pfe.services.StudentServiceImpl [http-nio-8082-exec-1] mapping dto to entity : StudentEntity{idStudent=StudentId{id=10, code='C100'}, name='Ayoub Massaadi', courses=[CourseEntity{id=1, nom='null'}], adresse=Adresse{rue='CD10', avenue='madrid', number='c10'}}
2023-05-19 18:23:33,669 DEBUG org.springframework.web.servlet.mvc.method.annotation.AbstractMessageConverterMethodProcessor [http-nio-8082-exec-1] Using 'application/json', given [*/*] and supported [application/json, application/*+json, application/json, application/*+json]
2023-05-19 18:23:33,670 DEBUG org.springframework.core.log.LogFormatUtils [http-nio-8082-exec-1] Writing [10]
2023-05-19 18:23:33,696 DEBUG org.springframework.web.servlet.FrameworkServlet [http-nio-8082-exec-1] Completed 200 OK
2023-05-19 18:23:42,264 DEBUG org.springframework.core.log.LogFormatUtils [http-nio-8082-exec-4] GET "/Student/10/C100", parameters={}
2023-05-19 18:23:42,267 DEBUG org.springframework.web.servlet.handler.AbstractHandlerMapping [http-nio-8082-exec-4] Mapped to ma.pfe.controllers.StudentController#selectById(long, String)
2023-05-19 18:23:42,282 DEBUG ma.pfe.controllers.StudentController [http-nio-8082-exec-4] start method select by id 10 , code C100
2023-05-19 18:23:42,347 DEBUG org.springframework.web.servlet.mvc.method.annotation.AbstractMessageConverterMethodProcessor [http-nio-8082-exec-4] Using 'application/json', given [*/*] and supported [application/json, application/*+json, application/json, application/*+json]
2023-05-19 18:23:42,347 DEBUG org.springframework.core.log.LogFormatUtils [http-nio-8082-exec-4] Writing [StudentDto{idStudent=StudentIdDto{id=10, code='C100'}, name='Ayoub Massaadi', adresse=AdresseDto{rue (truncated)...]
2023-05-19 18:23:42,353 DEBUG org.springframework.web.servlet.FrameworkServlet [http-nio-8082-exec-4] Completed 200 OK
2023-05-19 18:23:47,370 DEBUG org.springframework.core.log.LogFormatUtils [http-nio-8082-exec-5] GET "/swagger-ui/", parameters={}
2023-05-19 18:23:47,377 DEBUG org.springframework.web.servlet.handler.AbstractHandlerMapping [http-nio-8082-exec-5] Mapped to ParameterizableViewController [view="forward:/swagger-ui/index.html"]
2023-05-19 18:23:47,387 DEBUG org.springframework.web.servlet.view.ContentNegotiatingViewResolver [http-nio-8082-exec-5] Selected 'text/html' given [text/html, application/xhtml+xml, image/avif, image/webp, image/apng, application/xml;q=0.9, application/signed-exchange;v=b3;q=0.9, */*;q=0.8]
2023-05-19 18:23:47,388 DEBUG org.springframework.web.servlet.view.AbstractView [http-nio-8082-exec-5] View name 'forward:', model {}
2023-05-19 18:23:47,394 DEBUG org.springframework.web.servlet.view.InternalResourceView [http-nio-8082-exec-5] Forwarding to [/swagger-ui/index.html]
2023-05-19 18:23:47,403 DEBUG org.springframework.core.log.LogFormatUtils [http-nio-8082-exec-5] "FORWARD" dispatch for GET "/swagger-ui/index.html", parameters={}
2023-05-19 18:23:47,407 DEBUG org.springframework.web.servlet.handler.AbstractHandlerMapping [http-nio-8082-exec-5] Mapped to ResourceHttpRequestHandler [classpath [META-INF/resources/webjars/springfox-swagger-ui/]]
2023-05-19 18:23:47,416 DEBUG org.springframework.web.servlet.FrameworkServlet [http-nio-8082-exec-5] Exiting from "FORWARD" dispatch, status 304
2023-05-19 18:23:47,417 DEBUG org.springframework.web.servlet.FrameworkServlet [http-nio-8082-exec-5] Completed 304 NOT_MODIFIED
2023-05-19 18:23:47,847 DEBUG org.springframework.core.log.LogFormatUtils [http-nio-8082-exec-3] GET "/swagger-resources/configuration/ui", parameters={}
2023-05-19 18:23:47,848 DEBUG org.springframework.web.servlet.handler.AbstractHandlerMapping [http-nio-8082-exec-3] Mapped to springfox.documentation.swagger.web.ApiResourceController#uiConfiguration()
2023-05-19 18:23:47,852 DEBUG org.springframework.web.servlet.mvc.method.annotation.AbstractMessageConverterMethodProcessor [http-nio-8082-exec-3] Using 'application/json', given [application/json] and supported [application/json]
2023-05-19 18:23:47,866 DEBUG org.springframework.core.log.LogFormatUtils [http-nio-8082-exec-3] Writing [springfox.documentation.swagger.web.UiConfiguration@179add90]
2023-05-19 18:23:47,868 DEBUG org.springframework.web.servlet.FrameworkServlet [http-nio-8082-exec-3] Completed 200 OK
2023-05-19 18:23:47,889 DEBUG org.springframework.core.log.LogFormatUtils [http-nio-8082-exec-6] GET "/swagger-resources/configuration/security", parameters={}
2023-05-19 18:23:47,891 DEBUG org.springframework.web.servlet.handler.AbstractHandlerMapping [http-nio-8082-exec-6] Mapped to springfox.documentation.swagger.web.ApiResourceController#securityConfiguration()
2023-05-19 18:23:47,892 DEBUG org.springframework.web.servlet.mvc.method.annotation.AbstractMessageConverterMethodProcessor [http-nio-8082-exec-6] Using 'application/json', given [application/json] and supported [application/json]
2023-05-19 18:23:47,896 DEBUG org.springframework.core.log.LogFormatUtils [http-nio-8082-exec-6] Writing [springfox.documentation.swagger.web.SecurityConfiguration@25303c22]
2023-05-19 18:23:47,897 DEBUG org.springframework.web.servlet.FrameworkServlet [http-nio-8082-exec-6] Completed 200 OK
2023-05-19 18:23:47,903 DEBUG org.springframework.core.log.LogFormatUtils [http-nio-8082-exec-7] GET "/swagger-resources", parameters={}
2023-05-19 18:23:47,903 DEBUG org.springframework.web.servlet.handler.AbstractHandlerMapping [http-nio-8082-exec-7] Mapped to springfox.documentation.swagger.web.ApiResourceController#swaggerResources()
2023-05-19 18:23:47,904 DEBUG org.springframework.web.servlet.mvc.method.annotation.AbstractMessageConverterMethodProcessor [http-nio-8082-exec-7] Using 'application/json', given [application/json] and supported [application/json]
2023-05-19 18:23:47,905 DEBUG org.springframework.core.log.LogFormatUtils [http-nio-8082-exec-7] Writing [[springfox.documentation.swagger.web.SwaggerResource@398fd34e]]
2023-05-19 18:23:47,910 DEBUG org.springframework.web.servlet.FrameworkServlet [http-nio-8082-exec-7] Completed 200 OK
2023-05-19 18:23:47,951 DEBUG org.springframework.core.log.LogFormatUtils [http-nio-8082-exec-8] GET "/v2/api-docs", parameters={}
2023-05-19 18:23:47,953 DEBUG org.springframework.web.servlet.handler.AbstractHandlerMapping [http-nio-8082-exec-8] Mapped to springfox.documentation.swagger2.web.Swagger2ControllerWebMvc#getDocumentation(String, HttpServletRequest)
2023-05-19 18:23:48,141 DEBUG org.springframework.web.servlet.mvc.method.annotation.AbstractMessageConverterMethodProcessor [http-nio-8082-exec-8] Using 'application/json', given [application/json, */*] and supported [application/json, application/hal+json]
2023-05-19 18:23:48,146 DEBUG org.springframework.core.log.LogFormatUtils [http-nio-8082-exec-8] Writing [springfox.documentation.spring.web.json.Json@6b16a188]
2023-05-19 18:23:48,148 DEBUG org.springframework.web.servlet.FrameworkServlet [http-nio-8082-exec-8] Completed 200 OK
2023-05-19 18:24:35,950 DEBUG org.springframework.core.log.LogFormatUtils [http-nio-8082-exec-1] POST "/Student/save", parameters={}
2023-05-19 18:24:35,951 DEBUG org.springframework.web.servlet.handler.AbstractHandlerMapping [http-nio-8082-exec-1] Mapped to ma.pfe.controllers.StudentController#save(StudentDto)
2023-05-19 18:24:35,954 DEBUG org.springframework.core.log.LogFormatUtils [http-nio-8082-exec-1] Read "application/json;charset=UTF-8" to [StudentDto{idStudent=StudentIdDto{id=10, code='C100'}, name='Ayoub Massaadi', adresse=AdresseDto{rue (truncated)...]
2023-05-19 18:24:35,954 DEBUG ma.pfe.controllers.StudentController [http-nio-8082-exec-1] start method save dto : StudentDto{idStudent=StudentIdDto{id=10, code='C100'}, name='Ayoub Massaadi', adresse=AdresseDto{rue='CD10', avenue='madrid', number='c10'}, courses=[CourseDto{id=1, nom='null'}]}
2023-05-19 18:24:35,955 DEBUG ma.pfe.services.StudentServiceImpl [http-nio-8082-exec-1] start method save dto : StudentDto{idStudent=StudentIdDto{id=10, code='C100'}, name='Ayoub Massaadi', adresse=AdresseDto{rue='CD10', avenue='madrid', number='c10'}, courses=[CourseDto{id=1, nom='null'}]}
2023-05-19 18:24:35,955 DEBUG ma.pfe.services.StudentServiceImpl [http-nio-8082-exec-1] mapping dto to entity : StudentEntity{idStudent=StudentId{id=10, code='C100'}, name='Ayoub Massaadi', courses=[CourseEntity{id=1, nom='null'}], adresse=Adresse{rue='CD10', avenue='madrid', number='c10'}}
2023-05-19 18:24:35,978 DEBUG org.springframework.web.servlet.mvc.method.annotation.AbstractMessageConverterMethodProcessor [http-nio-8082-exec-1] Using 'application/json', given [*/*] and supported [application/json, application/*+json, application/json, application/*+json]
2023-05-19 18:24:35,979 DEBUG org.springframework.core.log.LogFormatUtils [http-nio-8082-exec-1] Writing [10]
2023-05-19 18:24:35,979 DEBUG org.springframework.web.servlet.FrameworkServlet [http-nio-8082-exec-1] Completed 200 OK
2023-05-19 18:24:52,500 DEBUG org.springframework.core.log.LogFormatUtils [http-nio-8082-exec-5] GET "/Student/10/C100", parameters={}
2023-05-19 18:24:52,502 DEBUG org.springframework.web.servlet.handler.AbstractHandlerMapping [http-nio-8082-exec-5] Mapped to ma.pfe.controllers.StudentController#selectById(long, String)
2023-05-19 18:24:52,503 DEBUG ma.pfe.controllers.StudentController [http-nio-8082-exec-5] start method select by id 10 , code C100
2023-05-19 18:24:52,509 DEBUG org.springframework.web.servlet.mvc.method.annotation.AbstractMessageConverterMethodProcessor [http-nio-8082-exec-5] Using 'application/json', given [*/*] and supported [application/json, application/*+json, application/json, application/*+json]
2023-05-19 18:24:52,509 DEBUG org.springframework.core.log.LogFormatUtils [http-nio-8082-exec-5] Writing [StudentDto{idStudent=StudentIdDto{id=10, code='C100'}, name='Ayoub Massaadi', adresse=AdresseDto{rue (truncated)...]
2023-05-19 18:24:52,514 DEBUG org.springframework.web.servlet.FrameworkServlet [http-nio-8082-exec-5] Completed 200 OK
2023-05-19 18:25:13,538 INFO org.springframework.orm.jpa.AbstractEntityManagerFactoryBean [SpringApplicationShutdownHook] Closing JPA EntityManagerFactory for persistence unit 'default'
2023-05-19 18:25:13,550 INFO com.zaxxer.hikari.HikariDataSource [SpringApplicationShutdownHook] HikariPool-1 - Shutdown initiated...
2023-05-19 18:25:13,587 INFO com.zaxxer.hikari.HikariDataSource [SpringApplicationShutdownHook] HikariPool-1 - Shutdown completed.
2023-05-19 18:25:20,665 INFO org.springframework.boot.StartupInfoLogger [main] Starting PFEApplication using Java 1.8.0_191 on LAPTOP-24AABF17 with PID 31136 (C:\Users\zineb kourifa\OneDrive\Documents\Bureau\TPs_JAVA\PFEProject\target\classes started by zineb kourifa in C:\Users\zineb kourifa\OneDrive\Documents\Bureau\TPs_JAVA\PFEProject)
2023-05-19 18:25:20,674 DEBUG org.springframework.boot.StartupInfoLogger [main] Running with Spring Boot v2.7.5, Spring v5.3.23
2023-05-19 18:25:20,675 INFO org.springframework.boot.SpringApplication [main] The following 1 profile is active: "dev"
2023-05-19 18:25:22,544 INFO org.springframework.data.repository.config.RepositoryConfigurationDelegate [main] Bootstrapping Spring Data JPA repositories in DEFAULT mode.
2023-05-19 18:25:22,641 INFO org.springframework.data.repository.config.RepositoryConfigurationDelegate [main] Finished Spring Data repository scanning in 78 ms. Found 1 JPA repository interfaces.
2023-05-19 18:25:23,904 INFO org.springframework.boot.web.embedded.tomcat.TomcatWebServer [main] Tomcat initialized with port(s): 8082 (http)
2023-05-19 18:25:23,925 INFO org.apache.juli.logging.DirectJDKLog [main] Initializing ProtocolHandler ["http-nio-8082"]
2023-05-19 18:25:23,927 INFO org.apache.juli.logging.DirectJDKLog [main] Starting service [Tomcat]
2023-05-19 18:25:23,927 INFO org.apache.juli.logging.DirectJDKLog [main] Starting Servlet engine: [Apache Tomcat/9.0.68]
2023-05-19 18:25:24,271 INFO org.apache.juli.logging.DirectJDKLog [main] Initializing Spring embedded WebApplicationContext
2023-05-19 18:25:24,271 INFO org.springframework.boot.web.servlet.context.ServletWebServerApplicationContext [main] Root WebApplicationContext: initialization completed in 3464 ms
2023-05-19 18:25:25,281 INFO com.zaxxer.hikari.HikariDataSource [main] HikariPool-1 - Starting...
2023-05-19 18:25:25,287 WARN com.zaxxer.hikari.util.DriverDataSource [main] Registered driver with driverClassName=oracle.jdbc.driver.OracleDriver was not found, trying direct instantiation.
2023-05-19 18:25:25,963 INFO com.zaxxer.hikari.HikariDataSource [main] HikariPool-1 - Start completed.
2023-05-19 18:25:27,811 INFO org.springframework.orm.jpa.AbstractEntityManagerFactoryBean [main] Initialized JPA EntityManagerFactory for persistence unit 'default'
2023-05-19 18:25:28,595 WARN org.springframework.boot.autoconfigure.orm.jpa.JpaBaseConfiguration$JpaWebConfiguration [main] spring.jpa.open-in-view is enabled by default. Therefore, database queries may be performed during view rendering. Explicitly configure spring.jpa.open-in-view to disable this warning
2023-05-19 18:25:28,750 DEBUG org.springframework.web.servlet.handler.AbstractHandlerMethodMapping [main] 12 mappings in 'requestMappingHandlerMapping'
2023-05-19 18:25:29,056 DEBUG org.springframework.web.servlet.mvc.method.annotation.RequestMappingHandlerAdapter [main] ControllerAdvice beans: 0 @ModelAttribute, 0 @InitBinder, 1 RequestBodyAdvice, 1 ResponseBodyAdvice
2023-05-19 18:25:29,133 DEBUG org.springframework.web.servlet.handler.SimpleUrlHandlerMapping [main] Patterns [/swagger-ui/] in 'viewControllerHandlerMapping'
2023-05-19 18:25:29,165 DEBUG org.springframework.web.servlet.handler.SimpleUrlHandlerMapping [main] Patterns [/webjars/**, /**, /swagger-ui/**] in 'resourceHandlerMapping'
2023-05-19 18:25:29,175 DEBUG org.springframework.web.servlet.mvc.method.annotation.ExceptionHandlerExceptionResolver [main] ControllerAdvice beans: 0 @ExceptionHandler, 1 ResponseBodyAdvice
2023-05-19 18:25:29,338 INFO org.apache.juli.logging.DirectJDKLog [main] Starting ProtocolHandler ["http-nio-8082"]
2023-05-19 18:25:29,363 INFO org.springframework.boot.web.embedded.tomcat.TomcatWebServer [main] Tomcat started on port(s): 8082 (http) with context path ''
2023-05-19 18:25:29,753 INFO org.springframework.boot.StartupInfoLogger [main] Started PFEApplication in 10.96 seconds (JVM running for 12.262)
2023-05-19 18:25:29,760 INFO ma.pfe.PFEApplication [main] Access URLs:
----------------------------------------------------------
	Local: 		http://127.0.0.1:8082/swagger-ui/#/
	External: 	http://192.168.1.7:8082/swagger-ui/#/
----------------------------------------------------------
2023-05-19 18:25:34,246 INFO org.apache.juli.logging.DirectJDKLog [http-nio-8082-exec-1] Initializing Spring DispatcherServlet 'dispatcherServlet'
2023-05-19 18:25:34,248 INFO org.springframework.web.servlet.FrameworkServlet [http-nio-8082-exec-1] Initializing Servlet 'dispatcherServlet'
2023-05-19 18:25:34,248 DEBUG org.springframework.web.servlet.DispatcherServlet [http-nio-8082-exec-1] Detected StandardServletMultipartResolver
2023-05-19 18:25:34,249 DEBUG org.springframework.web.servlet.DispatcherServlet [http-nio-8082-exec-1] Detected AcceptHeaderLocaleResolver
2023-05-19 18:25:34,249 DEBUG org.springframework.web.servlet.DispatcherServlet [http-nio-8082-exec-1] Detected FixedThemeResolver
2023-05-19 18:25:34,250 DEBUG org.springframework.web.servlet.DispatcherServlet [http-nio-8082-exec-1] Detected org.springframework.web.servlet.view.DefaultRequestToViewNameTranslator@70bc3a9c
2023-05-19 18:25:34,250 DEBUG org.springframework.web.servlet.DispatcherServlet [http-nio-8082-exec-1] Detected org.springframework.web.servlet.support.SessionFlashMapManager@1031c1a0
2023-05-19 18:25:34,250 DEBUG org.springframework.web.servlet.FrameworkServlet [http-nio-8082-exec-1] enableLoggingRequestDetails='false': request parameters and headers will be masked to prevent unsafe logging of potentially sensitive data
2023-05-19 18:25:34,250 INFO org.springframework.web.servlet.FrameworkServlet [http-nio-8082-exec-1] Completed initialization in 2 ms
2023-05-19 18:25:34,268 DEBUG org.springframework.core.log.LogFormatUtils [http-nio-8082-exec-1] GET "/swagger-resources/configuration/ui", parameters={}
2023-05-19 18:25:34,273 DEBUG org.springframework.web.servlet.handler.AbstractHandlerMapping [http-nio-8082-exec-1] Mapped to springfox.documentation.swagger.web.ApiResourceController#uiConfiguration()
2023-05-19 18:25:34,299 DEBUG org.springframework.web.servlet.mvc.method.annotation.AbstractMessageConverterMethodProcessor [http-nio-8082-exec-1] Using 'application/json', given [application/json] and supported [application/json]
2023-05-19 18:25:34,340 DEBUG org.springframework.core.log.LogFormatUtils [http-nio-8082-exec-1] Writing [springfox.documentation.swagger.web.UiConfiguration@759a2812]
2023-05-19 18:25:34,372 DEBUG org.springframework.web.servlet.FrameworkServlet [http-nio-8082-exec-1] Completed 200 OK
2023-05-19 18:25:34,378 DEBUG org.springframework.core.log.LogFormatUtils [http-nio-8082-exec-2] GET "/swagger-resources/configuration/security", parameters={}
2023-05-19 18:25:34,380 DEBUG org.springframework.web.servlet.handler.AbstractHandlerMapping [http-nio-8082-exec-2] Mapped to springfox.documentation.swagger.web.ApiResourceController#securityConfiguration()
2023-05-19 18:25:34,382 DEBUG org.springframework.web.servlet.mvc.method.annotation.AbstractMessageConverterMethodProcessor [http-nio-8082-exec-2] Using 'application/json', given [application/json] and supported [application/json]
2023-05-19 18:25:34,387 DEBUG org.springframework.core.log.LogFormatUtils [http-nio-8082-exec-2] Writing [springfox.documentation.swagger.web.SecurityConfiguration@1987872d]
2023-05-19 18:25:34,388 DEBUG org.springframework.web.servlet.FrameworkServlet [http-nio-8082-exec-2] Completed 200 OK
2023-05-19 18:25:34,392 DEBUG org.springframework.core.log.LogFormatUtils [http-nio-8082-exec-3] GET "/swagger-resources", parameters={}
2023-05-19 18:25:34,394 DEBUG org.springframework.web.servlet.handler.AbstractHandlerMapping [http-nio-8082-exec-3] Mapped to springfox.documentation.swagger.web.ApiResourceController#swaggerResources()
2023-05-19 18:25:34,396 DEBUG org.springframework.web.servlet.mvc.method.annotation.AbstractMessageConverterMethodProcessor [http-nio-8082-exec-3] Using 'application/json', given [application/json] and supported [application/json]
2023-05-19 18:25:34,398 DEBUG org.springframework.core.log.LogFormatUtils [http-nio-8082-exec-3] Writing [[springfox.documentation.swagger.web.SwaggerResource@5195c20b]]
2023-05-19 18:25:34,401 DEBUG org.springframework.web.servlet.FrameworkServlet [http-nio-8082-exec-3] Completed 200 OK
2023-05-19 18:25:34,432 DEBUG org.springframework.core.log.LogFormatUtils [http-nio-8082-exec-4] GET "/v2/api-docs", parameters={}
2023-05-19 18:25:34,433 DEBUG org.springframework.web.servlet.handler.AbstractHandlerMapping [http-nio-8082-exec-4] Mapped to springfox.documentation.swagger2.web.Swagger2ControllerWebMvc#getDocumentation(String, HttpServletRequest)
2023-05-19 18:25:34,607 DEBUG org.springframework.web.servlet.mvc.method.annotation.AbstractMessageConverterMethodProcessor [http-nio-8082-exec-4] Using 'application/json', given [application/json, */*] and supported [application/json, application/hal+json]
2023-05-19 18:25:34,610 DEBUG org.springframework.core.log.LogFormatUtils [http-nio-8082-exec-4] Writing [springfox.documentation.spring.web.json.Json@76b00bbc]
2023-05-19 18:25:34,613 DEBUG org.springframework.web.servlet.FrameworkServlet [http-nio-8082-exec-4] Completed 200 OK
2023-05-19 18:26:42,366 DEBUG org.springframework.core.log.LogFormatUtils [http-nio-8082-exec-7] GET "/swagger-ui/", parameters={}
2023-05-19 18:26:42,371 DEBUG org.springframework.web.servlet.handler.AbstractHandlerMapping [http-nio-8082-exec-7] Mapped to ParameterizableViewController [view="forward:/swagger-ui/index.html"]
2023-05-19 18:26:42,381 DEBUG org.springframework.web.servlet.view.ContentNegotiatingViewResolver [http-nio-8082-exec-7] Selected 'text/html' given [text/html, application/xhtml+xml, image/avif, image/webp, image/apng, application/xml;q=0.9, application/signed-exchange;v=b3;q=0.9, */*;q=0.8]
2023-05-19 18:26:42,382 DEBUG org.springframework.web.servlet.view.AbstractView [http-nio-8082-exec-7] View name 'forward:', model {}
2023-05-19 18:26:42,385 DEBUG org.springframework.web.servlet.view.InternalResourceView [http-nio-8082-exec-7] Forwarding to [/swagger-ui/index.html]
2023-05-19 18:26:42,391 DEBUG org.springframework.core.log.LogFormatUtils [http-nio-8082-exec-7] "FORWARD" dispatch for GET "/swagger-ui/index.html", parameters={}
2023-05-19 18:26:42,394 DEBUG org.springframework.web.servlet.handler.AbstractHandlerMapping [http-nio-8082-exec-7] Mapped to ResourceHttpRequestHandler [classpath [META-INF/resources/webjars/springfox-swagger-ui/]]
2023-05-19 18:26:42,404 DEBUG org.springframework.web.servlet.FrameworkServlet [http-nio-8082-exec-7] Exiting from "FORWARD" dispatch, status 304
2023-05-19 18:26:42,405 DEBUG org.springframework.web.servlet.FrameworkServlet [http-nio-8082-exec-7] Completed 304 NOT_MODIFIED
2023-05-19 18:26:42,532 DEBUG org.springframework.core.log.LogFormatUtils [http-nio-8082-exec-8] GET "/swagger-resources/configuration/ui", parameters={}
2023-05-19 18:26:42,534 DEBUG org.springframework.web.servlet.handler.AbstractHandlerMapping [http-nio-8082-exec-8] Mapped to springfox.documentation.swagger.web.ApiResourceController#uiConfiguration()
2023-05-19 18:26:42,535 DEBUG org.springframework.web.servlet.mvc.method.annotation.AbstractMessageConverterMethodProcessor [http-nio-8082-exec-8] Using 'application/json', given [application/json] and supported [application/json]
2023-05-19 18:26:42,536 DEBUG org.springframework.core.log.LogFormatUtils [http-nio-8082-exec-8] Writing [springfox.documentation.swagger.web.UiConfiguration@759a2812]
2023-05-19 18:26:42,539 DEBUG org.springframework.web.servlet.FrameworkServlet [http-nio-8082-exec-8] Completed 200 OK
2023-05-19 18:26:42,546 DEBUG org.springframework.core.log.LogFormatUtils [http-nio-8082-exec-9] GET "/swagger-resources/configuration/security", parameters={}
2023-05-19 18:26:42,547 DEBUG org.springframework.web.servlet.handler.AbstractHandlerMapping [http-nio-8082-exec-9] Mapped to springfox.documentation.swagger.web.ApiResourceController#securityConfiguration()
2023-05-19 18:26:42,549 DEBUG org.springframework.web.servlet.mvc.method.annotation.AbstractMessageConverterMethodProcessor [http-nio-8082-exec-9] Using 'application/json', given [application/json] and supported [application/json]
2023-05-19 18:26:42,550 DEBUG org.springframework.core.log.LogFormatUtils [http-nio-8082-exec-9] Writing [springfox.documentation.swagger.web.SecurityConfiguration@1987872d]
2023-05-19 18:26:42,551 DEBUG org.springframework.web.servlet.FrameworkServlet [http-nio-8082-exec-9] Completed 200 OK
2023-05-19 18:26:42,555 DEBUG org.springframework.core.log.LogFormatUtils [http-nio-8082-exec-10] GET "/swagger-resources", parameters={}
2023-05-19 18:26:42,556 DEBUG org.springframework.web.servlet.handler.AbstractHandlerMapping [http-nio-8082-exec-10] Mapped to springfox.documentation.swagger.web.ApiResourceController#swaggerResources()
2023-05-19 18:26:42,556 DEBUG org.springframework.web.servlet.mvc.method.annotation.AbstractMessageConverterMethodProcessor [http-nio-8082-exec-10] Using 'application/json', given [application/json] and supported [application/json]
2023-05-19 18:26:42,557 DEBUG org.springframework.core.log.LogFormatUtils [http-nio-8082-exec-10] Writing [[springfox.documentation.swagger.web.SwaggerResource@708e7843]]
2023-05-19 18:26:42,558 DEBUG org.springframework.web.servlet.FrameworkServlet [http-nio-8082-exec-10] Completed 200 OK
2023-05-19 18:26:42,598 DEBUG org.springframework.core.log.LogFormatUtils [http-nio-8082-exec-1] GET "/v2/api-docs", parameters={}
2023-05-19 18:26:42,599 DEBUG org.springframework.web.servlet.handler.AbstractHandlerMapping [http-nio-8082-exec-1] Mapped to springfox.documentation.swagger2.web.Swagger2ControllerWebMvc#getDocumentation(String, HttpServletRequest)
2023-05-19 18:26:42,622 DEBUG org.springframework.web.servlet.mvc.method.annotation.AbstractMessageConverterMethodProcessor [http-nio-8082-exec-1] Using 'application/json', given [application/json, */*] and supported [application/json, application/hal+json]
2023-05-19 18:26:42,623 DEBUG org.springframework.core.log.LogFormatUtils [http-nio-8082-exec-1] Writing [springfox.documentation.spring.web.json.Json@f185681]
2023-05-19 18:26:42,624 DEBUG org.springframework.web.servlet.FrameworkServlet [http-nio-8082-exec-1] Completed 200 OK
2023-05-19 18:27:54,817 DEBUG org.springframework.core.log.LogFormatUtils [http-nio-8082-exec-4] GET "/Student/10/C100", parameters={}
2023-05-19 18:27:54,821 DEBUG org.springframework.web.servlet.handler.AbstractHandlerMapping [http-nio-8082-exec-4] Mapped to ma.pfe.controllers.StudentController#selectById(long, String)
2023-05-19 18:27:54,844 DEBUG ma.pfe.controllers.StudentController [http-nio-8082-exec-4] start method select by id 10 , code C100
2023-05-19 18:27:55,011 DEBUG org.springframework.web.servlet.mvc.method.annotation.AbstractMessageConverterMethodProcessor [http-nio-8082-exec-4] Using 'application/json', given [*/*] and supported [application/json, application/*+json, application/json, application/*+json]
2023-05-19 18:27:55,011 DEBUG org.springframework.web.servlet.mvc.method.annotation.AbstractMessageConverterMethodProcessor [http-nio-8082-exec-4] Nothing to write: null body
2023-05-19 18:27:55,012 DEBUG org.springframework.web.servlet.FrameworkServlet [http-nio-8082-exec-4] Completed 200 OK
2023-05-19 18:28:07,973 INFO org.springframework.orm.jpa.AbstractEntityManagerFactoryBean [SpringApplicationShutdownHook] Closing JPA EntityManagerFactory for persistence unit 'default'
2023-05-19 18:28:07,984 INFO com.zaxxer.hikari.HikariDataSource [SpringApplicationShutdownHook] HikariPool-1 - Shutdown initiated...
2023-05-19 18:28:08,027 INFO com.zaxxer.hikari.HikariDataSource [SpringApplicationShutdownHook] HikariPool-1 - Shutdown completed.
2023-05-19 18:28:57,059 INFO org.springframework.boot.StartupInfoLogger [main] Starting PFEApplication using Java 1.8.0_191 on LAPTOP-24AABF17 with PID 30632 (C:\Users\zineb kourifa\OneDrive\Documents\Bureau\TPs_JAVA\PFEProject\target\classes started by zineb kourifa in C:\Users\zineb kourifa\OneDrive\Documents\Bureau\TPs_JAVA\PFEProject)
2023-05-19 18:28:57,062 DEBUG org.springframework.boot.StartupInfoLogger [main] Running with Spring Boot v2.7.5, Spring v5.3.23
2023-05-19 18:28:57,062 INFO org.springframework.boot.SpringApplication [main] The following 1 profile is active: "dev"
2023-05-19 18:28:58,024 INFO org.springframework.data.repository.config.RepositoryConfigurationDelegate [main] Bootstrapping Spring Data JPA repositories in DEFAULT mode.
2023-05-19 18:28:58,088 INFO org.springframework.data.repository.config.RepositoryConfigurationDelegate [main] Finished Spring Data repository scanning in 50 ms. Found 1 JPA repository interfaces.
2023-05-19 18:28:58,955 INFO org.springframework.boot.web.embedded.tomcat.TomcatWebServer [main] Tomcat initialized with port(s): 8082 (http)
2023-05-19 18:28:58,968 INFO org.apache.juli.logging.DirectJDKLog [main] Initializing ProtocolHandler ["http-nio-8082"]
2023-05-19 18:28:58,969 INFO org.apache.juli.logging.DirectJDKLog [main] Starting service [Tomcat]
2023-05-19 18:28:58,969 INFO org.apache.juli.logging.DirectJDKLog [main] Starting Servlet engine: [Apache Tomcat/9.0.68]
2023-05-19 18:28:59,260 INFO org.apache.juli.logging.DirectJDKLog [main] Initializing Spring embedded WebApplicationContext
2023-05-19 18:28:59,260 INFO org.springframework.boot.web.servlet.context.ServletWebServerApplicationContext [main] Root WebApplicationContext: initialization completed in 2150 ms
2023-05-19 18:29:00,056 INFO com.zaxxer.hikari.HikariDataSource [main] HikariPool-1 - Starting...
2023-05-19 18:29:00,060 WARN com.zaxxer.hikari.util.DriverDataSource [main] Registered driver with driverClassName=oracle.jdbc.driver.OracleDriver was not found, trying direct instantiation.
2023-05-19 18:29:00,561 INFO com.zaxxer.hikari.HikariDataSource [main] HikariPool-1 - Start completed.
2023-05-19 18:29:01,967 INFO org.springframework.orm.jpa.AbstractEntityManagerFactoryBean [main] Initialized JPA EntityManagerFactory for persistence unit 'default'
2023-05-19 18:29:02,566 WARN org.springframework.boot.autoconfigure.orm.jpa.JpaBaseConfiguration$JpaWebConfiguration [main] spring.jpa.open-in-view is enabled by default. Therefore, database queries may be performed during view rendering. Explicitly configure spring.jpa.open-in-view to disable this warning
2023-05-19 18:29:02,679 DEBUG org.springframework.web.servlet.handler.AbstractHandlerMethodMapping [main] 12 mappings in 'requestMappingHandlerMapping'
2023-05-19 18:29:02,874 DEBUG org.springframework.web.servlet.mvc.method.annotation.RequestMappingHandlerAdapter [main] ControllerAdvice beans: 0 @ModelAttribute, 0 @InitBinder, 1 RequestBodyAdvice, 1 ResponseBodyAdvice
2023-05-19 18:29:02,920 DEBUG org.springframework.web.servlet.handler.SimpleUrlHandlerMapping [main] Patterns [/swagger-ui/] in 'viewControllerHandlerMapping'
2023-05-19 18:29:02,940 DEBUG org.springframework.web.servlet.handler.SimpleUrlHandlerMapping [main] Patterns [/webjars/**, /**, /swagger-ui/**] in 'resourceHandlerMapping'
2023-05-19 18:29:02,946 DEBUG org.springframework.web.servlet.mvc.method.annotation.ExceptionHandlerExceptionResolver [main] ControllerAdvice beans: 0 @ExceptionHandler, 1 ResponseBodyAdvice
2023-05-19 18:29:03,036 INFO org.apache.juli.logging.DirectJDKLog [main] Starting ProtocolHandler ["http-nio-8082"]
2023-05-19 18:29:03,059 INFO org.springframework.boot.web.embedded.tomcat.TomcatWebServer [main] Tomcat started on port(s): 8082 (http) with context path ''
2023-05-19 18:29:03,381 INFO org.springframework.boot.StartupInfoLogger [main] Started PFEApplication in 6.945 seconds (JVM running for 7.737)
2023-05-19 18:29:03,385 INFO ma.pfe.PFEApplication [main] Access URLs:
----------------------------------------------------------
	Local: 		http://127.0.0.1:8082/swagger-ui/#/
	External: 	http://192.168.1.7:8082/swagger-ui/#/
----------------------------------------------------------
2023-05-19 18:29:06,440 INFO org.apache.juli.logging.DirectJDKLog [http-nio-8082-exec-2] Initializing Spring DispatcherServlet 'dispatcherServlet'
2023-05-19 18:29:06,441 INFO org.springframework.web.servlet.FrameworkServlet [http-nio-8082-exec-2] Initializing Servlet 'dispatcherServlet'
2023-05-19 18:29:06,441 DEBUG org.springframework.web.servlet.DispatcherServlet [http-nio-8082-exec-2] Detected StandardServletMultipartResolver
2023-05-19 18:29:06,442 DEBUG org.springframework.web.servlet.DispatcherServlet [http-nio-8082-exec-2] Detected AcceptHeaderLocaleResolver
2023-05-19 18:29:06,442 DEBUG org.springframework.web.servlet.DispatcherServlet [http-nio-8082-exec-2] Detected FixedThemeResolver
2023-05-19 18:29:06,443 DEBUG org.springframework.web.servlet.DispatcherServlet [http-nio-8082-exec-2] Detected org.springframework.web.servlet.view.DefaultRequestToViewNameTranslator@70bc3a9c
2023-05-19 18:29:06,444 DEBUG org.springframework.web.servlet.DispatcherServlet [http-nio-8082-exec-2] Detected org.springframework.web.servlet.support.SessionFlashMapManager@1031c1a0
2023-05-19 18:29:06,444 DEBUG org.springframework.web.servlet.FrameworkServlet [http-nio-8082-exec-2] enableLoggingRequestDetails='false': request parameters and headers will be masked to prevent unsafe logging of potentially sensitive data
2023-05-19 18:29:06,444 INFO org.springframework.web.servlet.FrameworkServlet [http-nio-8082-exec-2] Completed initialization in 3 ms
2023-05-19 18:29:06,459 DEBUG org.springframework.core.log.LogFormatUtils [http-nio-8082-exec-2] GET "/swagger-resources/configuration/ui", parameters={}
2023-05-19 18:29:06,468 DEBUG org.springframework.web.servlet.handler.AbstractHandlerMapping [http-nio-8082-exec-2] Mapped to springfox.documentation.swagger.web.ApiResourceController#uiConfiguration()
2023-05-19 18:29:06,493 DEBUG org.springframework.web.servlet.mvc.method.annotation.AbstractMessageConverterMethodProcessor [http-nio-8082-exec-2] Using 'application/json', given [application/json] and supported [application/json]
2023-05-19 18:29:06,523 DEBUG org.springframework.core.log.LogFormatUtils [http-nio-8082-exec-2] Writing [springfox.documentation.swagger.web.UiConfiguration@6d06d10a]
2023-05-19 18:29:06,545 DEBUG org.springframework.web.servlet.FrameworkServlet [http-nio-8082-exec-2] Completed 200 OK
2023-05-19 18:29:06,552 DEBUG org.springframework.core.log.LogFormatUtils [http-nio-8082-exec-3] GET "/swagger-resources/configuration/security", parameters={}
2023-05-19 18:29:06,553 DEBUG org.springframework.web.servlet.handler.AbstractHandlerMapping [http-nio-8082-exec-3] Mapped to springfox.documentation.swagger.web.ApiResourceController#securityConfiguration()
2023-05-19 18:29:06,554 DEBUG org.springframework.web.servlet.mvc.method.annotation.AbstractMessageConverterMethodProcessor [http-nio-8082-exec-3] Using 'application/json', given [application/json] and supported [application/json]
2023-05-19 18:29:06,557 DEBUG org.springframework.core.log.LogFormatUtils [http-nio-8082-exec-3] Writing [springfox.documentation.swagger.web.SecurityConfiguration@506e4ae4]
2023-05-19 18:29:06,558 DEBUG org.springframework.web.servlet.FrameworkServlet [http-nio-8082-exec-3] Completed 200 OK
2023-05-19 18:29:06,562 DEBUG org.springframework.core.log.LogFormatUtils [http-nio-8082-exec-1] GET "/swagger-resources", parameters={}
2023-05-19 18:29:06,563 DEBUG org.springframework.web.servlet.handler.AbstractHandlerMapping [http-nio-8082-exec-1] Mapped to springfox.documentation.swagger.web.ApiResourceController#swaggerResources()
2023-05-19 18:29:06,564 DEBUG org.springframework.web.servlet.mvc.method.annotation.AbstractMessageConverterMethodProcessor [http-nio-8082-exec-1] Using 'application/json', given [application/json] and supported [application/json]
2023-05-19 18:29:06,565 DEBUG org.springframework.core.log.LogFormatUtils [http-nio-8082-exec-1] Writing [[springfox.documentation.swagger.web.SwaggerResource@68637a8a]]
2023-05-19 18:29:06,570 DEBUG org.springframework.web.servlet.FrameworkServlet [http-nio-8082-exec-1] Completed 200 OK
2023-05-19 18:29:06,597 DEBUG org.springframework.core.log.LogFormatUtils [http-nio-8082-exec-4] GET "/v2/api-docs", parameters={}
2023-05-19 18:29:06,598 DEBUG org.springframework.web.servlet.handler.AbstractHandlerMapping [http-nio-8082-exec-4] Mapped to springfox.documentation.swagger2.web.Swagger2ControllerWebMvc#getDocumentation(String, HttpServletRequest)
2023-05-19 18:29:06,734 DEBUG org.springframework.web.servlet.mvc.method.annotation.AbstractMessageConverterMethodProcessor [http-nio-8082-exec-4] Using 'application/json', given [application/json, */*] and supported [application/json, application/hal+json]
2023-05-19 18:29:06,738 DEBUG org.springframework.core.log.LogFormatUtils [http-nio-8082-exec-4] Writing [springfox.documentation.spring.web.json.Json@6dad62af]
2023-05-19 18:29:06,739 DEBUG org.springframework.web.servlet.FrameworkServlet [http-nio-8082-exec-4] Completed 200 OK
2023-05-19 18:29:48,439 DEBUG org.springframework.core.log.LogFormatUtils [http-nio-8082-exec-7] GET "/swagger-resources/configuration/ui", parameters={}
2023-05-19 18:29:48,440 DEBUG org.springframework.web.servlet.handler.AbstractHandlerMapping [http-nio-8082-exec-7] Mapped to springfox.documentation.swagger.web.ApiResourceController#uiConfiguration()
2023-05-19 18:29:48,441 DEBUG org.springframework.web.servlet.mvc.method.annotation.AbstractMessageConverterMethodProcessor [http-nio-8082-exec-7] Using 'application/json', given [application/json] and supported [application/json]
2023-05-19 18:29:48,442 DEBUG org.springframework.core.log.LogFormatUtils [http-nio-8082-exec-7] Writing [springfox.documentation.swagger.web.UiConfiguration@6d06d10a]
2023-05-19 18:29:48,442 DEBUG org.springframework.web.servlet.FrameworkServlet [http-nio-8082-exec-7] Completed 200 OK
2023-05-19 18:29:48,452 DEBUG org.springframework.core.log.LogFormatUtils [http-nio-8082-exec-8] GET "/swagger-resources/configuration/security", parameters={}
2023-05-19 18:29:48,453 DEBUG org.springframework.web.servlet.handler.AbstractHandlerMapping [http-nio-8082-exec-8] Mapped to springfox.documentation.swagger.web.ApiResourceController#securityConfiguration()
2023-05-19 18:29:48,453 DEBUG org.springframework.web.servlet.mvc.method.annotation.AbstractMessageConverterMethodProcessor [http-nio-8082-exec-8] Using 'application/json', given [application/json] and supported [application/json]
2023-05-19 18:29:48,455 DEBUG org.springframework.core.log.LogFormatUtils [http-nio-8082-exec-8] Writing [springfox.documentation.swagger.web.SecurityConfiguration@506e4ae4]
2023-05-19 18:29:48,455 DEBUG org.springframework.web.servlet.FrameworkServlet [http-nio-8082-exec-8] Completed 200 OK
2023-05-19 18:29:48,459 DEBUG org.springframework.core.log.LogFormatUtils [http-nio-8082-exec-9] GET "/swagger-resources", parameters={}
2023-05-19 18:29:48,460 DEBUG org.springframework.web.servlet.handler.AbstractHandlerMapping [http-nio-8082-exec-9] Mapped to springfox.documentation.swagger.web.ApiResourceController#swaggerResources()
2023-05-19 18:29:48,460 DEBUG org.springframework.web.servlet.mvc.method.annotation.AbstractMessageConverterMethodProcessor [http-nio-8082-exec-9] Using 'application/json', given [application/json] and supported [application/json]
2023-05-19 18:29:48,461 DEBUG org.springframework.core.log.LogFormatUtils [http-nio-8082-exec-9] Writing [[springfox.documentation.swagger.web.SwaggerResource@4ad8b8b1]]
2023-05-19 18:29:48,461 DEBUG org.springframework.web.servlet.FrameworkServlet [http-nio-8082-exec-9] Completed 200 OK
2023-05-19 18:29:48,486 DEBUG org.springframework.core.log.LogFormatUtils [http-nio-8082-exec-10] GET "/v2/api-docs", parameters={}
2023-05-19 18:29:48,487 DEBUG org.springframework.web.servlet.handler.AbstractHandlerMapping [http-nio-8082-exec-10] Mapped to springfox.documentation.swagger2.web.Swagger2ControllerWebMvc#getDocumentation(String, HttpServletRequest)
2023-05-19 18:29:48,499 DEBUG org.springframework.web.servlet.mvc.method.annotation.AbstractMessageConverterMethodProcessor [http-nio-8082-exec-10] Using 'application/json', given [application/json, */*] and supported [application/json, application/hal+json]
2023-05-19 18:29:48,500 DEBUG org.springframework.core.log.LogFormatUtils [http-nio-8082-exec-10] Writing [springfox.documentation.spring.web.json.Json@7d934661]
2023-05-19 18:29:48,502 DEBUG org.springframework.web.servlet.FrameworkServlet [http-nio-8082-exec-10] Completed 200 OK
2023-05-19 18:30:44,175 DEBUG org.springframework.core.log.LogFormatUtils [http-nio-8082-exec-1] POST "/Student/save", parameters={}
2023-05-19 18:30:44,175 DEBUG org.springframework.web.servlet.handler.AbstractHandlerMapping [http-nio-8082-exec-1] Mapped to ma.pfe.controllers.StudentController#save(StudentDto)
2023-05-19 18:30:44,240 DEBUG org.springframework.core.log.LogFormatUtils [http-nio-8082-exec-1] Read "application/json;charset=UTF-8" to [StudentDto{idStudent=StudentIdDto{id=10, code='C100'}, name='zineb', adresse=AdresseDto{rue='12B', a (truncated)...]
2023-05-19 18:30:44,242 DEBUG ma.pfe.controllers.StudentController [http-nio-8082-exec-1] start method save dto : StudentDto{idStudent=StudentIdDto{id=10, code='C100'}, name='zineb', adresse=AdresseDto{rue='12B', avenue='aez', number='10'}, courses=[CourseDto{id=1, nom='Angular'}]}
2023-05-19 18:30:44,243 DEBUG ma.pfe.services.StudentServiceImpl [http-nio-8082-exec-1] start method save dto : StudentDto{idStudent=StudentIdDto{id=10, code='C100'}, name='zineb', adresse=AdresseDto{rue='12B', avenue='aez', number='10'}, courses=[CourseDto{id=1, nom='Angular'}]}
2023-05-19 18:30:44,243 DEBUG ma.pfe.services.StudentServiceImpl [http-nio-8082-exec-1] mapping dto to entity : StudentEntity{idStudent=StudentId{id=10, code='C100'}, name='zineb', courses=[CourseEntity{id=1, nom='null'}], adresse=Adresse{rue='12B', avenue='aez', number='10'}}
2023-05-19 18:30:44,490 DEBUG org.springframework.web.servlet.mvc.method.annotation.AbstractMessageConverterMethodProcessor [http-nio-8082-exec-1] Using 'application/json', given [*/*] and supported [application/json, application/*+json, application/json, application/*+json]
2023-05-19 18:30:44,490 DEBUG org.springframework.core.log.LogFormatUtils [http-nio-8082-exec-1] Writing [10]
2023-05-19 18:30:44,491 DEBUG org.springframework.web.servlet.FrameworkServlet [http-nio-8082-exec-1] Completed 200 OK
2023-05-19 18:31:01,643 DEBUG org.springframework.core.log.LogFormatUtils [http-nio-8082-exec-5] GET "/Student/10/C100", parameters={}
2023-05-19 18:31:01,644 DEBUG org.springframework.web.servlet.handler.AbstractHandlerMapping [http-nio-8082-exec-5] Mapped to ma.pfe.controllers.StudentController#selectById(long, String)
2023-05-19 18:31:01,652 DEBUG ma.pfe.controllers.StudentController [http-nio-8082-exec-5] start method select by id 10 , code C100
2023-05-19 18:31:01,688 DEBUG org.springframework.web.servlet.mvc.method.annotation.AbstractMessageConverterMethodProcessor [http-nio-8082-exec-5] Using 'application/json', given [*/*] and supported [application/json, application/*+json, application/json, application/*+json]
2023-05-19 18:31:01,688 DEBUG org.springframework.core.log.LogFormatUtils [http-nio-8082-exec-5] Writing [StudentDto{idStudent=StudentIdDto{id=10, code='C100'}, name='zineb', adresse=AdresseDto{rue='12B', a (truncated)...]
2023-05-19 18:31:01,690 DEBUG org.springframework.web.servlet.FrameworkServlet [http-nio-8082-exec-5] Completed 200 OK
2023-05-19 18:32:40,374 INFO org.springframework.orm.jpa.AbstractEntityManagerFactoryBean [SpringApplicationShutdownHook] Closing JPA EntityManagerFactory for persistence unit 'default'
2023-05-19 18:32:40,430 INFO com.zaxxer.hikari.HikariDataSource [SpringApplicationShutdownHook] HikariPool-1 - Shutdown initiated...
2023-05-19 18:32:40,582 INFO com.zaxxer.hikari.HikariDataSource [SpringApplicationShutdownHook] HikariPool-1 - Shutdown completed.
2023-05-19 18:32:46,466 INFO org.springframework.boot.StartupInfoLogger [main] Starting PFEApplication using Java 1.8.0_191 on LAPTOP-24AABF17 with PID 6276 (C:\Users\zineb kourifa\OneDrive\Documents\Bureau\TPs_JAVA\PFEProject\target\classes started by zineb kourifa in C:\Users\zineb kourifa\OneDrive\Documents\Bureau\TPs_JAVA\PFEProject)
2023-05-19 18:32:46,469 DEBUG org.springframework.boot.StartupInfoLogger [main] Running with Spring Boot v2.7.5, Spring v5.3.23
2023-05-19 18:32:46,470 INFO org.springframework.boot.SpringApplication [main] The following 1 profile is active: "dev"
2023-05-19 18:32:47,608 INFO org.springframework.data.repository.config.RepositoryConfigurationDelegate [main] Bootstrapping Spring Data JPA repositories in DEFAULT mode.
2023-05-19 18:32:47,667 INFO org.springframework.data.repository.config.RepositoryConfigurationDelegate [main] Finished Spring Data repository scanning in 49 ms. Found 1 JPA repository interfaces.
2023-05-19 18:32:48,529 INFO org.springframework.boot.web.embedded.tomcat.TomcatWebServer [main] Tomcat initialized with port(s): 8082 (http)
2023-05-19 18:32:48,540 INFO org.apache.juli.logging.DirectJDKLog [main] Initializing ProtocolHandler ["http-nio-8082"]
2023-05-19 18:32:48,541 INFO org.apache.juli.logging.DirectJDKLog [main] Starting service [Tomcat]
2023-05-19 18:32:48,541 INFO org.apache.juli.logging.DirectJDKLog [main] Starting Servlet engine: [Apache Tomcat/9.0.68]
2023-05-19 18:32:48,775 INFO org.apache.juli.logging.DirectJDKLog [main] Initializing Spring embedded WebApplicationContext
2023-05-19 18:32:48,775 INFO org.springframework.boot.web.servlet.context.ServletWebServerApplicationContext [main] Root WebApplicationContext: initialization completed in 2252 ms
2023-05-19 18:32:49,497 INFO com.zaxxer.hikari.HikariDataSource [main] HikariPool-1 - Starting...
2023-05-19 18:32:49,501 WARN com.zaxxer.hikari.util.DriverDataSource [main] Registered driver with driverClassName=oracle.jdbc.driver.OracleDriver was not found, trying direct instantiation.
2023-05-19 18:32:50,199 INFO com.zaxxer.hikari.HikariDataSource [main] HikariPool-1 - Start completed.
2023-05-19 18:32:51,613 INFO org.springframework.orm.jpa.AbstractEntityManagerFactoryBean [main] Initialized JPA EntityManagerFactory for persistence unit 'default'
2023-05-19 18:32:52,173 WARN org.springframework.boot.autoconfigure.orm.jpa.JpaBaseConfiguration$JpaWebConfiguration [main] spring.jpa.open-in-view is enabled by default. Therefore, database queries may be performed during view rendering. Explicitly configure spring.jpa.open-in-view to disable this warning
2023-05-19 18:32:52,272 DEBUG org.springframework.web.servlet.handler.AbstractHandlerMethodMapping [main] 12 mappings in 'requestMappingHandlerMapping'
2023-05-19 18:32:52,509 DEBUG org.springframework.web.servlet.mvc.method.annotation.RequestMappingHandlerAdapter [main] ControllerAdvice beans: 0 @ModelAttribute, 0 @InitBinder, 1 RequestBodyAdvice, 1 ResponseBodyAdvice
2023-05-19 18:32:52,563 DEBUG org.springframework.web.servlet.handler.SimpleUrlHandlerMapping [main] Patterns [/swagger-ui/] in 'viewControllerHandlerMapping'
2023-05-19 18:32:52,583 DEBUG org.springframework.web.servlet.handler.SimpleUrlHandlerMapping [main] Patterns [/webjars/**, /**, /swagger-ui/**] in 'resourceHandlerMapping'
2023-05-19 18:32:52,590 DEBUG org.springframework.web.servlet.mvc.method.annotation.ExceptionHandlerExceptionResolver [main] ControllerAdvice beans: 0 @ExceptionHandler, 1 ResponseBodyAdvice
2023-05-19 18:32:52,680 INFO org.apache.juli.logging.DirectJDKLog [main] Starting ProtocolHandler ["http-nio-8082"]
2023-05-19 18:32:52,698 INFO org.springframework.boot.web.embedded.tomcat.TomcatWebServer [main] Tomcat started on port(s): 8082 (http) with context path ''
2023-05-19 18:32:52,942 INFO org.springframework.boot.StartupInfoLogger [main] Started PFEApplication in 7.047 seconds (JVM running for 7.697)
2023-05-19 18:32:52,946 INFO ma.pfe.PFEApplication [main] Access URLs:
----------------------------------------------------------
	Local: 		http://127.0.0.1:8082/swagger-ui/#/
	External: 	http://192.168.1.7:8082/swagger-ui/#/
----------------------------------------------------------
2023-05-19 18:32:56,202 INFO org.apache.juli.logging.DirectJDKLog [http-nio-8082-exec-1] Initializing Spring DispatcherServlet 'dispatcherServlet'
2023-05-19 18:32:56,203 INFO org.springframework.web.servlet.FrameworkServlet [http-nio-8082-exec-1] Initializing Servlet 'dispatcherServlet'
2023-05-19 18:32:56,203 DEBUG org.springframework.web.servlet.DispatcherServlet [http-nio-8082-exec-1] Detected StandardServletMultipartResolver
2023-05-19 18:32:56,203 DEBUG org.springframework.web.servlet.DispatcherServlet [http-nio-8082-exec-1] Detected AcceptHeaderLocaleResolver
2023-05-19 18:32:56,203 DEBUG org.springframework.web.servlet.DispatcherServlet [http-nio-8082-exec-1] Detected FixedThemeResolver
2023-05-19 18:32:56,205 DEBUG org.springframework.web.servlet.DispatcherServlet [http-nio-8082-exec-1] Detected org.springframework.web.servlet.view.DefaultRequestToViewNameTranslator@771cbd13
2023-05-19 18:32:56,206 DEBUG org.springframework.web.servlet.DispatcherServlet [http-nio-8082-exec-1] Detected org.springframework.web.servlet.support.SessionFlashMapManager@519b0f00
2023-05-19 18:32:56,206 DEBUG org.springframework.web.servlet.FrameworkServlet [http-nio-8082-exec-1] enableLoggingRequestDetails='false': request parameters and headers will be masked to prevent unsafe logging of potentially sensitive data
2023-05-19 18:32:56,206 INFO org.springframework.web.servlet.FrameworkServlet [http-nio-8082-exec-1] Completed initialization in 3 ms
2023-05-19 18:32:56,219 DEBUG org.springframework.core.log.LogFormatUtils [http-nio-8082-exec-1] GET "/swagger-resources/configuration/ui", parameters={}
2023-05-19 18:32:56,224 DEBUG org.springframework.web.servlet.handler.AbstractHandlerMapping [http-nio-8082-exec-1] Mapped to springfox.documentation.swagger.web.ApiResourceController#uiConfiguration()
2023-05-19 18:32:56,245 DEBUG org.springframework.web.servlet.mvc.method.annotation.AbstractMessageConverterMethodProcessor [http-nio-8082-exec-1] Using 'application/json', given [application/json] and supported [application/json]
2023-05-19 18:32:56,272 DEBUG org.springframework.core.log.LogFormatUtils [http-nio-8082-exec-1] Writing [springfox.documentation.swagger.web.UiConfiguration@deeef3e]
2023-05-19 18:32:56,293 DEBUG org.springframework.web.servlet.FrameworkServlet [http-nio-8082-exec-1] Completed 200 OK
2023-05-19 18:32:56,298 DEBUG org.springframework.core.log.LogFormatUtils [http-nio-8082-exec-2] GET "/swagger-resources/configuration/security", parameters={}
2023-05-19 18:32:56,298 DEBUG org.springframework.web.servlet.handler.AbstractHandlerMapping [http-nio-8082-exec-2] Mapped to springfox.documentation.swagger.web.ApiResourceController#securityConfiguration()
2023-05-19 18:32:56,300 DEBUG org.springframework.web.servlet.mvc.method.annotation.AbstractMessageConverterMethodProcessor [http-nio-8082-exec-2] Using 'application/json', given [application/json] and supported [application/json]
2023-05-19 18:32:56,302 DEBUG org.springframework.core.log.LogFormatUtils [http-nio-8082-exec-2] Writing [springfox.documentation.swagger.web.SecurityConfiguration@7df6ebb7]
2023-05-19 18:32:56,303 DEBUG org.springframework.web.servlet.FrameworkServlet [http-nio-8082-exec-2] Completed 200 OK
2023-05-19 18:32:56,308 DEBUG org.springframework.core.log.LogFormatUtils [http-nio-8082-exec-3] GET "/swagger-resources", parameters={}
2023-05-19 18:32:56,308 DEBUG org.springframework.web.servlet.handler.AbstractHandlerMapping [http-nio-8082-exec-3] Mapped to springfox.documentation.swagger.web.ApiResourceController#swaggerResources()
2023-05-19 18:32:56,309 DEBUG org.springframework.web.servlet.mvc.method.annotation.AbstractMessageConverterMethodProcessor [http-nio-8082-exec-3] Using 'application/json', given [application/json] and supported [application/json]
2023-05-19 18:32:56,310 DEBUG org.springframework.core.log.LogFormatUtils [http-nio-8082-exec-3] Writing [[springfox.documentation.swagger.web.SwaggerResource@9ba347d]]
2023-05-19 18:32:56,313 DEBUG org.springframework.web.servlet.FrameworkServlet [http-nio-8082-exec-3] Completed 200 OK
2023-05-19 18:32:56,339 DEBUG org.springframework.core.log.LogFormatUtils [http-nio-8082-exec-4] GET "/v2/api-docs", parameters={}
2023-05-19 18:32:56,340 DEBUG org.springframework.web.servlet.handler.AbstractHandlerMapping [http-nio-8082-exec-4] Mapped to springfox.documentation.swagger2.web.Swagger2ControllerWebMvc#getDocumentation(String, HttpServletRequest)
2023-05-19 18:32:56,457 DEBUG org.springframework.web.servlet.mvc.method.annotation.AbstractMessageConverterMethodProcessor [http-nio-8082-exec-4] Using 'application/json', given [application/json, */*] and supported [application/json, application/hal+json]
2023-05-19 18:32:56,459 DEBUG org.springframework.core.log.LogFormatUtils [http-nio-8082-exec-4] Writing [springfox.documentation.spring.web.json.Json@5d0dea31]
2023-05-19 18:32:56,460 DEBUG org.springframework.web.servlet.FrameworkServlet [http-nio-8082-exec-4] Completed 200 OK
2023-05-19 18:33:31,992 DEBUG org.springframework.core.log.LogFormatUtils [http-nio-8082-exec-7] POST "/Student/save", parameters={}
2023-05-19 18:33:31,993 DEBUG org.springframework.web.servlet.handler.AbstractHandlerMapping [http-nio-8082-exec-7] Mapped to ma.pfe.controllers.StudentController#save(StudentDto)
2023-05-19 18:33:32,068 DEBUG org.springframework.core.log.LogFormatUtils [http-nio-8082-exec-7] Read "application/json;charset=UTF-8" to [StudentDto{idStudent=StudentIdDto{id=10, code='C100'}, name='zineb', adresse=AdresseDto{rue='AZ2', a (truncated)...]
2023-05-19 18:33:32,073 DEBUG ma.pfe.controllers.StudentController [http-nio-8082-exec-7] start method save dto : StudentDto{idStudent=StudentIdDto{id=10, code='C100'}, name='zineb', adresse=AdresseDto{rue='AZ2', avenue='C21', number='12V'}, courses=[CourseDto{id=1, nom='angular'}]}
2023-05-19 18:33:32,073 DEBUG ma.pfe.services.StudentServiceImpl [http-nio-8082-exec-7] start method save dto : StudentDto{idStudent=StudentIdDto{id=10, code='C100'}, name='zineb', adresse=AdresseDto{rue='AZ2', avenue='C21', number='12V'}, courses=[CourseDto{id=1, nom='angular'}]}
2023-05-19 18:33:32,074 DEBUG ma.pfe.services.StudentServiceImpl [http-nio-8082-exec-7] mapping dto to entity : StudentEntity{idStudent=StudentId{id=10, code='C100'}, name='zineb', courses=[CourseEntity{id=1, nom='angular'}], adresse=Adresse{rue='AZ2', avenue='C21', number='12V'}}
2023-05-19 18:33:32,394 DEBUG org.springframework.web.servlet.mvc.method.annotation.AbstractMessageConverterMethodProcessor [http-nio-8082-exec-7] Using 'application/json', given [*/*] and supported [application/json, application/*+json, application/json, application/*+json]
2023-05-19 18:33:32,394 DEBUG org.springframework.core.log.LogFormatUtils [http-nio-8082-exec-7] Writing [10]
2023-05-19 18:33:32,398 DEBUG org.springframework.web.servlet.FrameworkServlet [http-nio-8082-exec-7] Completed 200 OK
2023-05-19 18:33:46,312 DEBUG org.springframework.core.log.LogFormatUtils [http-nio-8082-exec-9] GET "/Student/10/C100", parameters={}
2023-05-19 18:33:46,313 DEBUG org.springframework.web.servlet.handler.AbstractHandlerMapping [http-nio-8082-exec-9] Mapped to ma.pfe.controllers.StudentController#selectById(long, String)
2023-05-19 18:33:46,325 DEBUG ma.pfe.controllers.StudentController [http-nio-8082-exec-9] start method select by id 10 , code C100
2023-05-19 18:33:46,359 DEBUG org.springframework.web.servlet.mvc.method.annotation.AbstractMessageConverterMethodProcessor [http-nio-8082-exec-9] Using 'application/json', given [*/*] and supported [application/json, application/*+json, application/json, application/*+json]
2023-05-19 18:33:46,360 DEBUG org.springframework.core.log.LogFormatUtils [http-nio-8082-exec-9] Writing [StudentDto{idStudent=StudentIdDto{id=10, code='C100'}, name='zineb', adresse=AdresseDto{rue='AZ2', a (truncated)...]
2023-05-19 18:33:46,364 DEBUG org.springframework.web.servlet.FrameworkServlet [http-nio-8082-exec-9] Completed 200 OK
2023-05-19 18:35:03,968 INFO org.springframework.orm.jpa.AbstractEntityManagerFactoryBean [SpringApplicationShutdownHook] Closing JPA EntityManagerFactory for persistence unit 'default'
2023-05-19 18:35:03,975 INFO com.zaxxer.hikari.HikariDataSource [SpringApplicationShutdownHook] HikariPool-1 - Shutdown initiated...
2023-05-19 18:35:03,986 INFO com.zaxxer.hikari.HikariDataSource [SpringApplicationShutdownHook] HikariPool-1 - Shutdown completed.
