2023-03-10 11:05:52,115 INFO org.springframework.boot.StartupInfoLogger [main] Starting PFEApplication using Java 1.8.0_191 on LAPTOP-24AABF17 with PID 6424 (C:\Users\zineb kourifa\OneDrive\Documents\Bureau\TPs_JAVA\PFEProject\target\classes started by zineb kourifa in C:\Users\zineb kourifa\OneDrive\Documents\Bureau\TPs_JAVA\PFEProject)
2023-03-10 11:05:52,121 DEBUG org.springframework.boot.StartupInfoLogger [main] Running with Spring Boot v2.7.5, Spring v5.3.23
2023-03-10 11:05:52,122 INFO org.springframework.boot.SpringApplication [main] The following 1 profile is active: "dev"
2023-03-10 11:05:53,203 INFO org.springframework.data.repository.config.RepositoryConfigurationDelegate [main] Bootstrapping Spring Data JPA repositories in DEFAULT mode.
2023-03-10 11:05:53,222 INFO org.springframework.data.repository.config.RepositoryConfigurationDelegate [main] Finished Spring Data repository scanning in 7 ms. Found 0 JPA repository interfaces.
2023-03-10 11:05:54,148 INFO org.springframework.boot.web.embedded.tomcat.TomcatWebServer [main] Tomcat initialized with port(s): 8082 (http)
2023-03-10 11:05:54,165 INFO org.apache.juli.logging.DirectJDKLog [main] Initializing ProtocolHandler ["http-nio-8082"]
2023-03-10 11:05:54,166 INFO org.apache.juli.logging.DirectJDKLog [main] Starting service [Tomcat]
2023-03-10 11:05:54,166 INFO org.apache.juli.logging.DirectJDKLog [main] Starting Servlet engine: [Apache Tomcat/9.0.68]
2023-03-10 11:05:54,385 INFO org.apache.juli.logging.DirectJDKLog [main] Initializing Spring embedded WebApplicationContext
2023-03-10 11:05:54,386 INFO org.springframework.boot.web.servlet.context.ServletWebServerApplicationContext [main] Root WebApplicationContext: initialization completed in 2196 ms
2023-03-10 11:05:55,148 INFO com.zaxxer.hikari.HikariDataSource [main] HikariPool-1 - Starting...
2023-03-10 11:05:55,152 WARN com.zaxxer.hikari.util.DriverDataSource [main] Registered driver with driverClassName=oracle.jdbc.driver.OracleDriver was not found, trying direct instantiation.
2023-03-10 11:05:56,067 INFO com.zaxxer.hikari.HikariDataSource [main] HikariPool-1 - Start completed.
2023-03-10 11:05:57,707 INFO org.springframework.orm.jpa.AbstractEntityManagerFactoryBean [main] Initialized JPA EntityManagerFactory for persistence unit 'default'
2023-03-10 11:05:58,197 WARN org.springframework.boot.autoconfigure.orm.jpa.JpaBaseConfiguration$JpaWebConfiguration [main] spring.jpa.open-in-view is enabled by default. Therefore, database queries may be performed during view rendering. Explicitly configure spring.jpa.open-in-view to disable this warning
2023-03-10 11:05:58,317 DEBUG org.springframework.web.servlet.handler.AbstractHandlerMethodMapping [main] 11 mappings in 'requestMappingHandlerMapping'
2023-03-10 11:05:58,542 DEBUG org.springframework.web.servlet.mvc.method.annotation.RequestMappingHandlerAdapter [main] ControllerAdvice beans: 0 @ModelAttribute, 0 @InitBinder, 1 RequestBodyAdvice, 1 ResponseBodyAdvice
2023-03-10 11:05:58,594 DEBUG org.springframework.web.servlet.handler.SimpleUrlHandlerMapping [main] Patterns [/swagger-ui/] in 'viewControllerHandlerMapping'
2023-03-10 11:05:58,616 DEBUG org.springframework.web.servlet.handler.SimpleUrlHandlerMapping [main] Patterns [/webjars/**, /**, /swagger-ui/**] in 'resourceHandlerMapping'
2023-03-10 11:05:58,624 DEBUG org.springframework.web.servlet.mvc.method.annotation.ExceptionHandlerExceptionResolver [main] ControllerAdvice beans: 0 @ExceptionHandler, 1 ResponseBodyAdvice
2023-03-10 11:05:58,719 INFO org.apache.juli.logging.DirectJDKLog [main] Starting ProtocolHandler ["http-nio-8082"]
2023-03-10 11:05:58,740 INFO org.springframework.boot.web.embedded.tomcat.TomcatWebServer [main] Tomcat started on port(s): 8082 (http) with context path ''
2023-03-10 11:05:58,746 WARN org.springframework.context.support.AbstractApplicationContext [main] Exception encountered during context initialization - cancelling refresh attempt: org.springframework.context.ApplicationContextException: Failed to start bean 'documentationPluginsBootstrapper'; nested exception is java.lang.NullPointerException
2023-03-10 11:05:58,751 INFO org.springframework.orm.jpa.AbstractEntityManagerFactoryBean [main] Closing JPA EntityManagerFactory for persistence unit 'default'
2023-03-10 11:05:58,756 INFO com.zaxxer.hikari.HikariDataSource [main] HikariPool-1 - Shutdown initiated...
2023-03-10 11:05:58,777 INFO com.zaxxer.hikari.HikariDataSource [main] HikariPool-1 - Shutdown completed.
2023-03-10 11:05:58,929 INFO org.apache.juli.logging.DirectJDKLog [main] Pausing ProtocolHandler ["http-nio-8082"]
2023-03-10 11:05:58,929 INFO org.apache.juli.logging.DirectJDKLog [main] Stopping service [Tomcat]
2023-03-10 11:05:58,934 INFO org.apache.juli.logging.DirectJDKLog [main] Stopping ProtocolHandler ["http-nio-8082"]
2023-03-10 11:05:58,941 INFO org.apache.juli.logging.DirectJDKLog [main] Destroying ProtocolHandler ["http-nio-8082"]
2023-03-10 11:05:58,949 INFO org.springframework.boot.autoconfigure.logging.ConditionEvaluationReportLoggingListener [main] 

Error starting ApplicationContext. To display the conditions report re-run your application with 'debug' enabled.
2023-03-10 11:05:58,995 ERROR org.springframework.boot.SpringApplication [main] Application run failed
org.springframework.context.ApplicationContextException: Failed to start bean 'documentationPluginsBootstrapper'; nested exception is java.lang.NullPointerException
	at org.springframework.context.support.DefaultLifecycleProcessor.doStart(DefaultLifecycleProcessor.java:181)
	at org.springframework.context.support.DefaultLifecycleProcessor.access$200(DefaultLifecycleProcessor.java:54)
	at org.springframework.context.support.DefaultLifecycleProcessor$LifecycleGroup.start(DefaultLifecycleProcessor.java:356)
	at java.lang.Iterable.forEach(Iterable.java:75)
	at org.springframework.context.support.DefaultLifecycleProcessor.startBeans(DefaultLifecycleProcessor.java:155)
	at org.springframework.context.support.DefaultLifecycleProcessor.onRefresh(DefaultLifecycleProcessor.java:123)
	at org.springframework.context.support.AbstractApplicationContext.finishRefresh(AbstractApplicationContext.java:935)
	at org.springframework.context.support.AbstractApplicationContext.refresh(AbstractApplicationContext.java:586)
	at org.springframework.boot.web.servlet.context.ServletWebServerApplicationContext.refresh(ServletWebServerApplicationContext.java:147)
	at org.springframework.boot.SpringApplication.refresh(SpringApplication.java:734)
	at org.springframework.boot.SpringApplication.refreshContext(SpringApplication.java:408)
	at org.springframework.boot.SpringApplication.run(SpringApplication.java:308)
	at org.springframework.boot.SpringApplication.run(SpringApplication.java:1306)
	at org.springframework.boot.SpringApplication.run(SpringApplication.java:1295)
	at ma.pfe.PFEApplication.main(PFEApplication.java:12)
Caused by: java.lang.NullPointerException: null
	at springfox.documentation.spring.web.WebMvcPatternsRequestConditionWrapper.getPatterns(WebMvcPatternsRequestConditionWrapper.java:56)
	at springfox.documentation.RequestHandler.sortedPaths(RequestHandler.java:113)
	at springfox.documentation.spi.service.contexts.Orderings.lambda$byPatternsCondition$3(Orderings.java:89)
	at java.util.Comparator.lambda$comparing$77a9974f$1(Comparator.java:469)
	at java.util.TimSort.countRunAndMakeAscending(TimSort.java:355)
	at java.util.TimSort.sort(TimSort.java:220)
	at java.util.Arrays.sort(Arrays.java:1512)
	at java.util.ArrayList.sort(ArrayList.java:1462)
	at java.util.stream.SortedOps$RefSortingSink.end(SortedOps.java:387)
	at java.util.stream.Sink$ChainedReference.end(Sink.java:258)
	at java.util.stream.Sink$ChainedReference.end(Sink.java:258)
	at java.util.stream.Sink$ChainedReference.end(Sink.java:258)
	at java.util.stream.Sink$ChainedReference.end(Sink.java:258)
	at java.util.stream.AbstractPipeline.copyInto(AbstractPipeline.java:482)
	at java.util.stream.AbstractPipeline.wrapAndCopyInto(AbstractPipeline.java:471)
	at java.util.stream.ReduceOps$ReduceOp.evaluateSequential(ReduceOps.java:708)
	at java.util.stream.AbstractPipeline.evaluate(AbstractPipeline.java:234)
	at java.util.stream.ReferencePipeline.collect(ReferencePipeline.java:499)
	at springfox.documentation.spring.web.plugins.WebMvcRequestHandlerProvider.requestHandlers(WebMvcRequestHandlerProvider.java:81)
	at java.util.stream.ReferencePipeline$3$1.accept(ReferencePipeline.java:193)
	at java.util.ArrayList$ArrayListSpliterator.forEachRemaining(ArrayList.java:1382)
	at java.util.stream.AbstractPipeline.copyInto(AbstractPipeline.java:481)
	at java.util.stream.AbstractPipeline.wrapAndCopyInto(AbstractPipeline.java:471)
	at java.util.stream.ReduceOps$ReduceOp.evaluateSequential(ReduceOps.java:708)
	at java.util.stream.AbstractPipeline.evaluate(AbstractPipeline.java:234)
	at java.util.stream.ReferencePipeline.collect(ReferencePipeline.java:499)
	at springfox.documentation.spring.web.plugins.AbstractDocumentationPluginsBootstrapper.withDefaults(AbstractDocumentationPluginsBootstrapper.java:107)
	at springfox.documentation.spring.web.plugins.AbstractDocumentationPluginsBootstrapper.buildContext(AbstractDocumentationPluginsBootstrapper.java:91)
	at springfox.documentation.spring.web.plugins.AbstractDocumentationPluginsBootstrapper.bootstrapDocumentationPlugins(AbstractDocumentationPluginsBootstrapper.java:82)
	at springfox.documentation.spring.web.plugins.DocumentationPluginsBootstrapper.start(DocumentationPluginsBootstrapper.java:100)
	at org.springframework.context.support.DefaultLifecycleProcessor.doStart(DefaultLifecycleProcessor.java:178)
	... 14 common frames omitted
2023-03-10 13:53:27,700 INFO org.springframework.boot.StartupInfoLogger [main] Starting PFEApplication using Java 1.8.0_191 on LAPTOP-24AABF17 with PID 11212 (C:\Users\zineb kourifa\OneDrive\Documents\Bureau\TPs_JAVA\PFEProject\target\classes started by zineb kourifa in C:\Users\zineb kourifa\OneDrive\Documents\Bureau\TPs_JAVA\PFEProject)
2023-03-10 13:53:27,704 DEBUG org.springframework.boot.StartupInfoLogger [main] Running with Spring Boot v2.7.5, Spring v5.3.23
2023-03-10 13:53:27,705 INFO org.springframework.boot.SpringApplication [main] The following 1 profile is active: "dev"
2023-03-10 13:53:29,087 INFO org.springframework.data.repository.config.RepositoryConfigurationDelegate [main] Bootstrapping Spring Data JPA repositories in DEFAULT mode.
2023-03-10 13:53:29,117 INFO org.springframework.data.repository.config.RepositoryConfigurationDelegate [main] Finished Spring Data repository scanning in 12 ms. Found 0 JPA repository interfaces.
2023-03-10 13:53:30,076 INFO org.springframework.boot.web.embedded.tomcat.TomcatWebServer [main] Tomcat initialized with port(s): 8082 (http)
2023-03-10 13:53:30,089 INFO org.apache.juli.logging.DirectJDKLog [main] Initializing ProtocolHandler ["http-nio-8082"]
2023-03-10 13:53:30,090 INFO org.apache.juli.logging.DirectJDKLog [main] Starting service [Tomcat]
2023-03-10 13:53:30,090 INFO org.apache.juli.logging.DirectJDKLog [main] Starting Servlet engine: [Apache Tomcat/9.0.68]
2023-03-10 13:53:30,331 INFO org.apache.juli.logging.DirectJDKLog [main] Initializing Spring embedded WebApplicationContext
2023-03-10 13:53:30,332 INFO org.springframework.boot.web.servlet.context.ServletWebServerApplicationContext [main] Root WebApplicationContext: initialization completed in 2546 ms
2023-03-10 13:53:31,195 INFO com.zaxxer.hikari.HikariDataSource [main] HikariPool-1 - Starting...
2023-03-10 13:53:31,200 WARN com.zaxxer.hikari.util.DriverDataSource [main] Registered driver with driverClassName=oracle.jdbc.driver.OracleDriver was not found, trying direct instantiation.
2023-03-10 13:53:31,988 INFO com.zaxxer.hikari.HikariDataSource [main] HikariPool-1 - Start completed.
2023-03-10 13:53:33,824 INFO org.springframework.orm.jpa.AbstractEntityManagerFactoryBean [main] Initialized JPA EntityManagerFactory for persistence unit 'default'
2023-03-10 13:53:34,398 WARN org.springframework.boot.autoconfigure.orm.jpa.JpaBaseConfiguration$JpaWebConfiguration [main] spring.jpa.open-in-view is enabled by default. Therefore, database queries may be performed during view rendering. Explicitly configure spring.jpa.open-in-view to disable this warning
2023-03-10 13:53:34,532 DEBUG org.springframework.web.servlet.handler.AbstractHandlerMethodMapping [main] 11 mappings in 'requestMappingHandlerMapping'
2023-03-10 13:53:34,748 DEBUG org.springframework.web.servlet.mvc.method.annotation.RequestMappingHandlerAdapter [main] ControllerAdvice beans: 0 @ModelAttribute, 0 @InitBinder, 1 RequestBodyAdvice, 1 ResponseBodyAdvice
2023-03-10 13:53:34,797 DEBUG org.springframework.web.servlet.handler.SimpleUrlHandlerMapping [main] Patterns [/swagger-ui/] in 'viewControllerHandlerMapping'
2023-03-10 13:53:34,815 DEBUG org.springframework.web.servlet.handler.SimpleUrlHandlerMapping [main] Patterns [/webjars/**, /**, /swagger-ui/**] in 'resourceHandlerMapping'
2023-03-10 13:53:34,823 DEBUG org.springframework.web.servlet.mvc.method.annotation.ExceptionHandlerExceptionResolver [main] ControllerAdvice beans: 0 @ExceptionHandler, 1 ResponseBodyAdvice
2023-03-10 13:53:34,925 INFO org.apache.juli.logging.DirectJDKLog [main] Starting ProtocolHandler ["http-nio-8082"]
2023-03-10 13:53:34,946 INFO org.springframework.boot.web.embedded.tomcat.TomcatWebServer [main] Tomcat started on port(s): 8082 (http) with context path ''
2023-03-10 13:53:34,953 WARN org.springframework.context.support.AbstractApplicationContext [main] Exception encountered during context initialization - cancelling refresh attempt: org.springframework.context.ApplicationContextException: Failed to start bean 'documentationPluginsBootstrapper'; nested exception is java.lang.NullPointerException
2023-03-10 13:53:34,959 INFO org.springframework.orm.jpa.AbstractEntityManagerFactoryBean [main] Closing JPA EntityManagerFactory for persistence unit 'default'
2023-03-10 13:53:34,965 INFO com.zaxxer.hikari.HikariDataSource [main] HikariPool-1 - Shutdown initiated...
2023-03-10 13:53:34,979 INFO com.zaxxer.hikari.HikariDataSource [main] HikariPool-1 - Shutdown completed.
2023-03-10 13:53:35,153 INFO org.apache.juli.logging.DirectJDKLog [main] Pausing ProtocolHandler ["http-nio-8082"]
2023-03-10 13:53:35,154 INFO org.apache.juli.logging.DirectJDKLog [main] Stopping service [Tomcat]
2023-03-10 13:53:35,207 INFO org.apache.juli.logging.DirectJDKLog [main] Stopping ProtocolHandler ["http-nio-8082"]
2023-03-10 13:53:35,216 INFO org.apache.juli.logging.DirectJDKLog [main] Destroying ProtocolHandler ["http-nio-8082"]
2023-03-10 13:53:35,238 INFO org.springframework.boot.autoconfigure.logging.ConditionEvaluationReportLoggingListener [main] 

Error starting ApplicationContext. To display the conditions report re-run your application with 'debug' enabled.
2023-03-10 13:53:35,298 ERROR org.springframework.boot.SpringApplication [main] Application run failed
org.springframework.context.ApplicationContextException: Failed to start bean 'documentationPluginsBootstrapper'; nested exception is java.lang.NullPointerException
	at org.springframework.context.support.DefaultLifecycleProcessor.doStart(DefaultLifecycleProcessor.java:181)
	at org.springframework.context.support.DefaultLifecycleProcessor.access$200(DefaultLifecycleProcessor.java:54)
	at org.springframework.context.support.DefaultLifecycleProcessor$LifecycleGroup.start(DefaultLifecycleProcessor.java:356)
	at java.lang.Iterable.forEach(Iterable.java:75)
	at org.springframework.context.support.DefaultLifecycleProcessor.startBeans(DefaultLifecycleProcessor.java:155)
	at org.springframework.context.support.DefaultLifecycleProcessor.onRefresh(DefaultLifecycleProcessor.java:123)
	at org.springframework.context.support.AbstractApplicationContext.finishRefresh(AbstractApplicationContext.java:935)
	at org.springframework.context.support.AbstractApplicationContext.refresh(AbstractApplicationContext.java:586)
	at org.springframework.boot.web.servlet.context.ServletWebServerApplicationContext.refresh(ServletWebServerApplicationContext.java:147)
	at org.springframework.boot.SpringApplication.refresh(SpringApplication.java:734)
	at org.springframework.boot.SpringApplication.refreshContext(SpringApplication.java:408)
	at org.springframework.boot.SpringApplication.run(SpringApplication.java:308)
	at org.springframework.boot.SpringApplication.run(SpringApplication.java:1306)
	at org.springframework.boot.SpringApplication.run(SpringApplication.java:1295)
	at ma.pfe.PFEApplication.main(PFEApplication.java:15)
Caused by: java.lang.NullPointerException: null
	at springfox.documentation.spring.web.WebMvcPatternsRequestConditionWrapper.getPatterns(WebMvcPatternsRequestConditionWrapper.java:56)
	at springfox.documentation.RequestHandler.sortedPaths(RequestHandler.java:113)
	at springfox.documentation.spi.service.contexts.Orderings.lambda$byPatternsCondition$3(Orderings.java:89)
	at java.util.Comparator.lambda$comparing$77a9974f$1(Comparator.java:469)
	at java.util.TimSort.countRunAndMakeAscending(TimSort.java:355)
	at java.util.TimSort.sort(TimSort.java:220)
	at java.util.Arrays.sort(Arrays.java:1512)
	at java.util.ArrayList.sort(ArrayList.java:1462)
	at java.util.stream.SortedOps$RefSortingSink.end(SortedOps.java:387)
	at java.util.stream.Sink$ChainedReference.end(Sink.java:258)
	at java.util.stream.Sink$ChainedReference.end(Sink.java:258)
	at java.util.stream.Sink$ChainedReference.end(Sink.java:258)
	at java.util.stream.Sink$ChainedReference.end(Sink.java:258)
	at java.util.stream.AbstractPipeline.copyInto(AbstractPipeline.java:482)
	at java.util.stream.AbstractPipeline.wrapAndCopyInto(AbstractPipeline.java:471)
	at java.util.stream.ReduceOps$ReduceOp.evaluateSequential(ReduceOps.java:708)
	at java.util.stream.AbstractPipeline.evaluate(AbstractPipeline.java:234)
	at java.util.stream.ReferencePipeline.collect(ReferencePipeline.java:499)
	at springfox.documentation.spring.web.plugins.WebMvcRequestHandlerProvider.requestHandlers(WebMvcRequestHandlerProvider.java:81)
	at java.util.stream.ReferencePipeline$3$1.accept(ReferencePipeline.java:193)
	at java.util.ArrayList$ArrayListSpliterator.forEachRemaining(ArrayList.java:1382)
	at java.util.stream.AbstractPipeline.copyInto(AbstractPipeline.java:481)
	at java.util.stream.AbstractPipeline.wrapAndCopyInto(AbstractPipeline.java:471)
	at java.util.stream.ReduceOps$ReduceOp.evaluateSequential(ReduceOps.java:708)
	at java.util.stream.AbstractPipeline.evaluate(AbstractPipeline.java:234)
	at java.util.stream.ReferencePipeline.collect(ReferencePipeline.java:499)
	at springfox.documentation.spring.web.plugins.AbstractDocumentationPluginsBootstrapper.withDefaults(AbstractDocumentationPluginsBootstrapper.java:107)
	at springfox.documentation.spring.web.plugins.AbstractDocumentationPluginsBootstrapper.buildContext(AbstractDocumentationPluginsBootstrapper.java:91)
	at springfox.documentation.spring.web.plugins.AbstractDocumentationPluginsBootstrapper.bootstrapDocumentationPlugins(AbstractDocumentationPluginsBootstrapper.java:82)
	at springfox.documentation.spring.web.plugins.DocumentationPluginsBootstrapper.start(DocumentationPluginsBootstrapper.java:100)
	at org.springframework.context.support.DefaultLifecycleProcessor.doStart(DefaultLifecycleProcessor.java:178)
	... 14 common frames omitted
2023-03-10 13:55:30,958 INFO org.springframework.boot.StartupInfoLogger [main] Starting PFEApplication using Java 1.8.0_191 on LAPTOP-24AABF17 with PID 22968 (C:\Users\zineb kourifa\OneDrive\Documents\Bureau\TPs_JAVA\PFEProject\target\classes started by zineb kourifa in C:\Users\zineb kourifa\OneDrive\Documents\Bureau\TPs_JAVA\PFEProject)
2023-03-10 13:55:30,961 DEBUG org.springframework.boot.StartupInfoLogger [main] Running with Spring Boot v2.7.5, Spring v5.3.23
2023-03-10 13:55:30,962 INFO org.springframework.boot.SpringApplication [main] The following 1 profile is active: "dev"
2023-03-10 13:55:31,995 INFO org.springframework.data.repository.config.RepositoryConfigurationDelegate [main] Bootstrapping Spring Data JPA repositories in DEFAULT mode.
2023-03-10 13:55:32,020 INFO org.springframework.data.repository.config.RepositoryConfigurationDelegate [main] Finished Spring Data repository scanning in 11 ms. Found 0 JPA repository interfaces.
2023-03-10 13:55:32,906 INFO org.springframework.boot.web.embedded.tomcat.TomcatWebServer [main] Tomcat initialized with port(s): 8082 (http)
2023-03-10 13:55:32,918 INFO org.apache.juli.logging.DirectJDKLog [main] Initializing ProtocolHandler ["http-nio-8082"]
2023-03-10 13:55:32,919 INFO org.apache.juli.logging.DirectJDKLog [main] Starting service [Tomcat]
2023-03-10 13:55:32,919 INFO org.apache.juli.logging.DirectJDKLog [main] Starting Servlet engine: [Apache Tomcat/9.0.68]
2023-03-10 13:55:33,170 INFO org.apache.juli.logging.DirectJDKLog [main] Initializing Spring embedded WebApplicationContext
2023-03-10 13:55:33,171 INFO org.springframework.boot.web.servlet.context.ServletWebServerApplicationContext [main] Root WebApplicationContext: initialization completed in 2146 ms
2023-03-10 13:55:33,809 INFO com.zaxxer.hikari.HikariDataSource [main] HikariPool-1 - Starting...
2023-03-10 13:55:33,814 WARN com.zaxxer.hikari.util.DriverDataSource [main] Registered driver with driverClassName=oracle.jdbc.driver.OracleDriver was not found, trying direct instantiation.
2023-03-10 13:55:34,254 INFO com.zaxxer.hikari.HikariDataSource [main] HikariPool-1 - Start completed.
2023-03-10 13:55:35,364 INFO org.springframework.orm.jpa.AbstractEntityManagerFactoryBean [main] Initialized JPA EntityManagerFactory for persistence unit 'default'
2023-03-10 13:55:35,820 WARN org.springframework.boot.autoconfigure.orm.jpa.JpaBaseConfiguration$JpaWebConfiguration [main] spring.jpa.open-in-view is enabled by default. Therefore, database queries may be performed during view rendering. Explicitly configure spring.jpa.open-in-view to disable this warning
2023-03-10 13:55:35,921 DEBUG org.springframework.web.servlet.handler.AbstractHandlerMethodMapping [main] 11 mappings in 'requestMappingHandlerMapping'
2023-03-10 13:55:36,169 DEBUG org.springframework.web.servlet.mvc.method.annotation.RequestMappingHandlerAdapter [main] ControllerAdvice beans: 0 @ModelAttribute, 0 @InitBinder, 1 RequestBodyAdvice, 1 ResponseBodyAdvice
2023-03-10 13:55:36,215 DEBUG org.springframework.web.servlet.handler.SimpleUrlHandlerMapping [main] Patterns [/swagger-ui/] in 'viewControllerHandlerMapping'
2023-03-10 13:55:36,235 DEBUG org.springframework.web.servlet.handler.SimpleUrlHandlerMapping [main] Patterns [/webjars/**, /**, /swagger-ui/**] in 'resourceHandlerMapping'
2023-03-10 13:55:36,243 DEBUG org.springframework.web.servlet.mvc.method.annotation.ExceptionHandlerExceptionResolver [main] ControllerAdvice beans: 0 @ExceptionHandler, 1 ResponseBodyAdvice
2023-03-10 13:55:36,347 INFO org.apache.juli.logging.DirectJDKLog [main] Starting ProtocolHandler ["http-nio-8082"]
2023-03-10 13:55:36,364 INFO org.springframework.boot.web.embedded.tomcat.TomcatWebServer [main] Tomcat started on port(s): 8082 (http) with context path ''
2023-03-10 13:55:36,369 WARN org.springframework.context.support.AbstractApplicationContext [main] Exception encountered during context initialization - cancelling refresh attempt: org.springframework.context.ApplicationContextException: Failed to start bean 'documentationPluginsBootstrapper'; nested exception is java.lang.NullPointerException
2023-03-10 13:55:36,374 INFO org.springframework.orm.jpa.AbstractEntityManagerFactoryBean [main] Closing JPA EntityManagerFactory for persistence unit 'default'
2023-03-10 13:55:36,377 INFO com.zaxxer.hikari.HikariDataSource [main] HikariPool-1 - Shutdown initiated...
2023-03-10 13:55:36,390 INFO com.zaxxer.hikari.HikariDataSource [main] HikariPool-1 - Shutdown completed.
2023-03-10 13:55:36,575 INFO org.apache.juli.logging.DirectJDKLog [main] Pausing ProtocolHandler ["http-nio-8082"]
2023-03-10 13:55:36,575 INFO org.apache.juli.logging.DirectJDKLog [main] Stopping service [Tomcat]
2023-03-10 13:55:36,579 INFO org.apache.juli.logging.DirectJDKLog [main] Stopping ProtocolHandler ["http-nio-8082"]
2023-03-10 13:55:36,581 INFO org.apache.juli.logging.DirectJDKLog [main] Destroying ProtocolHandler ["http-nio-8082"]
2023-03-10 13:55:36,591 INFO org.springframework.boot.autoconfigure.logging.ConditionEvaluationReportLoggingListener [main] 

Error starting ApplicationContext. To display the conditions report re-run your application with 'debug' enabled.
2023-03-10 13:55:36,620 ERROR org.springframework.boot.SpringApplication [main] Application run failed
org.springframework.context.ApplicationContextException: Failed to start bean 'documentationPluginsBootstrapper'; nested exception is java.lang.NullPointerException
	at org.springframework.context.support.DefaultLifecycleProcessor.doStart(DefaultLifecycleProcessor.java:181)
	at org.springframework.context.support.DefaultLifecycleProcessor.access$200(DefaultLifecycleProcessor.java:54)
	at org.springframework.context.support.DefaultLifecycleProcessor$LifecycleGroup.start(DefaultLifecycleProcessor.java:356)
	at java.lang.Iterable.forEach(Iterable.java:75)
	at org.springframework.context.support.DefaultLifecycleProcessor.startBeans(DefaultLifecycleProcessor.java:155)
	at org.springframework.context.support.DefaultLifecycleProcessor.onRefresh(DefaultLifecycleProcessor.java:123)
	at org.springframework.context.support.AbstractApplicationContext.finishRefresh(AbstractApplicationContext.java:935)
	at org.springframework.context.support.AbstractApplicationContext.refresh(AbstractApplicationContext.java:586)
	at org.springframework.boot.web.servlet.context.ServletWebServerApplicationContext.refresh(ServletWebServerApplicationContext.java:147)
	at org.springframework.boot.SpringApplication.refresh(SpringApplication.java:734)
	at org.springframework.boot.SpringApplication.refreshContext(SpringApplication.java:408)
	at org.springframework.boot.SpringApplication.run(SpringApplication.java:308)
	at org.springframework.boot.SpringApplication.run(SpringApplication.java:1306)
	at org.springframework.boot.SpringApplication.run(SpringApplication.java:1295)
	at ma.pfe.PFEApplication.main(PFEApplication.java:15)
Caused by: java.lang.NullPointerException: null
	at springfox.documentation.spring.web.WebMvcPatternsRequestConditionWrapper.getPatterns(WebMvcPatternsRequestConditionWrapper.java:56)
	at springfox.documentation.RequestHandler.sortedPaths(RequestHandler.java:113)
	at springfox.documentation.spi.service.contexts.Orderings.lambda$byPatternsCondition$3(Orderings.java:89)
	at java.util.Comparator.lambda$comparing$77a9974f$1(Comparator.java:469)
	at java.util.TimSort.countRunAndMakeAscending(TimSort.java:355)
	at java.util.TimSort.sort(TimSort.java:220)
	at java.util.Arrays.sort(Arrays.java:1512)
	at java.util.ArrayList.sort(ArrayList.java:1462)
	at java.util.stream.SortedOps$RefSortingSink.end(SortedOps.java:387)
	at java.util.stream.Sink$ChainedReference.end(Sink.java:258)
	at java.util.stream.Sink$ChainedReference.end(Sink.java:258)
	at java.util.stream.Sink$ChainedReference.end(Sink.java:258)
	at java.util.stream.Sink$ChainedReference.end(Sink.java:258)
	at java.util.stream.AbstractPipeline.copyInto(AbstractPipeline.java:482)
	at java.util.stream.AbstractPipeline.wrapAndCopyInto(AbstractPipeline.java:471)
	at java.util.stream.ReduceOps$ReduceOp.evaluateSequential(ReduceOps.java:708)
	at java.util.stream.AbstractPipeline.evaluate(AbstractPipeline.java:234)
	at java.util.stream.ReferencePipeline.collect(ReferencePipeline.java:499)
	at springfox.documentation.spring.web.plugins.WebMvcRequestHandlerProvider.requestHandlers(WebMvcRequestHandlerProvider.java:81)
	at java.util.stream.ReferencePipeline$3$1.accept(ReferencePipeline.java:193)
	at java.util.ArrayList$ArrayListSpliterator.forEachRemaining(ArrayList.java:1382)
	at java.util.stream.AbstractPipeline.copyInto(AbstractPipeline.java:481)
	at java.util.stream.AbstractPipeline.wrapAndCopyInto(AbstractPipeline.java:471)
	at java.util.stream.ReduceOps$ReduceOp.evaluateSequential(ReduceOps.java:708)
	at java.util.stream.AbstractPipeline.evaluate(AbstractPipeline.java:234)
	at java.util.stream.ReferencePipeline.collect(ReferencePipeline.java:499)
	at springfox.documentation.spring.web.plugins.AbstractDocumentationPluginsBootstrapper.withDefaults(AbstractDocumentationPluginsBootstrapper.java:107)
	at springfox.documentation.spring.web.plugins.AbstractDocumentationPluginsBootstrapper.buildContext(AbstractDocumentationPluginsBootstrapper.java:91)
	at springfox.documentation.spring.web.plugins.AbstractDocumentationPluginsBootstrapper.bootstrapDocumentationPlugins(AbstractDocumentationPluginsBootstrapper.java:82)
	at springfox.documentation.spring.web.plugins.DocumentationPluginsBootstrapper.start(DocumentationPluginsBootstrapper.java:100)
	at org.springframework.context.support.DefaultLifecycleProcessor.doStart(DefaultLifecycleProcessor.java:178)
	... 14 common frames omitted
2023-03-10 13:56:05,872 INFO org.springframework.boot.StartupInfoLogger [main] Starting PFEApplication using Java 1.8.0_191 on LAPTOP-24AABF17 with PID 6288 (C:\Users\zineb kourifa\OneDrive\Documents\Bureau\TPs_JAVA\PFEProject\target\classes started by zineb kourifa in C:\Users\zineb kourifa\OneDrive\Documents\Bureau\TPs_JAVA\PFEProject)
2023-03-10 13:56:05,875 DEBUG org.springframework.boot.StartupInfoLogger [main] Running with Spring Boot v2.7.5, Spring v5.3.23
2023-03-10 13:56:05,876 INFO org.springframework.boot.SpringApplication [main] The following 1 profile is active: "dev"
2023-03-10 13:56:07,122 INFO org.springframework.data.repository.config.RepositoryConfigurationDelegate [main] Bootstrapping Spring Data JPA repositories in DEFAULT mode.
2023-03-10 13:56:07,142 INFO org.springframework.data.repository.config.RepositoryConfigurationDelegate [main] Finished Spring Data repository scanning in 9 ms. Found 0 JPA repository interfaces.
2023-03-10 13:56:08,098 INFO org.springframework.boot.web.embedded.tomcat.TomcatWebServer [main] Tomcat initialized with port(s): 8082 (http)
2023-03-10 13:56:08,111 INFO org.apache.juli.logging.DirectJDKLog [main] Initializing ProtocolHandler ["http-nio-8082"]
2023-03-10 13:56:08,112 INFO org.apache.juli.logging.DirectJDKLog [main] Starting service [Tomcat]
2023-03-10 13:56:08,113 INFO org.apache.juli.logging.DirectJDKLog [main] Starting Servlet engine: [Apache Tomcat/9.0.68]
2023-03-10 13:56:08,387 INFO org.apache.juli.logging.DirectJDKLog [main] Initializing Spring embedded WebApplicationContext
2023-03-10 13:56:08,387 INFO org.springframework.boot.web.servlet.context.ServletWebServerApplicationContext [main] Root WebApplicationContext: initialization completed in 2441 ms
2023-03-10 13:56:09,211 INFO com.zaxxer.hikari.HikariDataSource [main] HikariPool-1 - Starting...
2023-03-10 13:56:09,216 WARN com.zaxxer.hikari.util.DriverDataSource [main] Registered driver with driverClassName=oracle.jdbc.driver.OracleDriver was not found, trying direct instantiation.
2023-03-10 13:56:09,679 INFO com.zaxxer.hikari.HikariDataSource [main] HikariPool-1 - Start completed.
2023-03-10 13:56:10,813 INFO org.springframework.orm.jpa.AbstractEntityManagerFactoryBean [main] Initialized JPA EntityManagerFactory for persistence unit 'default'
2023-03-10 13:56:11,274 WARN org.springframework.boot.autoconfigure.orm.jpa.JpaBaseConfiguration$JpaWebConfiguration [main] spring.jpa.open-in-view is enabled by default. Therefore, database queries may be performed during view rendering. Explicitly configure spring.jpa.open-in-view to disable this warning
2023-03-10 13:56:11,392 DEBUG org.springframework.web.servlet.handler.AbstractHandlerMethodMapping [main] 11 mappings in 'requestMappingHandlerMapping'
2023-03-10 13:56:11,657 DEBUG org.springframework.web.servlet.mvc.method.annotation.RequestMappingHandlerAdapter [main] ControllerAdvice beans: 0 @ModelAttribute, 0 @InitBinder, 1 RequestBodyAdvice, 1 ResponseBodyAdvice
2023-03-10 13:56:11,709 DEBUG org.springframework.web.servlet.handler.SimpleUrlHandlerMapping [main] Patterns [/swagger-ui/] in 'viewControllerHandlerMapping'
2023-03-10 13:56:11,733 DEBUG org.springframework.web.servlet.handler.SimpleUrlHandlerMapping [main] Patterns [/webjars/**, /**, /swagger-ui/**] in 'resourceHandlerMapping'
2023-03-10 13:56:11,744 DEBUG org.springframework.web.servlet.mvc.method.annotation.ExceptionHandlerExceptionResolver [main] ControllerAdvice beans: 0 @ExceptionHandler, 1 ResponseBodyAdvice
2023-03-10 13:56:11,857 INFO org.apache.juli.logging.DirectJDKLog [main] Starting ProtocolHandler ["http-nio-8082"]
2023-03-10 13:56:11,888 INFO org.springframework.boot.web.embedded.tomcat.TomcatWebServer [main] Tomcat started on port(s): 8082 (http) with context path ''
2023-03-10 13:56:12,337 INFO org.springframework.boot.StartupInfoLogger [main] Started PFEApplication in 7.009 seconds (JVM running for 8.28)
2023-03-10 13:56:12,343 DEBUG ma.pfe.PFEApplication [main] start application log 1 
2023-03-10 13:56:12,343 WARN ma.pfe.PFEApplication [main] start application log 2 
2023-03-10 13:56:12,343 INFO ma.pfe.PFEApplication [main] start application log 3 
2023-03-10 13:56:12,343 ERROR ma.pfe.PFEApplication [main] start application log 4 
2023-03-10 14:00:46,118 INFO org.apache.juli.logging.DirectJDKLog [http-nio-8082-exec-2] Initializing Spring DispatcherServlet 'dispatcherServlet'
2023-03-10 14:00:46,118 INFO org.springframework.web.servlet.FrameworkServlet [http-nio-8082-exec-2] Initializing Servlet 'dispatcherServlet'
2023-03-10 14:00:46,118 DEBUG org.springframework.web.servlet.DispatcherServlet [http-nio-8082-exec-2] Detected StandardServletMultipartResolver
2023-03-10 14:00:46,118 DEBUG org.springframework.web.servlet.DispatcherServlet [http-nio-8082-exec-2] Detected AcceptHeaderLocaleResolver
2023-03-10 14:00:46,118 DEBUG org.springframework.web.servlet.DispatcherServlet [http-nio-8082-exec-2] Detected FixedThemeResolver
2023-03-10 14:00:46,122 DEBUG org.springframework.web.servlet.DispatcherServlet [http-nio-8082-exec-2] Detected org.springframework.web.servlet.view.DefaultRequestToViewNameTranslator@3458be63
2023-03-10 14:00:46,126 DEBUG org.springframework.web.servlet.DispatcherServlet [http-nio-8082-exec-2] Detected org.springframework.web.servlet.support.SessionFlashMapManager@112b3298
2023-03-10 14:00:46,126 DEBUG org.springframework.web.servlet.FrameworkServlet [http-nio-8082-exec-2] enableLoggingRequestDetails='false': request parameters and headers will be masked to prevent unsafe logging of potentially sensitive data
2023-03-10 14:00:46,126 INFO org.springframework.web.servlet.FrameworkServlet [http-nio-8082-exec-2] Completed initialization in 8 ms
2023-03-10 14:00:46,158 DEBUG org.springframework.core.log.LogFormatUtils [http-nio-8082-exec-2] GET "/PFEProject/swagger-ui/", parameters={}
2023-03-10 14:00:46,182 DEBUG org.springframework.web.servlet.handler.AbstractHandlerMapping [http-nio-8082-exec-2] Mapped to ResourceHttpRequestHandler [classpath [META-INF/resources/], classpath [resources/], classpath [static/], classpath [public/], ServletContext [/]]
2023-03-10 14:00:46,393 DEBUG org.springframework.web.servlet.resource.ResourceHttpRequestHandler [http-nio-8082-exec-2] Resource not found
2023-03-10 14:00:46,401 DEBUG org.springframework.web.servlet.FrameworkServlet [http-nio-8082-exec-2] Completed 404 NOT_FOUND
2023-03-10 14:00:46,409 DEBUG org.springframework.core.log.LogFormatUtils [http-nio-8082-exec-2] "ERROR" dispatch for GET "/error", parameters={}
2023-03-10 14:00:46,417 DEBUG org.springframework.web.servlet.handler.AbstractHandlerMapping [http-nio-8082-exec-2] Mapped to org.springframework.boot.autoconfigure.web.servlet.error.BasicErrorController#errorHtml(HttpServletRequest, HttpServletResponse)
2023-03-10 14:00:46,487 DEBUG org.springframework.web.servlet.view.ContentNegotiatingViewResolver [http-nio-8082-exec-2] Selected 'text/html' given [text/html, text/html;q=0.8]
2023-03-10 14:00:46,498 DEBUG org.springframework.web.servlet.FrameworkServlet [http-nio-8082-exec-2] Exiting from "ERROR" dispatch, status 404
2023-03-10 14:00:46,604 DEBUG org.springframework.core.log.LogFormatUtils [http-nio-8082-exec-1] GET "/favicon.ico", parameters={}
2023-03-10 14:00:46,608 DEBUG org.springframework.web.servlet.handler.AbstractHandlerMapping [http-nio-8082-exec-1] Mapped to ResourceHttpRequestHandler [classpath [META-INF/resources/], classpath [resources/], classpath [static/], classpath [public/], ServletContext [/]]
2023-03-10 14:00:46,609 DEBUG org.springframework.web.servlet.resource.ResourceHttpRequestHandler [http-nio-8082-exec-1] Resource not found
2023-03-10 14:00:46,611 DEBUG org.springframework.web.servlet.FrameworkServlet [http-nio-8082-exec-1] Completed 404 NOT_FOUND
2023-03-10 14:00:46,613 DEBUG org.springframework.core.log.LogFormatUtils [http-nio-8082-exec-1] "ERROR" dispatch for GET "/error", parameters={}
2023-03-10 14:00:46,613 DEBUG org.springframework.web.servlet.handler.AbstractHandlerMapping [http-nio-8082-exec-1] Mapped to org.springframework.boot.autoconfigure.web.servlet.error.BasicErrorController#error(HttpServletRequest)
2023-03-10 14:00:46,637 DEBUG org.springframework.web.servlet.mvc.method.annotation.AbstractMessageConverterMethodProcessor [http-nio-8082-exec-1] Using 'application/json;q=0.8', given [image/avif, image/webp, image/apng, image/svg+xml, image/*, */*;q=0.8] and supported [application/json, application/*+json, application/json, application/*+json]
2023-03-10 14:00:46,637 DEBUG org.springframework.core.log.LogFormatUtils [http-nio-8082-exec-1] Writing [{timestamp=Fri Mar 10 14:00:46 WET 2023, status=404, error=Not Found, path=/favicon.ico}]
2023-03-10 14:00:46,716 DEBUG org.springframework.web.servlet.FrameworkServlet [http-nio-8082-exec-1] Exiting from "ERROR" dispatch, status 404
2023-03-10 14:02:01,150 DEBUG org.springframework.core.log.LogFormatUtils [http-nio-8082-exec-4] GET "/PFEProject/swagger-ui/", parameters={}
2023-03-10 14:02:01,152 DEBUG org.springframework.web.servlet.handler.AbstractHandlerMapping [http-nio-8082-exec-4] Mapped to ResourceHttpRequestHandler [classpath [META-INF/resources/], classpath [resources/], classpath [static/], classpath [public/], ServletContext [/]]
2023-03-10 14:02:01,156 DEBUG org.springframework.web.servlet.resource.ResourceHttpRequestHandler [http-nio-8082-exec-4] Resource not found
2023-03-10 14:02:01,156 DEBUG org.springframework.web.servlet.FrameworkServlet [http-nio-8082-exec-4] Completed 404 NOT_FOUND
2023-03-10 14:02:01,156 DEBUG org.springframework.core.log.LogFormatUtils [http-nio-8082-exec-4] "ERROR" dispatch for GET "/error", parameters={}
2023-03-10 14:02:01,156 DEBUG org.springframework.web.servlet.handler.AbstractHandlerMapping [http-nio-8082-exec-4] Mapped to org.springframework.boot.autoconfigure.web.servlet.error.BasicErrorController#errorHtml(HttpServletRequest, HttpServletResponse)
2023-03-10 14:02:01,156 DEBUG org.springframework.web.servlet.view.ContentNegotiatingViewResolver [http-nio-8082-exec-4] Selected 'text/html' given [text/html, text/html;q=0.8]
2023-03-10 14:02:01,163 DEBUG org.springframework.web.servlet.FrameworkServlet [http-nio-8082-exec-4] Exiting from "ERROR" dispatch, status 404
2023-03-10 14:02:12,122 DEBUG org.springframework.core.log.LogFormatUtils [http-nio-8082-exec-9] GET "/PFEProject/swagger-ui/", parameters={}
2023-03-10 14:02:12,129 DEBUG org.springframework.web.servlet.handler.AbstractHandlerMapping [http-nio-8082-exec-9] Mapped to ResourceHttpRequestHandler [classpath [META-INF/resources/], classpath [resources/], classpath [static/], classpath [public/], ServletContext [/]]
2023-03-10 14:02:12,129 DEBUG org.springframework.web.servlet.resource.ResourceHttpRequestHandler [http-nio-8082-exec-9] Resource not found
2023-03-10 14:02:12,129 DEBUG org.springframework.web.servlet.FrameworkServlet [http-nio-8082-exec-9] Completed 404 NOT_FOUND
2023-03-10 14:02:12,129 DEBUG org.springframework.core.log.LogFormatUtils [http-nio-8082-exec-9] "ERROR" dispatch for GET "/error", parameters={}
2023-03-10 14:02:12,137 DEBUG org.springframework.web.servlet.handler.AbstractHandlerMapping [http-nio-8082-exec-9] Mapped to org.springframework.boot.autoconfigure.web.servlet.error.BasicErrorController#errorHtml(HttpServletRequest, HttpServletResponse)
2023-03-10 14:02:12,137 DEBUG org.springframework.web.servlet.view.ContentNegotiatingViewResolver [http-nio-8082-exec-9] Selected 'text/html' given [text/html, text/html;q=0.8]
2023-03-10 14:02:12,137 DEBUG org.springframework.web.servlet.FrameworkServlet [http-nio-8082-exec-9] Exiting from "ERROR" dispatch, status 404
2023-03-10 14:19:55,757 INFO org.springframework.orm.jpa.AbstractEntityManagerFactoryBean [SpringApplicationShutdownHook] Closing JPA EntityManagerFactory for persistence unit 'default'
2023-03-10 14:19:55,764 INFO com.zaxxer.hikari.HikariDataSource [SpringApplicationShutdownHook] HikariPool-1 - Shutdown initiated...
2023-03-10 14:19:55,807 INFO com.zaxxer.hikari.HikariDataSource [SpringApplicationShutdownHook] HikariPool-1 - Shutdown completed.
2023-03-10 14:19:59,501 INFO org.springframework.boot.StartupInfoLogger [main] Starting PFEApplication using Java 1.8.0_191 on LAPTOP-24AABF17 with PID 20844 (C:\Users\zineb kourifa\OneDrive\Documents\Bureau\TPs_JAVA\PFEProject\target\classes started by zineb kourifa in C:\Users\zineb kourifa\OneDrive\Documents\Bureau\TPs_JAVA\PFEProject)
2023-03-10 14:19:59,504 DEBUG org.springframework.boot.StartupInfoLogger [main] Running with Spring Boot v2.7.5, Spring v5.3.23
2023-03-10 14:19:59,505 INFO org.springframework.boot.SpringApplication [main] The following 1 profile is active: "dev"
2023-03-10 14:20:00,611 INFO org.springframework.data.repository.config.RepositoryConfigurationDelegate [main] Bootstrapping Spring Data JPA repositories in DEFAULT mode.
2023-03-10 14:20:00,633 INFO org.springframework.data.repository.config.RepositoryConfigurationDelegate [main] Finished Spring Data repository scanning in 11 ms. Found 0 JPA repository interfaces.
2023-03-10 14:20:01,660 INFO org.springframework.boot.web.embedded.tomcat.TomcatWebServer [main] Tomcat initialized with port(s): 8082 (http)
2023-03-10 14:20:01,675 INFO org.apache.juli.logging.DirectJDKLog [main] Initializing ProtocolHandler ["http-nio-8082"]
2023-03-10 14:20:01,676 INFO org.apache.juli.logging.DirectJDKLog [main] Starting service [Tomcat]
2023-03-10 14:20:01,677 INFO org.apache.juli.logging.DirectJDKLog [main] Starting Servlet engine: [Apache Tomcat/9.0.68]
2023-03-10 14:20:01,994 INFO org.apache.juli.logging.DirectJDKLog [main] Initializing Spring embedded WebApplicationContext
2023-03-10 14:20:01,994 INFO org.springframework.boot.web.servlet.context.ServletWebServerApplicationContext [main] Root WebApplicationContext: initialization completed in 2412 ms
2023-03-10 14:20:02,851 INFO com.zaxxer.hikari.HikariDataSource [main] HikariPool-1 - Starting...
2023-03-10 14:20:02,858 WARN com.zaxxer.hikari.util.DriverDataSource [main] Registered driver with driverClassName=oracle.jdbc.driver.OracleDriver was not found, trying direct instantiation.
2023-03-10 14:20:03,513 INFO com.zaxxer.hikari.HikariDataSource [main] HikariPool-1 - Start completed.
2023-03-10 14:20:04,886 INFO org.springframework.orm.jpa.AbstractEntityManagerFactoryBean [main] Initialized JPA EntityManagerFactory for persistence unit 'default'
2023-03-10 14:20:05,464 WARN org.springframework.boot.autoconfigure.orm.jpa.JpaBaseConfiguration$JpaWebConfiguration [main] spring.jpa.open-in-view is enabled by default. Therefore, database queries may be performed during view rendering. Explicitly configure spring.jpa.open-in-view to disable this warning
2023-03-10 14:20:05,579 DEBUG org.springframework.web.servlet.handler.AbstractHandlerMethodMapping [main] 11 mappings in 'requestMappingHandlerMapping'
2023-03-10 14:20:05,827 DEBUG org.springframework.web.servlet.mvc.method.annotation.RequestMappingHandlerAdapter [main] ControllerAdvice beans: 0 @ModelAttribute, 0 @InitBinder, 1 RequestBodyAdvice, 1 ResponseBodyAdvice
2023-03-10 14:20:05,889 DEBUG org.springframework.web.servlet.handler.SimpleUrlHandlerMapping [main] Patterns [/swagger-ui/] in 'viewControllerHandlerMapping'
2023-03-10 14:20:05,916 DEBUG org.springframework.web.servlet.handler.SimpleUrlHandlerMapping [main] Patterns [/webjars/**, /**, /swagger-ui/**] in 'resourceHandlerMapping'
2023-03-10 14:20:05,925 DEBUG org.springframework.web.servlet.mvc.method.annotation.ExceptionHandlerExceptionResolver [main] ControllerAdvice beans: 0 @ExceptionHandler, 1 ResponseBodyAdvice
2023-03-10 14:20:06,044 INFO org.apache.juli.logging.DirectJDKLog [main] Starting ProtocolHandler ["http-nio-8082"]
2023-03-10 14:20:06,122 INFO org.springframework.boot.web.embedded.tomcat.TomcatWebServer [main] Tomcat started on port(s): 8082 (http) with context path ''
2023-03-10 14:20:06,549 INFO org.springframework.boot.StartupInfoLogger [main] Started PFEApplication in 7.804 seconds (JVM running for 8.852)
2023-03-10 14:20:06,552 DEBUG ma.pfe.PFEApplication [main] start application log 1 
2023-03-10 14:20:06,552 WARN ma.pfe.PFEApplication [main] start application log 2 
2023-03-10 14:20:06,553 INFO ma.pfe.PFEApplication [main] start application log 3 
2023-03-10 14:20:06,553 ERROR ma.pfe.PFEApplication [main] start application log 4 
2023-03-10 14:27:59,981 INFO org.springframework.orm.jpa.AbstractEntityManagerFactoryBean [SpringApplicationShutdownHook] Closing JPA EntityManagerFactory for persistence unit 'default'
2023-03-10 14:27:59,984 INFO com.zaxxer.hikari.HikariDataSource [SpringApplicationShutdownHook] HikariPool-1 - Shutdown initiated...
2023-03-10 14:28:00,005 INFO com.zaxxer.hikari.HikariDataSource [SpringApplicationShutdownHook] HikariPool-1 - Shutdown completed.
2023-03-10 14:28:04,476 INFO org.springframework.boot.StartupInfoLogger [main] Starting PFEApplication using Java 1.8.0_191 on LAPTOP-24AABF17 with PID 21664 (C:\Users\zineb kourifa\OneDrive\Documents\Bureau\TPs_JAVA\PFEProject\target\classes started by zineb kourifa in C:\Users\zineb kourifa\OneDrive\Documents\Bureau\TPs_JAVA\PFEProject)
2023-03-10 14:28:04,480 DEBUG org.springframework.boot.StartupInfoLogger [main] Running with Spring Boot v2.7.5, Spring v5.3.23
2023-03-10 14:28:04,480 INFO org.springframework.boot.SpringApplication [main] The following 1 profile is active: "dev"
2023-03-10 14:28:05,752 INFO org.springframework.data.repository.config.RepositoryConfigurationDelegate [main] Bootstrapping Spring Data JPA repositories in DEFAULT mode.
2023-03-10 14:28:05,776 INFO org.springframework.data.repository.config.RepositoryConfigurationDelegate [main] Finished Spring Data repository scanning in 10 ms. Found 0 JPA repository interfaces.
2023-03-10 14:28:06,863 INFO org.springframework.boot.web.embedded.tomcat.TomcatWebServer [main] Tomcat initialized with port(s): 8082 (http)
2023-03-10 14:28:06,879 INFO org.apache.juli.logging.DirectJDKLog [main] Initializing ProtocolHandler ["http-nio-8082"]
2023-03-10 14:28:06,880 INFO org.apache.juli.logging.DirectJDKLog [main] Starting service [Tomcat]
2023-03-10 14:28:06,880 INFO org.apache.juli.logging.DirectJDKLog [main] Starting Servlet engine: [Apache Tomcat/9.0.68]
2023-03-10 14:28:07,176 INFO org.apache.juli.logging.DirectJDKLog [main] Initializing Spring embedded WebApplicationContext
2023-03-10 14:28:07,176 INFO org.springframework.boot.web.servlet.context.ServletWebServerApplicationContext [main] Root WebApplicationContext: initialization completed in 2626 ms
2023-03-10 14:28:07,893 INFO com.zaxxer.hikari.HikariDataSource [main] HikariPool-1 - Starting...
2023-03-10 14:28:07,900 WARN com.zaxxer.hikari.util.DriverDataSource [main] Registered driver with driverClassName=oracle.jdbc.driver.OracleDriver was not found, trying direct instantiation.
2023-03-10 14:28:08,387 INFO com.zaxxer.hikari.HikariDataSource [main] HikariPool-1 - Start completed.
2023-03-10 14:28:09,497 INFO org.springframework.orm.jpa.AbstractEntityManagerFactoryBean [main] Initialized JPA EntityManagerFactory for persistence unit 'default'
2023-03-10 14:28:10,009 WARN org.springframework.boot.autoconfigure.orm.jpa.JpaBaseConfiguration$JpaWebConfiguration [main] spring.jpa.open-in-view is enabled by default. Therefore, database queries may be performed during view rendering. Explicitly configure spring.jpa.open-in-view to disable this warning
2023-03-10 14:28:10,187 DEBUG org.springframework.web.servlet.handler.AbstractHandlerMethodMapping [main] 11 mappings in 'requestMappingHandlerMapping'
2023-03-10 14:28:10,431 DEBUG org.springframework.web.servlet.mvc.method.annotation.RequestMappingHandlerAdapter [main] ControllerAdvice beans: 0 @ModelAttribute, 0 @InitBinder, 1 RequestBodyAdvice, 1 ResponseBodyAdvice
2023-03-10 14:28:10,488 DEBUG org.springframework.web.servlet.handler.SimpleUrlHandlerMapping [main] Patterns [/swagger-ui/] in 'viewControllerHandlerMapping'
2023-03-10 14:28:10,511 DEBUG org.springframework.web.servlet.handler.SimpleUrlHandlerMapping [main] Patterns [/webjars/**, /**, /swagger-ui/**] in 'resourceHandlerMapping'
2023-03-10 14:28:10,520 DEBUG org.springframework.web.servlet.mvc.method.annotation.ExceptionHandlerExceptionResolver [main] ControllerAdvice beans: 0 @ExceptionHandler, 1 ResponseBodyAdvice
2023-03-10 14:28:10,639 INFO org.apache.juli.logging.DirectJDKLog [main] Starting ProtocolHandler ["http-nio-8082"]
2023-03-10 14:28:10,676 INFO org.springframework.boot.web.embedded.tomcat.TomcatWebServer [main] Tomcat started on port(s): 8082 (http) with context path ''
2023-03-10 14:28:11,048 INFO org.springframework.boot.StartupInfoLogger [main] Started PFEApplication in 7.178 seconds (JVM running for 8.028)
2023-03-10 14:28:11,053 DEBUG ma.pfe.PFEApplication [main] start application log 1 
2023-03-10 14:28:11,053 WARN ma.pfe.PFEApplication [main] start application log 2 
2023-03-10 14:28:11,053 INFO ma.pfe.PFEApplication [main] start application log 3 
2023-03-10 14:28:11,053 ERROR ma.pfe.PFEApplication [main] start application log 4 
