2023-03-12 15:24:15,624 WARN com.zaxxer.hikari.pool.HikariPool$HouseKeeper [HikariPool-1 housekeeper] HikariPool-1 - Thread starvation or clock leap detected (housekeeper delta=23h51m35s99ms932µs500ns).
2023-03-12 15:24:20,164 INFO org.springframework.orm.jpa.AbstractEntityManagerFactoryBean [SpringApplicationShutdownHook] Closing JPA EntityManagerFactory for persistence unit 'default'
2023-03-12 15:24:20,193 INFO com.zaxxer.hikari.HikariDataSource [SpringApplicationShutdownHook] HikariPool-1 - Shutdown initiated...
2023-03-12 15:24:20,199 INFO com.zaxxer.hikari.HikariDataSource [SpringApplicationShutdownHook] HikariPool-1 - Shutdown completed.
2023-03-12 15:59:43,601 INFO org.springframework.boot.StartupInfoLogger [main] Starting PFEApplication using Java 1.8.0_191 on LAPTOP-24AABF17 with PID 23736 (C:\Users\zineb kourifa\OneDrive\Documents\Bureau\TPs_JAVA\PFEProject\target\classes started by zineb kourifa in C:\Users\zineb kourifa\OneDrive\Documents\Bureau\TPs_JAVA\PFEProject)
2023-03-12 15:59:43,605 DEBUG org.springframework.boot.StartupInfoLogger [main] Running with Spring Boot v2.7.5, Spring v5.3.23
2023-03-12 15:59:43,606 INFO org.springframework.boot.SpringApplication [main] The following 1 profile is active: "dev"
2023-03-12 15:59:44,692 INFO org.springframework.data.repository.config.RepositoryConfigurationDelegate [main] Bootstrapping Spring Data JPA repositories in DEFAULT mode.
2023-03-12 15:59:44,717 INFO org.springframework.data.repository.config.RepositoryConfigurationDelegate [main] Finished Spring Data repository scanning in 9 ms. Found 0 JPA repository interfaces.
2023-03-12 15:59:45,861 INFO org.springframework.boot.web.embedded.tomcat.TomcatWebServer [main] Tomcat initialized with port(s): 8082 (http)
2023-03-12 15:59:45,878 INFO org.apache.juli.logging.DirectJDKLog [main] Initializing ProtocolHandler ["http-nio-8082"]
2023-03-12 15:59:45,879 INFO org.apache.juli.logging.DirectJDKLog [main] Starting service [Tomcat]
2023-03-12 15:59:45,879 INFO org.apache.juli.logging.DirectJDKLog [main] Starting Servlet engine: [Apache Tomcat/9.0.68]
2023-03-12 15:59:46,148 INFO org.apache.juli.logging.DirectJDKLog [main] Initializing Spring embedded WebApplicationContext
2023-03-12 15:59:46,149 INFO org.springframework.boot.web.servlet.context.ServletWebServerApplicationContext [main] Root WebApplicationContext: initialization completed in 2487 ms
2023-03-12 15:59:47,027 INFO com.zaxxer.hikari.HikariDataSource [main] HikariPool-1 - Starting...
2023-03-12 15:59:47,031 WARN com.zaxxer.hikari.util.DriverDataSource [main] Registered driver with driverClassName=oracle.jdbc.driver.OracleDriver was not found, trying direct instantiation.
2023-03-12 15:59:47,853 INFO com.zaxxer.hikari.HikariDataSource [main] HikariPool-1 - Start completed.
2023-03-12 15:59:49,211 INFO org.springframework.orm.jpa.AbstractEntityManagerFactoryBean [main] Initialized JPA EntityManagerFactory for persistence unit 'default'
2023-03-12 15:59:49,667 WARN org.springframework.boot.autoconfigure.orm.jpa.JpaBaseConfiguration$JpaWebConfiguration [main] spring.jpa.open-in-view is enabled by default. Therefore, database queries may be performed during view rendering. Explicitly configure spring.jpa.open-in-view to disable this warning
2023-03-12 15:59:49,781 DEBUG org.springframework.web.servlet.handler.AbstractHandlerMethodMapping [main] 11 mappings in 'requestMappingHandlerMapping'
2023-03-12 15:59:49,996 DEBUG org.springframework.web.servlet.mvc.method.annotation.RequestMappingHandlerAdapter [main] ControllerAdvice beans: 0 @ModelAttribute, 0 @InitBinder, 1 RequestBodyAdvice, 1 ResponseBodyAdvice
2023-03-12 15:59:50,046 DEBUG org.springframework.web.servlet.handler.SimpleUrlHandlerMapping [main] Patterns [/swagger-ui/] in 'viewControllerHandlerMapping'
2023-03-12 15:59:50,064 DEBUG org.springframework.web.servlet.handler.SimpleUrlHandlerMapping [main] Patterns [/webjars/**, /**, /swagger-ui/**] in 'resourceHandlerMapping'
2023-03-12 15:59:50,072 DEBUG org.springframework.web.servlet.mvc.method.annotation.ExceptionHandlerExceptionResolver [main] ControllerAdvice beans: 0 @ExceptionHandler, 1 ResponseBodyAdvice
2023-03-12 15:59:50,170 INFO org.apache.juli.logging.DirectJDKLog [main] Starting ProtocolHandler ["http-nio-8082"]
2023-03-12 15:59:50,188 INFO org.springframework.boot.web.embedded.tomcat.TomcatWebServer [main] Tomcat started on port(s): 8082 (http) with context path ''
2023-03-12 15:59:50,488 INFO org.springframework.boot.StartupInfoLogger [main] Started PFEApplication in 7.512 seconds (JVM running for 8.256)
2023-03-12 15:59:50,491 DEBUG ma.pfe.PFEApplication [main] start application log 1 
2023-03-12 15:59:50,492 WARN ma.pfe.PFEApplication [main] start application log 2 
2023-03-12 15:59:50,492 INFO ma.pfe.PFEApplication [main] start application log 3 
2023-03-12 15:59:50,492 ERROR ma.pfe.PFEApplication [main] start application log 4 
2023-03-12 15:59:56,801 INFO org.apache.juli.logging.DirectJDKLog [http-nio-8082-exec-1] Initializing Spring DispatcherServlet 'dispatcherServlet'
2023-03-12 15:59:56,801 INFO org.springframework.web.servlet.FrameworkServlet [http-nio-8082-exec-1] Initializing Servlet 'dispatcherServlet'
2023-03-12 15:59:56,801 DEBUG org.springframework.web.servlet.DispatcherServlet [http-nio-8082-exec-1] Detected StandardServletMultipartResolver
2023-03-12 15:59:56,802 DEBUG org.springframework.web.servlet.DispatcherServlet [http-nio-8082-exec-1] Detected AcceptHeaderLocaleResolver
2023-03-12 15:59:56,802 DEBUG org.springframework.web.servlet.DispatcherServlet [http-nio-8082-exec-1] Detected FixedThemeResolver
2023-03-12 15:59:56,803 DEBUG org.springframework.web.servlet.DispatcherServlet [http-nio-8082-exec-1] Detected org.springframework.web.servlet.view.DefaultRequestToViewNameTranslator@30e2016a
2023-03-12 15:59:56,803 DEBUG org.springframework.web.servlet.DispatcherServlet [http-nio-8082-exec-1] Detected org.springframework.web.servlet.support.SessionFlashMapManager@6c1e40d9
2023-03-12 15:59:56,804 DEBUG org.springframework.web.servlet.FrameworkServlet [http-nio-8082-exec-1] enableLoggingRequestDetails='false': request parameters and headers will be masked to prevent unsafe logging of potentially sensitive data
2023-03-12 15:59:56,804 INFO org.springframework.web.servlet.FrameworkServlet [http-nio-8082-exec-1] Completed initialization in 3 ms
2023-03-12 15:59:56,815 DEBUG org.springframework.core.log.LogFormatUtils [http-nio-8082-exec-1] GET "/PFEPROJECT/swagger-ui/", parameters={}
2023-03-12 15:59:56,823 DEBUG org.springframework.web.servlet.handler.AbstractHandlerMapping [http-nio-8082-exec-1] Mapped to ResourceHttpRequestHandler [classpath [META-INF/resources/], classpath [resources/], classpath [static/], classpath [public/], ServletContext [/]]
2023-03-12 15:59:56,911 DEBUG org.springframework.web.servlet.resource.ResourceHttpRequestHandler [http-nio-8082-exec-1] Resource not found
2023-03-12 15:59:56,914 DEBUG org.springframework.web.servlet.FrameworkServlet [http-nio-8082-exec-1] Completed 404 NOT_FOUND
2023-03-12 15:59:56,919 DEBUG org.springframework.core.log.LogFormatUtils [http-nio-8082-exec-1] "ERROR" dispatch for GET "/error", parameters={}
2023-03-12 15:59:56,921 DEBUG org.springframework.web.servlet.handler.AbstractHandlerMapping [http-nio-8082-exec-1] Mapped to org.springframework.boot.autoconfigure.web.servlet.error.BasicErrorController#errorHtml(HttpServletRequest, HttpServletResponse)
2023-03-12 15:59:56,958 DEBUG org.springframework.web.servlet.view.ContentNegotiatingViewResolver [http-nio-8082-exec-1] Selected 'text/html' given [text/html, text/html;q=0.8]
2023-03-12 15:59:56,963 DEBUG org.springframework.web.servlet.FrameworkServlet [http-nio-8082-exec-1] Exiting from "ERROR" dispatch, status 404
2023-03-12 16:00:08,674 DEBUG org.springframework.core.log.LogFormatUtils [http-nio-8082-exec-4] GET "/PFEProject/swagger-ui/", parameters={}
2023-03-12 16:00:08,677 DEBUG org.springframework.web.servlet.handler.AbstractHandlerMapping [http-nio-8082-exec-4] Mapped to ResourceHttpRequestHandler [classpath [META-INF/resources/], classpath [resources/], classpath [static/], classpath [public/], ServletContext [/]]
2023-03-12 16:00:08,679 DEBUG org.springframework.web.servlet.resource.ResourceHttpRequestHandler [http-nio-8082-exec-4] Resource not found
2023-03-12 16:00:08,679 DEBUG org.springframework.web.servlet.FrameworkServlet [http-nio-8082-exec-4] Completed 404 NOT_FOUND
2023-03-12 16:00:08,680 DEBUG org.springframework.core.log.LogFormatUtils [http-nio-8082-exec-4] "ERROR" dispatch for GET "/error", parameters={}
2023-03-12 16:00:08,680 DEBUG org.springframework.web.servlet.handler.AbstractHandlerMapping [http-nio-8082-exec-4] Mapped to org.springframework.boot.autoconfigure.web.servlet.error.BasicErrorController#errorHtml(HttpServletRequest, HttpServletResponse)
2023-03-12 16:00:08,683 DEBUG org.springframework.web.servlet.view.ContentNegotiatingViewResolver [http-nio-8082-exec-4] Selected 'text/html' given [text/html, text/html;q=0.8]
2023-03-12 16:00:08,684 DEBUG org.springframework.web.servlet.FrameworkServlet [http-nio-8082-exec-4] Exiting from "ERROR" dispatch, status 404
