2023-05-02 12:23:04,909 INFO org.springframework.boot.StartupInfoLogger [main] Starting PFEApplication using Java 1.8.0_191 on LAPTOP-24AABF17 with PID 15408 (C:\Users\zineb kourifa\OneDrive\Documents\Bureau\TPs_JAVA\PFEProject\target\classes started by zineb kourifa in C:\Users\zineb kourifa\OneDrive\Documents\Bureau\TPs_JAVA\PFEProject)
2023-05-02 12:23:04,913 DEBUG org.springframework.boot.StartupInfoLogger [main] Running with Spring Boot v2.7.5, Spring v5.3.23
2023-05-02 12:23:04,914 INFO org.springframework.boot.SpringApplication [main] The following 1 profile is active: "dev"
2023-05-02 12:23:06,055 INFO org.springframework.data.repository.config.RepositoryConfigurationDelegate [main] Bootstrapping Spring Data JPA repositories in DEFAULT mode.
2023-05-02 12:23:06,121 INFO org.springframework.data.repository.config.RepositoryConfigurationDelegate [main] Finished Spring Data repository scanning in 53 ms. Found 1 JPA repository interfaces.
2023-05-02 12:23:07,178 INFO org.springframework.boot.web.embedded.tomcat.TomcatWebServer [main] Tomcat initialized with port(s): 8082 (http)
2023-05-02 12:23:07,191 INFO org.apache.juli.logging.DirectJDKLog [main] Initializing ProtocolHandler ["http-nio-8082"]
2023-05-02 12:23:07,192 INFO org.apache.juli.logging.DirectJDKLog [main] Starting service [Tomcat]
2023-05-02 12:23:07,192 INFO org.apache.juli.logging.DirectJDKLog [main] Starting Servlet engine: [Apache Tomcat/9.0.68]
2023-05-02 12:23:07,485 INFO org.apache.juli.logging.DirectJDKLog [main] Initializing Spring embedded WebApplicationContext
2023-05-02 12:23:07,485 INFO org.springframework.boot.web.servlet.context.ServletWebServerApplicationContext [main] Root WebApplicationContext: initialization completed in 2515 ms
2023-05-02 12:23:08,253 INFO com.zaxxer.hikari.HikariDataSource [main] HikariPool-1 - Starting...
2023-05-02 12:23:08,257 WARN com.zaxxer.hikari.util.DriverDataSource [main] Registered driver with driverClassName=oracle.jdbc.driver.OracleDriver was not found, trying direct instantiation.
2023-05-02 12:23:09,180 INFO com.zaxxer.hikari.HikariDataSource [main] HikariPool-1 - Start completed.
2023-05-02 12:23:11,292 INFO org.springframework.orm.jpa.AbstractEntityManagerFactoryBean [main] Initialized JPA EntityManagerFactory for persistence unit 'default'
2023-05-02 12:23:12,106 WARN org.springframework.boot.autoconfigure.orm.jpa.JpaBaseConfiguration$JpaWebConfiguration [main] spring.jpa.open-in-view is enabled by default. Therefore, database queries may be performed during view rendering. Explicitly configure spring.jpa.open-in-view to disable this warning
2023-05-02 12:23:12,210 DEBUG org.springframework.web.servlet.handler.AbstractHandlerMethodMapping [main] 11 mappings in 'requestMappingHandlerMapping'
2023-05-02 12:23:12,410 DEBUG org.springframework.web.servlet.mvc.method.annotation.RequestMappingHandlerAdapter [main] ControllerAdvice beans: 0 @ModelAttribute, 0 @InitBinder, 1 RequestBodyAdvice, 1 ResponseBodyAdvice
2023-05-02 12:23:12,470 DEBUG org.springframework.web.servlet.handler.SimpleUrlHandlerMapping [main] Patterns [/swagger-ui/] in 'viewControllerHandlerMapping'
2023-05-02 12:23:12,495 DEBUG org.springframework.web.servlet.handler.SimpleUrlHandlerMapping [main] Patterns [/webjars/**, /**, /swagger-ui/**] in 'resourceHandlerMapping'
2023-05-02 12:23:12,503 DEBUG org.springframework.web.servlet.mvc.method.annotation.ExceptionHandlerExceptionResolver [main] ControllerAdvice beans: 0 @ExceptionHandler, 1 ResponseBodyAdvice
2023-05-02 12:23:12,610 INFO org.apache.juli.logging.DirectJDKLog [main] Starting ProtocolHandler ["http-nio-8082"]
2023-05-02 12:23:12,633 INFO org.springframework.boot.web.embedded.tomcat.TomcatWebServer [main] Tomcat started on port(s): 8082 (http) with context path ''
2023-05-02 12:23:12,864 INFO org.springframework.boot.StartupInfoLogger [main] Started PFEApplication in 8.603 seconds (JVM running for 9.44)
2023-05-02 12:23:12,868 INFO ma.pfe.PFEApplication [main] Access URLs:
----------------------------------------------------------
	Local: 		http://127.0.0.1:8082/swagger-ui/#/
	External: 	http://192.168.11.142:8082/swagger-ui/#/
----------------------------------------------------------
2023-05-02 12:23:19,853 INFO org.apache.juli.logging.DirectJDKLog [http-nio-8082-exec-2] Initializing Spring DispatcherServlet 'dispatcherServlet'
2023-05-02 12:23:19,854 INFO org.springframework.web.servlet.FrameworkServlet [http-nio-8082-exec-2] Initializing Servlet 'dispatcherServlet'
2023-05-02 12:23:19,854 DEBUG org.springframework.web.servlet.DispatcherServlet [http-nio-8082-exec-2] Detected StandardServletMultipartResolver
2023-05-02 12:23:19,854 DEBUG org.springframework.web.servlet.DispatcherServlet [http-nio-8082-exec-2] Detected AcceptHeaderLocaleResolver
2023-05-02 12:23:19,855 DEBUG org.springframework.web.servlet.DispatcherServlet [http-nio-8082-exec-2] Detected FixedThemeResolver
2023-05-02 12:23:19,856 DEBUG org.springframework.web.servlet.DispatcherServlet [http-nio-8082-exec-2] Detected org.springframework.web.servlet.view.DefaultRequestToViewNameTranslator@54e94de9
2023-05-02 12:23:19,856 DEBUG org.springframework.web.servlet.DispatcherServlet [http-nio-8082-exec-2] Detected org.springframework.web.servlet.support.SessionFlashMapManager@186dcb05
2023-05-02 12:23:19,857 DEBUG org.springframework.web.servlet.FrameworkServlet [http-nio-8082-exec-2] enableLoggingRequestDetails='false': request parameters and headers will be masked to prevent unsafe logging of potentially sensitive data
2023-05-02 12:23:19,857 INFO org.springframework.web.servlet.FrameworkServlet [http-nio-8082-exec-2] Completed initialization in 3 ms
2023-05-02 12:23:19,872 DEBUG org.springframework.core.log.LogFormatUtils [http-nio-8082-exec-2] GET "/swagger-ui/", parameters={}
2023-05-02 12:23:19,882 DEBUG org.springframework.web.servlet.handler.AbstractHandlerMapping [http-nio-8082-exec-2] Mapped to ParameterizableViewController [view="forward:/swagger-ui/index.html"]
2023-05-02 12:23:19,891 DEBUG org.springframework.web.servlet.view.ContentNegotiatingViewResolver [http-nio-8082-exec-2] Selected 'text/html' given [text/html, application/xhtml+xml, image/avif, image/webp, image/apng, application/xml;q=0.9, application/signed-exchange;v=b3;q=0.9, */*;q=0.8]
2023-05-02 12:23:19,892 DEBUG org.springframework.web.servlet.view.AbstractView [http-nio-8082-exec-2] View name 'forward:', model {}
2023-05-02 12:23:19,893 DEBUG org.springframework.web.servlet.view.InternalResourceView [http-nio-8082-exec-2] Forwarding to [/swagger-ui/index.html]
2023-05-02 12:23:19,897 DEBUG org.springframework.core.log.LogFormatUtils [http-nio-8082-exec-2] "FORWARD" dispatch for GET "/swagger-ui/index.html", parameters={}
2023-05-02 12:23:19,901 DEBUG org.springframework.web.servlet.handler.AbstractHandlerMapping [http-nio-8082-exec-2] Mapped to ResourceHttpRequestHandler [classpath [META-INF/resources/webjars/springfox-swagger-ui/]]
2023-05-02 12:23:19,912 DEBUG org.springframework.web.servlet.FrameworkServlet [http-nio-8082-exec-2] Exiting from "FORWARD" dispatch, status 200
2023-05-02 12:23:19,914 DEBUG org.springframework.web.servlet.FrameworkServlet [http-nio-8082-exec-2] Completed 200 OK
2023-05-02 12:23:19,929 DEBUG org.springframework.core.log.LogFormatUtils [http-nio-8082-exec-1] GET "/swagger-ui/springfox.css?v=3.0.0", parameters={masked}
2023-05-02 12:23:19,929 DEBUG org.springframework.core.log.LogFormatUtils [http-nio-8082-exec-4] GET "/swagger-ui/swagger-ui-bundle.js?v=3.0.0", parameters={masked}
2023-05-02 12:23:19,931 DEBUG org.springframework.core.log.LogFormatUtils [http-nio-8082-exec-7] GET "/swagger-ui/springfox.js?v=3.0.0", parameters={masked}
2023-05-02 12:23:19,931 DEBUG org.springframework.core.log.LogFormatUtils [http-nio-8082-exec-3] GET "/swagger-ui/swagger-ui.css?v=3.0.0", parameters={masked}
2023-05-02 12:23:19,931 DEBUG org.springframework.core.log.LogFormatUtils [http-nio-8082-exec-5] GET "/swagger-ui/swagger-ui-standalone-preset.js?v=3.0.0", parameters={masked}
2023-05-02 12:23:19,931 DEBUG org.springframework.web.servlet.handler.AbstractHandlerMapping [http-nio-8082-exec-1] Mapped to ResourceHttpRequestHandler [classpath [META-INF/resources/webjars/springfox-swagger-ui/]]
2023-05-02 12:23:19,934 DEBUG org.springframework.web.servlet.handler.AbstractHandlerMapping [http-nio-8082-exec-3] Mapped to ResourceHttpRequestHandler [classpath [META-INF/resources/webjars/springfox-swagger-ui/]]
2023-05-02 12:23:19,932 DEBUG org.springframework.web.servlet.handler.AbstractHandlerMapping [http-nio-8082-exec-4] Mapped to ResourceHttpRequestHandler [classpath [META-INF/resources/webjars/springfox-swagger-ui/]]
2023-05-02 12:23:19,933 DEBUG org.springframework.web.servlet.handler.AbstractHandlerMapping [http-nio-8082-exec-7] Mapped to ResourceHttpRequestHandler [classpath [META-INF/resources/webjars/springfox-swagger-ui/]]
2023-05-02 12:23:19,935 DEBUG org.springframework.web.servlet.handler.AbstractHandlerMapping [http-nio-8082-exec-5] Mapped to ResourceHttpRequestHandler [classpath [META-INF/resources/webjars/springfox-swagger-ui/]]
2023-05-02 12:23:19,945 DEBUG org.springframework.web.servlet.FrameworkServlet [http-nio-8082-exec-3] Completed 200 OK
2023-05-02 12:23:19,951 DEBUG org.springframework.web.servlet.FrameworkServlet [http-nio-8082-exec-1] Completed 200 OK
2023-05-02 12:23:19,958 DEBUG org.springframework.web.servlet.FrameworkServlet [http-nio-8082-exec-7] Completed 200 OK
2023-05-02 12:23:19,966 DEBUG org.springframework.web.servlet.FrameworkServlet [http-nio-8082-exec-5] Completed 200 OK
2023-05-02 12:23:19,977 DEBUG org.springframework.web.servlet.FrameworkServlet [http-nio-8082-exec-4] Completed 200 OK
2023-05-02 12:23:20,228 DEBUG org.springframework.core.log.LogFormatUtils [http-nio-8082-exec-6] GET "/swagger-resources/configuration/ui", parameters={}
2023-05-02 12:23:20,230 DEBUG org.springframework.web.servlet.handler.AbstractHandlerMapping [http-nio-8082-exec-6] Mapped to springfox.documentation.swagger.web.ApiResourceController#uiConfiguration()
2023-05-02 12:23:20,232 DEBUG org.springframework.core.log.LogFormatUtils [http-nio-8082-exec-9] GET "/swagger-ui/favicon-32x32.png?v=3.0.0", parameters={masked}
2023-05-02 12:23:20,235 DEBUG org.springframework.web.servlet.handler.AbstractHandlerMapping [http-nio-8082-exec-9] Mapped to ResourceHttpRequestHandler [classpath [META-INF/resources/webjars/springfox-swagger-ui/]]
2023-05-02 12:23:20,241 DEBUG org.springframework.web.servlet.FrameworkServlet [http-nio-8082-exec-9] Completed 200 OK
2023-05-02 12:23:20,256 DEBUG org.springframework.web.servlet.mvc.method.annotation.AbstractMessageConverterMethodProcessor [http-nio-8082-exec-6] Using 'application/json', given [application/json] and supported [application/json]
2023-05-02 12:23:20,311 DEBUG org.springframework.core.log.LogFormatUtils [http-nio-8082-exec-6] Writing [springfox.documentation.swagger.web.UiConfiguration@249b2d2e]
2023-05-02 12:23:20,328 DEBUG org.springframework.web.servlet.FrameworkServlet [http-nio-8082-exec-6] Completed 200 OK
2023-05-02 12:23:20,332 DEBUG org.springframework.core.log.LogFormatUtils [http-nio-8082-exec-8] GET "/swagger-resources/configuration/security", parameters={}
2023-05-02 12:23:20,332 DEBUG org.springframework.web.servlet.handler.AbstractHandlerMapping [http-nio-8082-exec-8] Mapped to springfox.documentation.swagger.web.ApiResourceController#securityConfiguration()
2023-05-02 12:23:20,333 DEBUG org.springframework.web.servlet.mvc.method.annotation.AbstractMessageConverterMethodProcessor [http-nio-8082-exec-8] Using 'application/json', given [application/json] and supported [application/json]
2023-05-02 12:23:20,336 DEBUG org.springframework.core.log.LogFormatUtils [http-nio-8082-exec-8] Writing [springfox.documentation.swagger.web.SecurityConfiguration@760ec7ce]
2023-05-02 12:23:20,337 DEBUG org.springframework.web.servlet.FrameworkServlet [http-nio-8082-exec-8] Completed 200 OK
2023-05-02 12:23:20,348 DEBUG org.springframework.core.log.LogFormatUtils [http-nio-8082-exec-10] GET "/swagger-resources", parameters={}
2023-05-02 12:23:20,349 DEBUG org.springframework.web.servlet.handler.AbstractHandlerMapping [http-nio-8082-exec-10] Mapped to springfox.documentation.swagger.web.ApiResourceController#swaggerResources()
2023-05-02 12:23:20,351 DEBUG org.springframework.web.servlet.mvc.method.annotation.AbstractMessageConverterMethodProcessor [http-nio-8082-exec-10] Using 'application/json', given [application/json] and supported [application/json]
2023-05-02 12:23:20,354 DEBUG org.springframework.core.log.LogFormatUtils [http-nio-8082-exec-10] Writing [[springfox.documentation.swagger.web.SwaggerResource@330d0293]]
2023-05-02 12:23:20,357 DEBUG org.springframework.web.servlet.FrameworkServlet [http-nio-8082-exec-10] Completed 200 OK
2023-05-02 12:23:20,425 DEBUG org.springframework.core.log.LogFormatUtils [http-nio-8082-exec-2] GET "/v2/api-docs", parameters={}
2023-05-02 12:23:20,426 DEBUG org.springframework.web.servlet.handler.AbstractHandlerMapping [http-nio-8082-exec-2] Mapped to springfox.documentation.swagger2.web.Swagger2ControllerWebMvc#getDocumentation(String, HttpServletRequest)
2023-05-02 12:23:20,589 DEBUG org.springframework.web.servlet.mvc.method.annotation.AbstractMessageConverterMethodProcessor [http-nio-8082-exec-2] Using 'application/json', given [application/json, */*] and supported [application/json, application/hal+json]
2023-05-02 12:23:20,591 DEBUG org.springframework.core.log.LogFormatUtils [http-nio-8082-exec-2] Writing [springfox.documentation.spring.web.json.Json@72d3f94]
2023-05-02 12:23:20,592 DEBUG org.springframework.web.servlet.FrameworkServlet [http-nio-8082-exec-2] Completed 200 OK
2023-05-02 12:26:04,098 INFO org.springframework.orm.jpa.AbstractEntityManagerFactoryBean [SpringApplicationShutdownHook] Closing JPA EntityManagerFactory for persistence unit 'default'
2023-05-02 12:26:04,101 INFO com.zaxxer.hikari.HikariDataSource [SpringApplicationShutdownHook] HikariPool-1 - Shutdown initiated...
2023-05-02 12:26:04,109 INFO com.zaxxer.hikari.HikariDataSource [SpringApplicationShutdownHook] HikariPool-1 - Shutdown completed.
2023-05-02 16:03:10,357 INFO org.springframework.boot.StartupInfoLogger [main] Starting PFEApplication using Java 1.8.0_191 on LAPTOP-24AABF17 with PID 14960 (C:\Users\zineb kourifa\OneDrive\Documents\Bureau\TPs_JAVA\PFEProject\target\classes started by zineb kourifa in C:\Users\zineb kourifa\OneDrive\Documents\Bureau\TPs_JAVA\PFEProject)
2023-05-02 16:03:10,360 DEBUG org.springframework.boot.StartupInfoLogger [main] Running with Spring Boot v2.7.5, Spring v5.3.23
2023-05-02 16:03:10,360 INFO org.springframework.boot.SpringApplication [main] The following 1 profile is active: "dev"
2023-05-02 16:03:11,305 INFO org.springframework.data.repository.config.RepositoryConfigurationDelegate [main] Bootstrapping Spring Data JPA repositories in DEFAULT mode.
2023-05-02 16:03:11,365 INFO org.springframework.data.repository.config.RepositoryConfigurationDelegate [main] Finished Spring Data repository scanning in 49 ms. Found 1 JPA repository interfaces.
2023-05-02 16:03:12,208 INFO org.springframework.boot.web.embedded.tomcat.TomcatWebServer [main] Tomcat initialized with port(s): 8082 (http)
2023-05-02 16:03:12,236 INFO org.apache.juli.logging.DirectJDKLog [main] Initializing ProtocolHandler ["http-nio-8082"]
2023-05-02 16:03:12,238 INFO org.apache.juli.logging.DirectJDKLog [main] Starting service [Tomcat]
2023-05-02 16:03:12,239 INFO org.apache.juli.logging.DirectJDKLog [main] Starting Servlet engine: [Apache Tomcat/9.0.68]
2023-05-02 16:03:12,556 INFO org.apache.juli.logging.DirectJDKLog [main] Initializing Spring embedded WebApplicationContext
2023-05-02 16:03:12,556 INFO org.springframework.boot.web.servlet.context.ServletWebServerApplicationContext [main] Root WebApplicationContext: initialization completed in 2146 ms
2023-05-02 16:03:13,622 INFO com.zaxxer.hikari.HikariDataSource [main] HikariPool-1 - Starting...
2023-05-02 16:03:13,630 WARN com.zaxxer.hikari.util.DriverDataSource [main] Registered driver with driverClassName=oracle.jdbc.driver.OracleDriver was not found, trying direct instantiation.
2023-05-02 16:03:14,284 INFO com.zaxxer.hikari.HikariDataSource [main] HikariPool-1 - Start completed.
2023-05-02 16:03:16,058 INFO org.springframework.orm.jpa.AbstractEntityManagerFactoryBean [main] Initialized JPA EntityManagerFactory for persistence unit 'default'
2023-05-02 16:03:16,554 WARN org.springframework.boot.autoconfigure.orm.jpa.JpaBaseConfiguration$JpaWebConfiguration [main] spring.jpa.open-in-view is enabled by default. Therefore, database queries may be performed during view rendering. Explicitly configure spring.jpa.open-in-view to disable this warning
2023-05-02 16:03:16,645 DEBUG org.springframework.web.servlet.handler.AbstractHandlerMethodMapping [main] 11 mappings in 'requestMappingHandlerMapping'
2023-05-02 16:03:16,850 DEBUG org.springframework.web.servlet.mvc.method.annotation.RequestMappingHandlerAdapter [main] ControllerAdvice beans: 0 @ModelAttribute, 0 @InitBinder, 1 RequestBodyAdvice, 1 ResponseBodyAdvice
2023-05-02 16:03:16,899 DEBUG org.springframework.web.servlet.handler.SimpleUrlHandlerMapping [main] Patterns [/swagger-ui/] in 'viewControllerHandlerMapping'
2023-05-02 16:03:16,920 DEBUG org.springframework.web.servlet.handler.SimpleUrlHandlerMapping [main] Patterns [/webjars/**, /**, /swagger-ui/**] in 'resourceHandlerMapping'
2023-05-02 16:03:16,926 DEBUG org.springframework.web.servlet.mvc.method.annotation.ExceptionHandlerExceptionResolver [main] ControllerAdvice beans: 0 @ExceptionHandler, 1 ResponseBodyAdvice
2023-05-02 16:03:17,024 INFO org.apache.juli.logging.DirectJDKLog [main] Starting ProtocolHandler ["http-nio-8082"]
2023-05-02 16:03:17,042 INFO org.springframework.boot.web.embedded.tomcat.TomcatWebServer [main] Tomcat started on port(s): 8082 (http) with context path ''
2023-05-02 16:03:17,219 WARN springfox.documentation.schema.property.OptimizedModelPropertiesProvider [main] Unable to get unique property. Conflicting setter definitions for property "id": ma.pfe.dtos.StudentDto#setId(java.lang.Long) vs ma.pfe.dtos.StudentDto#setId(ma.pfe.entities.StudentEntity)
2023-05-02 16:03:17,230 WARN springfox.documentation.schema.property.OptimizedModelPropertiesProvider [main] Unable to get unique property. Conflicting setter definitions for property "id": ma.pfe.dtos.StudentDto#setId(java.lang.Long) vs ma.pfe.dtos.StudentDto#setId(ma.pfe.entities.StudentEntity)
2023-05-02 16:03:17,248 WARN springfox.documentation.schema.property.CachingModelPropertiesProvider [main] Exception calculating properties for model(ma.pfe.dtos.StudentDto) -> ModelContext{groupName=default, type=ma.pfe.dtos.StudentDto, isReturnType=true, view=Optional.empty}. Conflicting setter definitions for property "id": ma.pfe.dtos.StudentDto#setId(java.lang.Long) vs ma.pfe.dtos.StudentDto#setId(ma.pfe.entities.StudentEntity)
2023-05-02 16:03:17,251 WARN springfox.documentation.schema.property.CachingModelPropertiesProvider [main] Exception calculating properties for model(ma.pfe.dtos.StudentDto) -> ModelContext{groupName=default, type=ma.pfe.dtos.StudentDto, isReturnType=true, view=Optional.empty}. Conflicting setter definitions for property "id": ma.pfe.dtos.StudentDto#setId(java.lang.Long) vs ma.pfe.dtos.StudentDto#setId(ma.pfe.entities.StudentEntity)
2023-05-02 16:03:17,254 WARN springfox.documentation.schema.property.CachingModelPropertiesProvider [main] Exception calculating properties for model(ma.pfe.dtos.StudentDto) -> ModelContext{groupName=default, type=ma.pfe.dtos.StudentDto, isReturnType=true, view=Optional.empty}. Conflicting setter definitions for property "id": ma.pfe.dtos.StudentDto#setId(java.lang.Long) vs ma.pfe.dtos.StudentDto#setId(ma.pfe.entities.StudentEntity)
2023-05-02 16:03:17,288 INFO org.springframework.boot.StartupInfoLogger [main] Started PFEApplication in 7.448 seconds (JVM running for 8.105)
2023-05-02 16:03:17,292 INFO ma.pfe.PFEApplication [main] Access URLs:
----------------------------------------------------------
	Local: 		http://127.0.0.1:8082/swagger-ui/#/
	External: 	http://192.168.11.142:8082/swagger-ui/#/
----------------------------------------------------------
2023-05-02 16:04:21,972 INFO org.springframework.orm.jpa.AbstractEntityManagerFactoryBean [SpringApplicationShutdownHook] Closing JPA EntityManagerFactory for persistence unit 'default'
2023-05-02 16:04:21,975 INFO com.zaxxer.hikari.HikariDataSource [SpringApplicationShutdownHook] HikariPool-1 - Shutdown initiated...
2023-05-02 16:04:21,983 INFO com.zaxxer.hikari.HikariDataSource [SpringApplicationShutdownHook] HikariPool-1 - Shutdown completed.
2023-05-02 16:17:18,365 INFO org.springframework.boot.StartupInfoLogger [main] Starting PFEApplication using Java 1.8.0_191 on LAPTOP-24AABF17 with PID 16344 (C:\Users\zineb kourifa\OneDrive\Documents\Bureau\TPs_JAVA\PFEProject\target\classes started by zineb kourifa in C:\Users\zineb kourifa\OneDrive\Documents\Bureau\TPs_JAVA\PFEProject)
2023-05-02 16:17:18,370 DEBUG org.springframework.boot.StartupInfoLogger [main] Running with Spring Boot v2.7.5, Spring v5.3.23
2023-05-02 16:17:18,371 INFO org.springframework.boot.SpringApplication [main] The following 1 profile is active: "dev"
2023-05-02 16:17:19,266 INFO org.springframework.data.repository.config.RepositoryConfigurationDelegate [main] Bootstrapping Spring Data JPA repositories in DEFAULT mode.
2023-05-02 16:17:19,320 INFO org.springframework.data.repository.config.RepositoryConfigurationDelegate [main] Finished Spring Data repository scanning in 42 ms. Found 1 JPA repository interfaces.
2023-05-02 16:17:20,154 INFO org.springframework.boot.web.embedded.tomcat.TomcatWebServer [main] Tomcat initialized with port(s): 8082 (http)
2023-05-02 16:17:20,171 INFO org.apache.juli.logging.DirectJDKLog [main] Initializing ProtocolHandler ["http-nio-8082"]
2023-05-02 16:17:20,172 INFO org.apache.juli.logging.DirectJDKLog [main] Starting service [Tomcat]
2023-05-02 16:17:20,173 INFO org.apache.juli.logging.DirectJDKLog [main] Starting Servlet engine: [Apache Tomcat/9.0.68]
2023-05-02 16:17:20,470 INFO org.apache.juli.logging.DirectJDKLog [main] Initializing Spring embedded WebApplicationContext
2023-05-02 16:17:20,470 INFO org.springframework.boot.web.servlet.context.ServletWebServerApplicationContext [main] Root WebApplicationContext: initialization completed in 2041 ms
2023-05-02 16:17:21,135 INFO com.zaxxer.hikari.HikariDataSource [main] HikariPool-1 - Starting...
2023-05-02 16:17:21,139 WARN com.zaxxer.hikari.util.DriverDataSource [main] Registered driver with driverClassName=oracle.jdbc.driver.OracleDriver was not found, trying direct instantiation.
2023-05-02 16:17:21,507 INFO com.zaxxer.hikari.HikariDataSource [main] HikariPool-1 - Start completed.
2023-05-02 16:17:22,619 INFO org.springframework.orm.jpa.AbstractEntityManagerFactoryBean [main] Initialized JPA EntityManagerFactory for persistence unit 'default'
2023-05-02 16:17:23,297 WARN org.springframework.boot.autoconfigure.orm.jpa.JpaBaseConfiguration$JpaWebConfiguration [main] spring.jpa.open-in-view is enabled by default. Therefore, database queries may be performed during view rendering. Explicitly configure spring.jpa.open-in-view to disable this warning
2023-05-02 16:17:23,384 DEBUG org.springframework.web.servlet.handler.AbstractHandlerMethodMapping [main] 11 mappings in 'requestMappingHandlerMapping'
2023-05-02 16:17:23,614 DEBUG org.springframework.web.servlet.mvc.method.annotation.RequestMappingHandlerAdapter [main] ControllerAdvice beans: 0 @ModelAttribute, 0 @InitBinder, 1 RequestBodyAdvice, 1 ResponseBodyAdvice
2023-05-02 16:17:23,670 DEBUG org.springframework.web.servlet.handler.SimpleUrlHandlerMapping [main] Patterns [/swagger-ui/] in 'viewControllerHandlerMapping'
2023-05-02 16:17:23,692 DEBUG org.springframework.web.servlet.handler.SimpleUrlHandlerMapping [main] Patterns [/webjars/**, /**, /swagger-ui/**] in 'resourceHandlerMapping'
2023-05-02 16:17:23,701 DEBUG org.springframework.web.servlet.mvc.method.annotation.ExceptionHandlerExceptionResolver [main] ControllerAdvice beans: 0 @ExceptionHandler, 1 ResponseBodyAdvice
2023-05-02 16:17:23,816 INFO org.apache.juli.logging.DirectJDKLog [main] Starting ProtocolHandler ["http-nio-8082"]
2023-05-02 16:17:23,841 INFO org.springframework.boot.web.embedded.tomcat.TomcatWebServer [main] Tomcat started on port(s): 8082 (http) with context path ''
2023-05-02 16:17:24,026 WARN springfox.documentation.schema.property.OptimizedModelPropertiesProvider [main] Unable to get unique property. Conflicting setter definitions for property "id": ma.pfe.dtos.StudentDto#setId(java.lang.Long) vs ma.pfe.dtos.StudentDto#setId(ma.pfe.entities.StudentEntity)
2023-05-02 16:17:24,042 WARN springfox.documentation.schema.property.OptimizedModelPropertiesProvider [main] Unable to get unique property. Conflicting setter definitions for property "id": ma.pfe.dtos.StudentDto#setId(java.lang.Long) vs ma.pfe.dtos.StudentDto#setId(ma.pfe.entities.StudentEntity)
2023-05-02 16:17:24,068 WARN springfox.documentation.schema.property.CachingModelPropertiesProvider [main] Exception calculating properties for model(ma.pfe.dtos.StudentDto) -> ModelContext{groupName=default, type=ma.pfe.dtos.StudentDto, isReturnType=true, view=Optional.empty}. Conflicting setter definitions for property "id": ma.pfe.dtos.StudentDto#setId(java.lang.Long) vs ma.pfe.dtos.StudentDto#setId(ma.pfe.entities.StudentEntity)
2023-05-02 16:17:24,072 WARN springfox.documentation.schema.property.CachingModelPropertiesProvider [main] Exception calculating properties for model(ma.pfe.dtos.StudentDto) -> ModelContext{groupName=default, type=ma.pfe.dtos.StudentDto, isReturnType=true, view=Optional.empty}. Conflicting setter definitions for property "id": ma.pfe.dtos.StudentDto#setId(java.lang.Long) vs ma.pfe.dtos.StudentDto#setId(ma.pfe.entities.StudentEntity)
2023-05-02 16:17:24,074 WARN springfox.documentation.schema.property.CachingModelPropertiesProvider [main] Exception calculating properties for model(ma.pfe.dtos.StudentDto) -> ModelContext{groupName=default, type=ma.pfe.dtos.StudentDto, isReturnType=true, view=Optional.empty}. Conflicting setter definitions for property "id": ma.pfe.dtos.StudentDto#setId(java.lang.Long) vs ma.pfe.dtos.StudentDto#setId(ma.pfe.entities.StudentEntity)
2023-05-02 16:17:24,111 INFO org.springframework.boot.StartupInfoLogger [main] Started PFEApplication in 6.257 seconds (JVM running for 6.847)
2023-05-02 16:17:24,115 INFO ma.pfe.PFEApplication [main] Access URLs:
----------------------------------------------------------
	Local: 		http://127.0.0.1:8082/swagger-ui/#/
	External: 	http://192.168.11.142:8082/swagger-ui/#/
----------------------------------------------------------
2023-05-02 19:41:31,315 WARN com.zaxxer.hikari.pool.HikariPool$HouseKeeper [HikariPool-1 housekeeper] HikariPool-1 - Thread starvation or clock leap detected (housekeeper delta=3h12m45s600ms38µs).
2023-05-02 20:19:25,821 WARN com.zaxxer.hikari.pool.HikariPool$HouseKeeper [HikariPool-1 housekeeper] HikariPool-1 - Thread starvation or clock leap detected (housekeeper delta=27m24s335ms53µs701ns).
2023-05-02 23:27:56,246 WARN com.zaxxer.hikari.pool.HikariPool$HouseKeeper [HikariPool-1 housekeeper] HikariPool-1 - Thread starvation or clock leap detected (housekeeper delta=3h30s252ms312µs700ns).
