2023-05-12 11:40:45,877 WARN com.zaxxer.hikari.pool.HikariPool$HouseKeeper [HikariPool-1 housekeeper] HikariPool-1 - Thread starvation or clock leap detected (housekeeper delta=19h5m31s742ms965µs899ns).
2023-05-12 11:41:05,865 DEBUG org.springframework.core.log.LogFormatUtils [http-nio-8082-exec-4] GET "/swagger-ui/springfox.js?v=3.0.0", parameters={masked}
2023-05-12 11:41:05,865 DEBUG org.springframework.core.log.LogFormatUtils [http-nio-8082-exec-3] GET "/swagger-ui/swagger-ui.css?v=3.0.0", parameters={masked}
2023-05-12 11:41:05,865 DEBUG org.springframework.core.log.LogFormatUtils [http-nio-8082-exec-1] GET "/swagger-ui/swagger-ui-standalone-preset.js?v=3.0.0", parameters={masked}
2023-05-12 11:41:05,865 DEBUG org.springframework.core.log.LogFormatUtils [http-nio-8082-exec-10] GET "/swagger-ui/springfox.css?v=3.0.0", parameters={masked}
2023-05-12 11:41:05,865 DEBUG org.springframework.core.log.LogFormatUtils [http-nio-8082-exec-2] GET "/swagger-ui/swagger-ui-bundle.js?v=3.0.0", parameters={masked}
2023-05-12 11:41:05,881 DEBUG org.springframework.web.servlet.handler.AbstractHandlerMapping [http-nio-8082-exec-2] Mapped to ResourceHttpRequestHandler [classpath [META-INF/resources/webjars/springfox-swagger-ui/]]
2023-05-12 11:41:05,881 DEBUG org.springframework.web.servlet.handler.AbstractHandlerMapping [http-nio-8082-exec-1] Mapped to ResourceHttpRequestHandler [classpath [META-INF/resources/webjars/springfox-swagger-ui/]]
2023-05-12 11:41:05,881 DEBUG org.springframework.web.servlet.handler.AbstractHandlerMapping [http-nio-8082-exec-3] Mapped to ResourceHttpRequestHandler [classpath [META-INF/resources/webjars/springfox-swagger-ui/]]
2023-05-12 11:41:05,881 DEBUG org.springframework.web.servlet.handler.AbstractHandlerMapping [http-nio-8082-exec-4] Mapped to ResourceHttpRequestHandler [classpath [META-INF/resources/webjars/springfox-swagger-ui/]]
2023-05-12 11:41:05,881 DEBUG org.springframework.web.servlet.handler.AbstractHandlerMapping [http-nio-8082-exec-10] Mapped to ResourceHttpRequestHandler [classpath [META-INF/resources/webjars/springfox-swagger-ui/]]
2023-05-12 11:41:05,905 DEBUG org.springframework.web.servlet.FrameworkServlet [http-nio-8082-exec-4] Completed 304 NOT_MODIFIED
2023-05-12 11:41:05,905 DEBUG org.springframework.web.servlet.FrameworkServlet [http-nio-8082-exec-1] Completed 304 NOT_MODIFIED
2023-05-12 11:41:05,905 DEBUG org.springframework.web.servlet.FrameworkServlet [http-nio-8082-exec-10] Completed 304 NOT_MODIFIED
2023-05-12 11:41:05,905 DEBUG org.springframework.web.servlet.FrameworkServlet [http-nio-8082-exec-2] Completed 304 NOT_MODIFIED
2023-05-12 11:41:05,905 DEBUG org.springframework.web.servlet.FrameworkServlet [http-nio-8082-exec-3] Completed 304 NOT_MODIFIED
2023-05-12 11:41:06,441 DEBUG org.springframework.core.log.LogFormatUtils [http-nio-8082-exec-5] GET "/swagger-resources/configuration/ui", parameters={}
2023-05-12 11:41:06,441 DEBUG org.springframework.web.servlet.handler.AbstractHandlerMapping [http-nio-8082-exec-5] Mapped to springfox.documentation.swagger.web.ApiResourceController#uiConfiguration()
2023-05-12 11:41:06,449 DEBUG org.springframework.web.servlet.mvc.method.annotation.AbstractMessageConverterMethodProcessor [http-nio-8082-exec-5] Using 'application/json', given [application/json] and supported [application/json]
2023-05-12 11:41:06,449 DEBUG org.springframework.core.log.LogFormatUtils [http-nio-8082-exec-5] Writing [springfox.documentation.swagger.web.UiConfiguration@71b5fcf0]
2023-05-12 11:41:06,449 DEBUG org.springframework.web.servlet.FrameworkServlet [http-nio-8082-exec-5] Completed 200 OK
2023-05-12 11:41:06,457 DEBUG org.springframework.core.log.LogFormatUtils [http-nio-8082-exec-6] GET "/swagger-resources/configuration/security", parameters={}
2023-05-12 11:41:06,457 DEBUG org.springframework.web.servlet.handler.AbstractHandlerMapping [http-nio-8082-exec-6] Mapped to springfox.documentation.swagger.web.ApiResourceController#securityConfiguration()
2023-05-12 11:41:06,457 DEBUG org.springframework.web.servlet.mvc.method.annotation.AbstractMessageConverterMethodProcessor [http-nio-8082-exec-6] Using 'application/json', given [application/json] and supported [application/json]
2023-05-12 11:41:06,457 DEBUG org.springframework.core.log.LogFormatUtils [http-nio-8082-exec-6] Writing [springfox.documentation.swagger.web.SecurityConfiguration@374c9bf8]
2023-05-12 11:41:06,457 DEBUG org.springframework.web.servlet.FrameworkServlet [http-nio-8082-exec-6] Completed 200 OK
2023-05-12 11:41:06,465 DEBUG org.springframework.core.log.LogFormatUtils [http-nio-8082-exec-7] GET "/swagger-resources", parameters={}
2023-05-12 11:41:06,465 DEBUG org.springframework.web.servlet.handler.AbstractHandlerMapping [http-nio-8082-exec-7] Mapped to springfox.documentation.swagger.web.ApiResourceController#swaggerResources()
2023-05-12 11:41:06,465 DEBUG org.springframework.web.servlet.mvc.method.annotation.AbstractMessageConverterMethodProcessor [http-nio-8082-exec-7] Using 'application/json', given [application/json] and supported [application/json]
2023-05-12 11:41:06,465 DEBUG org.springframework.core.log.LogFormatUtils [http-nio-8082-exec-7] Writing [[springfox.documentation.swagger.web.SwaggerResource@4ad5470f]]
2023-05-12 11:41:06,465 DEBUG org.springframework.web.servlet.FrameworkServlet [http-nio-8082-exec-7] Completed 200 OK
2023-05-12 11:41:06,505 DEBUG org.springframework.core.log.LogFormatUtils [http-nio-8082-exec-8] GET "/v2/api-docs", parameters={}
2023-05-12 11:41:06,505 DEBUG org.springframework.web.servlet.handler.AbstractHandlerMapping [http-nio-8082-exec-8] Mapped to springfox.documentation.swagger2.web.Swagger2ControllerWebMvc#getDocumentation(String, HttpServletRequest)
2023-05-12 11:41:06,537 DEBUG org.springframework.web.servlet.mvc.method.annotation.AbstractMessageConverterMethodProcessor [http-nio-8082-exec-8] Using 'application/json', given [application/json, */*] and supported [application/json, application/hal+json]
2023-05-12 11:41:06,537 DEBUG org.springframework.core.log.LogFormatUtils [http-nio-8082-exec-8] Writing [springfox.documentation.spring.web.json.Json@19f42df5]
2023-05-12 11:41:06,537 DEBUG org.springframework.web.servlet.FrameworkServlet [http-nio-8082-exec-8] Completed 200 OK
2023-05-12 11:44:05,083 INFO org.springframework.orm.jpa.AbstractEntityManagerFactoryBean [SpringApplicationShutdownHook] Closing JPA EntityManagerFactory for persistence unit 'default'
2023-05-12 11:44:05,106 INFO com.zaxxer.hikari.HikariDataSource [SpringApplicationShutdownHook] HikariPool-1 - Shutdown initiated...
2023-05-12 11:44:05,117 INFO com.zaxxer.hikari.HikariDataSource [SpringApplicationShutdownHook] HikariPool-1 - Shutdown completed.
2023-05-12 14:53:16,277 INFO org.springframework.boot.StartupInfoLogger [main] Starting PFEApplication using Java 1.8.0_191 on LAPTOP-24AABF17 with PID 16228 (C:\Users\zineb kourifa\OneDrive\Documents\Bureau\TPs_JAVA\PFEProject\target\classes started by zineb kourifa in C:\Users\zineb kourifa\OneDrive\Documents\Bureau\TPs_JAVA\PFEProject)
2023-05-12 14:53:16,281 DEBUG org.springframework.boot.StartupInfoLogger [main] Running with Spring Boot v2.7.5, Spring v5.3.23
2023-05-12 14:53:16,282 INFO org.springframework.boot.SpringApplication [main] The following 1 profile is active: "dev"
2023-05-12 14:53:17,442 INFO org.springframework.data.repository.config.RepositoryConfigurationDelegate [main] Bootstrapping Spring Data JPA repositories in DEFAULT mode.
2023-05-12 14:53:17,516 INFO org.springframework.data.repository.config.RepositoryConfigurationDelegate [main] Finished Spring Data repository scanning in 58 ms. Found 1 JPA repository interfaces.
2023-05-12 14:53:18,464 INFO org.springframework.boot.web.embedded.tomcat.TomcatWebServer [main] Tomcat initialized with port(s): 8082 (http)
2023-05-12 14:53:18,477 INFO org.apache.juli.logging.DirectJDKLog [main] Initializing ProtocolHandler ["http-nio-8082"]
2023-05-12 14:53:18,478 INFO org.apache.juli.logging.DirectJDKLog [main] Starting service [Tomcat]
2023-05-12 14:53:18,478 INFO org.apache.juli.logging.DirectJDKLog [main] Starting Servlet engine: [Apache Tomcat/9.0.68]
2023-05-12 14:53:18,736 INFO org.apache.juli.logging.DirectJDKLog [main] Initializing Spring embedded WebApplicationContext
2023-05-12 14:53:18,736 INFO org.springframework.boot.web.servlet.context.ServletWebServerApplicationContext [main] Root WebApplicationContext: initialization completed in 2398 ms
2023-05-12 14:53:19,524 INFO com.zaxxer.hikari.HikariDataSource [main] HikariPool-1 - Starting...
2023-05-12 14:53:19,529 WARN com.zaxxer.hikari.util.DriverDataSource [main] Registered driver with driverClassName=oracle.jdbc.driver.OracleDriver was not found, trying direct instantiation.
2023-05-12 14:53:20,218 INFO com.zaxxer.hikari.HikariDataSource [main] HikariPool-1 - Start completed.
2023-05-12 14:53:21,897 INFO org.springframework.orm.jpa.AbstractEntityManagerFactoryBean [main] Initialized JPA EntityManagerFactory for persistence unit 'default'
2023-05-12 14:53:22,562 WARN org.springframework.boot.autoconfigure.orm.jpa.JpaBaseConfiguration$JpaWebConfiguration [main] spring.jpa.open-in-view is enabled by default. Therefore, database queries may be performed during view rendering. Explicitly configure spring.jpa.open-in-view to disable this warning
2023-05-12 14:53:22,664 DEBUG org.springframework.web.servlet.handler.AbstractHandlerMethodMapping [main] 12 mappings in 'requestMappingHandlerMapping'
2023-05-12 14:53:22,902 DEBUG org.springframework.web.servlet.mvc.method.annotation.RequestMappingHandlerAdapter [main] ControllerAdvice beans: 0 @ModelAttribute, 0 @InitBinder, 1 RequestBodyAdvice, 1 ResponseBodyAdvice
2023-05-12 14:53:22,964 DEBUG org.springframework.web.servlet.handler.SimpleUrlHandlerMapping [main] Patterns [/swagger-ui/] in 'viewControllerHandlerMapping'
2023-05-12 14:53:22,992 DEBUG org.springframework.web.servlet.handler.SimpleUrlHandlerMapping [main] Patterns [/webjars/**, /**, /swagger-ui/**] in 'resourceHandlerMapping'
2023-05-12 14:53:23,002 DEBUG org.springframework.web.servlet.mvc.method.annotation.ExceptionHandlerExceptionResolver [main] ControllerAdvice beans: 0 @ExceptionHandler, 1 ResponseBodyAdvice
2023-05-12 14:53:23,109 INFO org.apache.juli.logging.DirectJDKLog [main] Starting ProtocolHandler ["http-nio-8082"]
2023-05-12 14:53:23,139 INFO org.springframework.boot.web.embedded.tomcat.TomcatWebServer [main] Tomcat started on port(s): 8082 (http) with context path ''
2023-05-12 14:53:23,447 INFO org.springframework.boot.StartupInfoLogger [main] Started PFEApplication in 7.772 seconds (JVM running for 8.549)
2023-05-12 14:53:23,451 INFO ma.pfe.PFEApplication [main] Access URLs:
----------------------------------------------------------
	Local: 		http://127.0.0.1:8082/swagger-ui/#/
	External: 	http://192.168.11.140:8082/swagger-ui/#/
----------------------------------------------------------
2023-05-12 14:53:41,806 INFO org.apache.juli.logging.DirectJDKLog [http-nio-8082-exec-1] Initializing Spring DispatcherServlet 'dispatcherServlet'
2023-05-12 14:53:41,807 INFO org.springframework.web.servlet.FrameworkServlet [http-nio-8082-exec-1] Initializing Servlet 'dispatcherServlet'
2023-05-12 14:53:41,807 DEBUG org.springframework.web.servlet.DispatcherServlet [http-nio-8082-exec-1] Detected StandardServletMultipartResolver
2023-05-12 14:53:41,809 DEBUG org.springframework.web.servlet.DispatcherServlet [http-nio-8082-exec-1] Detected AcceptHeaderLocaleResolver
2023-05-12 14:53:41,809 DEBUG org.springframework.web.servlet.DispatcherServlet [http-nio-8082-exec-1] Detected FixedThemeResolver
2023-05-12 14:53:41,809 DEBUG org.springframework.web.servlet.DispatcherServlet [http-nio-8082-exec-1] Detected org.springframework.web.servlet.view.DefaultRequestToViewNameTranslator@4ba1c1a2
2023-05-12 14:53:41,809 DEBUG org.springframework.web.servlet.DispatcherServlet [http-nio-8082-exec-1] Detected org.springframework.web.servlet.support.SessionFlashMapManager@86bf90b
2023-05-12 14:53:41,809 DEBUG org.springframework.web.servlet.FrameworkServlet [http-nio-8082-exec-1] enableLoggingRequestDetails='false': request parameters and headers will be masked to prevent unsafe logging of potentially sensitive data
2023-05-12 14:53:41,809 INFO org.springframework.web.servlet.FrameworkServlet [http-nio-8082-exec-1] Completed initialization in 2 ms
2023-05-12 14:53:41,828 DEBUG org.springframework.core.log.LogFormatUtils [http-nio-8082-exec-1] GET "/swagger-ui/", parameters={}
2023-05-12 14:53:41,841 DEBUG org.springframework.web.servlet.handler.AbstractHandlerMapping [http-nio-8082-exec-1] Mapped to ParameterizableViewController [view="forward:/swagger-ui/index.html"]
2023-05-12 14:53:41,850 DEBUG org.springframework.web.servlet.view.ContentNegotiatingViewResolver [http-nio-8082-exec-1] Selected 'text/html' given [text/html, application/xhtml+xml, image/avif, image/webp, image/apng, application/xml;q=0.9, application/signed-exchange;v=b3;q=0.9, */*;q=0.8]
2023-05-12 14:53:41,850 DEBUG org.springframework.web.servlet.view.AbstractView [http-nio-8082-exec-1] View name 'forward:', model {}
2023-05-12 14:53:41,850 DEBUG org.springframework.web.servlet.view.InternalResourceView [http-nio-8082-exec-1] Forwarding to [/swagger-ui/index.html]
2023-05-12 14:53:41,866 DEBUG org.springframework.core.log.LogFormatUtils [http-nio-8082-exec-1] "FORWARD" dispatch for GET "/swagger-ui/index.html", parameters={}
2023-05-12 14:53:41,876 DEBUG org.springframework.web.servlet.handler.AbstractHandlerMapping [http-nio-8082-exec-1] Mapped to ResourceHttpRequestHandler [classpath [META-INF/resources/webjars/springfox-swagger-ui/]]
2023-05-12 14:53:41,883 DEBUG org.springframework.web.servlet.FrameworkServlet [http-nio-8082-exec-1] Exiting from "FORWARD" dispatch, status 304
2023-05-12 14:53:41,883 DEBUG org.springframework.web.servlet.FrameworkServlet [http-nio-8082-exec-1] Completed 304 NOT_MODIFIED
2023-05-12 14:53:42,359 DEBUG org.springframework.core.log.LogFormatUtils [http-nio-8082-exec-2] GET "/swagger-resources/configuration/ui", parameters={}
2023-05-12 14:53:42,360 DEBUG org.springframework.web.servlet.handler.AbstractHandlerMapping [http-nio-8082-exec-2] Mapped to springfox.documentation.swagger.web.ApiResourceController#uiConfiguration()
2023-05-12 14:53:42,403 DEBUG org.springframework.web.servlet.mvc.method.annotation.AbstractMessageConverterMethodProcessor [http-nio-8082-exec-2] Using 'application/json', given [application/json] and supported [application/json]
2023-05-12 14:53:42,501 DEBUG org.springframework.core.log.LogFormatUtils [http-nio-8082-exec-2] Writing [springfox.documentation.swagger.web.UiConfiguration@6ae4918a]
2023-05-12 14:53:42,542 DEBUG org.springframework.web.servlet.FrameworkServlet [http-nio-8082-exec-2] Completed 200 OK
2023-05-12 14:53:42,594 DEBUG org.springframework.core.log.LogFormatUtils [http-nio-8082-exec-4] GET "/swagger-resources/configuration/security", parameters={}
2023-05-12 14:53:42,594 DEBUG org.springframework.web.servlet.handler.AbstractHandlerMapping [http-nio-8082-exec-4] Mapped to springfox.documentation.swagger.web.ApiResourceController#securityConfiguration()
2023-05-12 14:53:42,594 DEBUG org.springframework.web.servlet.mvc.method.annotation.AbstractMessageConverterMethodProcessor [http-nio-8082-exec-4] Using 'application/json', given [application/json] and supported [application/json]
2023-05-12 14:53:42,605 DEBUG org.springframework.core.log.LogFormatUtils [http-nio-8082-exec-4] Writing [springfox.documentation.swagger.web.SecurityConfiguration@78e4d08a]
2023-05-12 14:53:42,605 DEBUG org.springframework.web.servlet.FrameworkServlet [http-nio-8082-exec-4] Completed 200 OK
2023-05-12 14:53:42,614 DEBUG org.springframework.core.log.LogFormatUtils [http-nio-8082-exec-3] GET "/swagger-resources", parameters={}
2023-05-12 14:53:42,614 DEBUG org.springframework.web.servlet.handler.AbstractHandlerMapping [http-nio-8082-exec-3] Mapped to springfox.documentation.swagger.web.ApiResourceController#swaggerResources()
2023-05-12 14:53:42,614 DEBUG org.springframework.web.servlet.mvc.method.annotation.AbstractMessageConverterMethodProcessor [http-nio-8082-exec-3] Using 'application/json', given [application/json] and supported [application/json]
2023-05-12 14:53:42,621 DEBUG org.springframework.core.log.LogFormatUtils [http-nio-8082-exec-3] Writing [[springfox.documentation.swagger.web.SwaggerResource@ba4ee10]]
2023-05-12 14:53:42,621 DEBUG org.springframework.web.servlet.FrameworkServlet [http-nio-8082-exec-3] Completed 200 OK
2023-05-12 14:53:42,717 DEBUG org.springframework.core.log.LogFormatUtils [http-nio-8082-exec-5] GET "/v2/api-docs", parameters={}
2023-05-12 14:53:42,717 DEBUG org.springframework.web.servlet.handler.AbstractHandlerMapping [http-nio-8082-exec-5] Mapped to springfox.documentation.swagger2.web.Swagger2ControllerWebMvc#getDocumentation(String, HttpServletRequest)
2023-05-12 14:53:43,061 DEBUG org.springframework.web.servlet.mvc.method.annotation.AbstractMessageConverterMethodProcessor [http-nio-8082-exec-5] Using 'application/json', given [application/json, */*] and supported [application/json, application/hal+json]
2023-05-12 14:53:43,061 DEBUG org.springframework.core.log.LogFormatUtils [http-nio-8082-exec-5] Writing [springfox.documentation.spring.web.json.Json@378edd41]
2023-05-12 14:53:43,061 DEBUG org.springframework.web.servlet.FrameworkServlet [http-nio-8082-exec-5] Completed 200 OK
2023-05-12 14:54:29,160 DEBUG org.springframework.core.log.LogFormatUtils [http-nio-8082-exec-7] POST "/Student/save", parameters={}
2023-05-12 14:54:29,161 DEBUG org.springframework.web.servlet.handler.AbstractHandlerMapping [http-nio-8082-exec-7] Mapped to ma.pfe.controllers.StudentController#save(StudentDto)
2023-05-12 14:54:29,290 DEBUG org.springframework.core.log.LogFormatUtils [http-nio-8082-exec-7] Read "application/json;charset=UTF-8" to [StudentDto{idStudent=StudentIdDto{id=10, code='rr1'}, name='bb', adresse=AdresseDto{rue='aa', avenue (truncated)...]
2023-05-12 14:54:29,290 DEBUG ma.pfe.controllers.StudentController [http-nio-8082-exec-7] start method save dto : StudentDto{idStudent=StudentIdDto{id=10, code='rr1'}, name='bb', adresse=AdresseDto{rue='aa', avenue='aa', number='aa'}, courses=[CourseDto{id=0, name='dd'}]}
2023-05-12 14:54:29,290 DEBUG ma.pfe.services.StudentServiceImpl [http-nio-8082-exec-7] start method save dto : StudentDto{idStudent=StudentIdDto{id=10, code='rr1'}, name='bb', adresse=AdresseDto{rue='aa', avenue='aa', number='aa'}, courses=[CourseDto{id=0, name='dd'}]}
2023-05-12 14:54:29,290 DEBUG ma.pfe.services.StudentServiceImpl [http-nio-8082-exec-7] mapping dto to entity : StudentEntity{idStudent=StudentId{id=10, code='rr1'}, name='bb', courses=[CourseEntity{id=0, name='null'}], adresse=Adresse{rue='aa', avenue='aa', number='aa'}}
2023-05-12 14:54:29,462 DEBUG org.springframework.web.servlet.mvc.method.annotation.AbstractMessageConverterMethodProcessor [http-nio-8082-exec-7] Using 'application/json', given [*/*] and supported [application/json, application/*+json, application/json, application/*+json]
2023-05-12 14:54:29,462 DEBUG org.springframework.core.log.LogFormatUtils [http-nio-8082-exec-7] Writing [10]
2023-05-12 14:54:29,469 DEBUG org.springframework.web.servlet.FrameworkServlet [http-nio-8082-exec-7] Completed 200 OK
2023-05-12 14:54:56,160 DEBUG org.springframework.core.log.LogFormatUtils [http-nio-8082-exec-10] GET "/Student/10/rr1", parameters={}
2023-05-12 14:54:56,162 DEBUG org.springframework.web.servlet.handler.AbstractHandlerMapping [http-nio-8082-exec-10] Mapped to ma.pfe.controllers.StudentController#selectById(long, String)
2023-05-12 14:54:56,219 DEBUG ma.pfe.controllers.StudentController [http-nio-8082-exec-10] start method select by id 10 , code rr1
2023-05-12 14:54:56,267 DEBUG org.springframework.web.servlet.mvc.method.annotation.AbstractMessageConverterMethodProcessor [http-nio-8082-exec-10] Using 'application/json', given [*/*] and supported [application/json, application/*+json, application/json, application/*+json]
2023-05-12 14:54:56,269 DEBUG org.springframework.core.log.LogFormatUtils [http-nio-8082-exec-10] Writing [StudentDto{idStudent=StudentIdDto{id=10, code='rr1'}, name='bb', adresse=AdresseDto{rue='aa', avenue (truncated)...]
2023-05-12 14:54:56,275 DEBUG org.springframework.web.servlet.FrameworkServlet [http-nio-8082-exec-10] Completed 200 OK
2023-05-12 15:45:05,560 INFO org.springframework.orm.jpa.AbstractEntityManagerFactoryBean [SpringApplicationShutdownHook] Closing JPA EntityManagerFactory for persistence unit 'default'
2023-05-12 15:45:05,570 INFO com.zaxxer.hikari.HikariDataSource [SpringApplicationShutdownHook] HikariPool-1 - Shutdown initiated...
2023-05-12 15:45:05,587 INFO com.zaxxer.hikari.HikariDataSource [SpringApplicationShutdownHook] HikariPool-1 - Shutdown completed.
2023-05-12 15:45:25,798 INFO org.springframework.boot.StartupInfoLogger [main] Starting PFEApplication using Java 1.8.0_191 on LAPTOP-24AABF17 with PID 14564 (C:\Users\zineb kourifa\OneDrive\Documents\Bureau\TPs_JAVA\PFEProject\target\classes started by zineb kourifa in C:\Users\zineb kourifa\OneDrive\Documents\Bureau\TPs_JAVA\PFEProject)
2023-05-12 15:45:25,802 DEBUG org.springframework.boot.StartupInfoLogger [main] Running with Spring Boot v2.7.5, Spring v5.3.23
2023-05-12 15:45:25,803 INFO org.springframework.boot.SpringApplication [main] The following 1 profile is active: "dev"
2023-05-12 15:45:26,894 INFO org.springframework.data.repository.config.RepositoryConfigurationDelegate [main] Bootstrapping Spring Data JPA repositories in DEFAULT mode.
2023-05-12 15:45:26,958 INFO org.springframework.data.repository.config.RepositoryConfigurationDelegate [main] Finished Spring Data repository scanning in 55 ms. Found 1 JPA repository interfaces.
2023-05-12 15:45:28,114 INFO org.springframework.boot.web.embedded.tomcat.TomcatWebServer [main] Tomcat initialized with port(s): 8082 (http)
2023-05-12 15:45:28,137 INFO org.apache.juli.logging.DirectJDKLog [main] Initializing ProtocolHandler ["http-nio-8082"]
2023-05-12 15:45:28,137 INFO org.apache.juli.logging.DirectJDKLog [main] Starting service [Tomcat]
2023-05-12 15:45:28,137 INFO org.apache.juli.logging.DirectJDKLog [main] Starting Servlet engine: [Apache Tomcat/9.0.68]
2023-05-12 15:45:28,431 INFO org.apache.juli.logging.DirectJDKLog [main] Initializing Spring embedded WebApplicationContext
2023-05-12 15:45:28,433 INFO org.springframework.boot.web.servlet.context.ServletWebServerApplicationContext [main] Root WebApplicationContext: initialization completed in 2571 ms
2023-05-12 15:45:29,191 INFO com.zaxxer.hikari.HikariDataSource [main] HikariPool-1 - Starting...
2023-05-12 15:45:29,197 WARN com.zaxxer.hikari.util.DriverDataSource [main] Registered driver with driverClassName=oracle.jdbc.driver.OracleDriver was not found, trying direct instantiation.
2023-05-12 15:45:29,727 INFO com.zaxxer.hikari.HikariDataSource [main] HikariPool-1 - Start completed.
2023-05-12 15:45:31,429 INFO org.springframework.orm.jpa.AbstractEntityManagerFactoryBean [main] Initialized JPA EntityManagerFactory for persistence unit 'default'
2023-05-12 15:45:32,007 WARN org.springframework.boot.autoconfigure.orm.jpa.JpaBaseConfiguration$JpaWebConfiguration [main] spring.jpa.open-in-view is enabled by default. Therefore, database queries may be performed during view rendering. Explicitly configure spring.jpa.open-in-view to disable this warning
2023-05-12 15:45:32,150 DEBUG org.springframework.web.servlet.handler.AbstractHandlerMethodMapping [main] 12 mappings in 'requestMappingHandlerMapping'
2023-05-12 15:45:32,363 DEBUG org.springframework.web.servlet.mvc.method.annotation.RequestMappingHandlerAdapter [main] ControllerAdvice beans: 0 @ModelAttribute, 0 @InitBinder, 1 RequestBodyAdvice, 1 ResponseBodyAdvice
2023-05-12 15:45:32,407 DEBUG org.springframework.web.servlet.handler.SimpleUrlHandlerMapping [main] Patterns [/swagger-ui/] in 'viewControllerHandlerMapping'
2023-05-12 15:45:32,451 DEBUG org.springframework.web.servlet.handler.SimpleUrlHandlerMapping [main] Patterns [/webjars/**, /**, /swagger-ui/**] in 'resourceHandlerMapping'
2023-05-12 15:45:32,469 DEBUG org.springframework.web.servlet.mvc.method.annotation.ExceptionHandlerExceptionResolver [main] ControllerAdvice beans: 0 @ExceptionHandler, 1 ResponseBodyAdvice
2023-05-12 15:45:32,662 INFO org.apache.juli.logging.DirectJDKLog [main] Starting ProtocolHandler ["http-nio-8082"]
2023-05-12 15:45:32,702 INFO org.springframework.boot.web.embedded.tomcat.TomcatWebServer [main] Tomcat started on port(s): 8082 (http) with context path ''
2023-05-12 15:45:33,312 INFO org.springframework.boot.StartupInfoLogger [main] Started PFEApplication in 8.099 seconds (JVM running for 8.886)
2023-05-12 15:45:33,324 INFO ma.pfe.PFEApplication [main] Access URLs:
----------------------------------------------------------
	Local: 		http://127.0.0.1:8082/swagger-ui/#/
	External: 	http://192.168.11.140:8082/swagger-ui/#/
----------------------------------------------------------
2023-05-12 15:46:42,368 INFO org.apache.juli.logging.DirectJDKLog [http-nio-8082-exec-1] Initializing Spring DispatcherServlet 'dispatcherServlet'
2023-05-12 15:46:42,368 INFO org.springframework.web.servlet.FrameworkServlet [http-nio-8082-exec-1] Initializing Servlet 'dispatcherServlet'
2023-05-12 15:46:42,368 DEBUG org.springframework.web.servlet.DispatcherServlet [http-nio-8082-exec-1] Detected StandardServletMultipartResolver
2023-05-12 15:46:42,368 DEBUG org.springframework.web.servlet.DispatcherServlet [http-nio-8082-exec-1] Detected AcceptHeaderLocaleResolver
2023-05-12 15:46:42,370 DEBUG org.springframework.web.servlet.DispatcherServlet [http-nio-8082-exec-1] Detected FixedThemeResolver
2023-05-12 15:46:42,371 DEBUG org.springframework.web.servlet.DispatcherServlet [http-nio-8082-exec-1] Detected org.springframework.web.servlet.view.DefaultRequestToViewNameTranslator@4ba1c1a2
2023-05-12 15:46:42,371 DEBUG org.springframework.web.servlet.DispatcherServlet [http-nio-8082-exec-1] Detected org.springframework.web.servlet.support.SessionFlashMapManager@86bf90b
2023-05-12 15:46:42,371 DEBUG org.springframework.web.servlet.FrameworkServlet [http-nio-8082-exec-1] enableLoggingRequestDetails='false': request parameters and headers will be masked to prevent unsafe logging of potentially sensitive data
2023-05-12 15:46:42,371 INFO org.springframework.web.servlet.FrameworkServlet [http-nio-8082-exec-1] Completed initialization in 3 ms
2023-05-12 15:46:42,393 DEBUG org.springframework.core.log.LogFormatUtils [http-nio-8082-exec-1] GET "/swagger-resources/configuration/ui", parameters={}
2023-05-12 15:46:42,401 DEBUG org.springframework.web.servlet.handler.AbstractHandlerMapping [http-nio-8082-exec-1] Mapped to springfox.documentation.swagger.web.ApiResourceController#uiConfiguration()
2023-05-12 15:46:42,452 DEBUG org.springframework.web.servlet.mvc.method.annotation.AbstractMessageConverterMethodProcessor [http-nio-8082-exec-1] Using 'application/json', given [application/json] and supported [application/json]
2023-05-12 15:46:42,537 DEBUG org.springframework.core.log.LogFormatUtils [http-nio-8082-exec-1] Writing [springfox.documentation.swagger.web.UiConfiguration@40eba5e9]
2023-05-12 15:46:42,586 DEBUG org.springframework.web.servlet.FrameworkServlet [http-nio-8082-exec-1] Completed 200 OK
2023-05-12 15:46:42,594 DEBUG org.springframework.core.log.LogFormatUtils [http-nio-8082-exec-2] GET "/swagger-resources/configuration/security", parameters={}
2023-05-12 15:46:42,602 DEBUG org.springframework.web.servlet.handler.AbstractHandlerMapping [http-nio-8082-exec-2] Mapped to springfox.documentation.swagger.web.ApiResourceController#securityConfiguration()
2023-05-12 15:46:42,604 DEBUG org.springframework.web.servlet.mvc.method.annotation.AbstractMessageConverterMethodProcessor [http-nio-8082-exec-2] Using 'application/json', given [application/json] and supported [application/json]
2023-05-12 15:46:42,611 DEBUG org.springframework.core.log.LogFormatUtils [http-nio-8082-exec-2] Writing [springfox.documentation.swagger.web.SecurityConfiguration@639e4052]
2023-05-12 15:46:42,614 DEBUG org.springframework.web.servlet.FrameworkServlet [http-nio-8082-exec-2] Completed 200 OK
2023-05-12 15:46:42,619 DEBUG org.springframework.core.log.LogFormatUtils [http-nio-8082-exec-3] GET "/swagger-resources", parameters={}
2023-05-12 15:46:42,619 DEBUG org.springframework.web.servlet.handler.AbstractHandlerMapping [http-nio-8082-exec-3] Mapped to springfox.documentation.swagger.web.ApiResourceController#swaggerResources()
2023-05-12 15:46:42,619 DEBUG org.springframework.web.servlet.mvc.method.annotation.AbstractMessageConverterMethodProcessor [http-nio-8082-exec-3] Using 'application/json', given [application/json] and supported [application/json]
2023-05-12 15:46:42,619 DEBUG org.springframework.core.log.LogFormatUtils [http-nio-8082-exec-3] Writing [[springfox.documentation.swagger.web.SwaggerResource@611afde6]]
2023-05-12 15:46:42,627 DEBUG org.springframework.web.servlet.FrameworkServlet [http-nio-8082-exec-3] Completed 200 OK
2023-05-12 15:46:42,667 DEBUG org.springframework.core.log.LogFormatUtils [http-nio-8082-exec-4] GET "/v2/api-docs", parameters={}
2023-05-12 15:46:42,667 DEBUG org.springframework.web.servlet.handler.AbstractHandlerMapping [http-nio-8082-exec-4] Mapped to springfox.documentation.swagger2.web.Swagger2ControllerWebMvc#getDocumentation(String, HttpServletRequest)
2023-05-12 15:46:43,008 DEBUG org.springframework.web.servlet.mvc.method.annotation.AbstractMessageConverterMethodProcessor [http-nio-8082-exec-4] Using 'application/json', given [application/json, */*] and supported [application/json, application/hal+json]
2023-05-12 15:46:43,016 DEBUG org.springframework.core.log.LogFormatUtils [http-nio-8082-exec-4] Writing [springfox.documentation.spring.web.json.Json@58462d06]
2023-05-12 15:46:43,016 DEBUG org.springframework.web.servlet.FrameworkServlet [http-nio-8082-exec-4] Completed 200 OK
2023-05-12 15:47:36,671 DEBUG org.springframework.core.log.LogFormatUtils [http-nio-8082-exec-7] POST "/Student/save", parameters={}
2023-05-12 15:47:36,673 DEBUG org.springframework.web.servlet.handler.AbstractHandlerMapping [http-nio-8082-exec-7] Mapped to ma.pfe.controllers.StudentController#save(StudentDto)
2023-05-12 15:47:36,721 DEBUG org.springframework.core.log.LogFormatUtils [http-nio-8082-exec-7] Read "application/json;charset=UTF-8" to [StudentDto{idStudent=StudentIdDto{id=10, code='rr1'}, name='bb', adresse=AdresseDto{rue='aa', avenue (truncated)...]
2023-05-12 15:47:36,728 DEBUG ma.pfe.controllers.StudentController [http-nio-8082-exec-7] start method save dto : StudentDto{idStudent=StudentIdDto{id=10, code='rr1'}, name='bb', adresse=AdresseDto{rue='aa', avenue='aa', number='aa'}, courses=[CourseDto{id=0, name='dd'}]}
2023-05-12 15:47:36,728 DEBUG ma.pfe.services.StudentServiceImpl [http-nio-8082-exec-7] start method save dto : StudentDto{idStudent=StudentIdDto{id=10, code='rr1'}, name='bb', adresse=AdresseDto{rue='aa', avenue='aa', number='aa'}, courses=[CourseDto{id=0, name='dd'}]}
2023-05-12 15:47:36,729 DEBUG ma.pfe.services.StudentServiceImpl [http-nio-8082-exec-7] mapping dto to entity : StudentEntity{idStudent=StudentId{id=10, code='rr1'}, name='bb', courses=[CourseEntity{id=0, name='null'}], adresse=Adresse{rue='aa', avenue='aa', number='aa'}}
2023-05-12 15:47:37,077 DEBUG org.springframework.web.servlet.mvc.method.annotation.AbstractMessageConverterMethodProcessor [http-nio-8082-exec-7] Using 'application/json', given [*/*] and supported [application/json, application/*+json, application/json, application/*+json]
2023-05-12 15:47:37,077 DEBUG org.springframework.core.log.LogFormatUtils [http-nio-8082-exec-7] Writing [10]
2023-05-12 15:47:37,077 DEBUG org.springframework.web.servlet.FrameworkServlet [http-nio-8082-exec-7] Completed 200 OK
2023-05-12 15:47:57,070 DEBUG org.springframework.core.log.LogFormatUtils [http-nio-8082-exec-8] GET "/Student/10/rr1", parameters={}
2023-05-12 15:47:57,073 DEBUG org.springframework.web.servlet.handler.AbstractHandlerMapping [http-nio-8082-exec-8] Mapped to ma.pfe.controllers.StudentController#selectById(long, String)
2023-05-12 15:47:57,078 DEBUG ma.pfe.controllers.StudentController [http-nio-8082-exec-8] start method select by id 10 , code rr1
2023-05-12 15:47:57,173 DEBUG org.springframework.web.servlet.mvc.method.annotation.AbstractMessageConverterMethodProcessor [http-nio-8082-exec-8] Using 'application/json', given [*/*] and supported [application/json, application/*+json, application/json, application/*+json]
2023-05-12 15:47:57,173 DEBUG org.springframework.core.log.LogFormatUtils [http-nio-8082-exec-8] Writing [StudentDto{idStudent=StudentIdDto{id=10, code='rr1'}, name='bb', adresse=AdresseDto{rue='aa', avenue (truncated)...]
2023-05-12 15:47:57,181 DEBUG org.springframework.web.servlet.FrameworkServlet [http-nio-8082-exec-8] Completed 200 OK
2023-05-12 15:52:07,794 INFO org.springframework.orm.jpa.AbstractEntityManagerFactoryBean [SpringApplicationShutdownHook] Closing JPA EntityManagerFactory for persistence unit 'default'
2023-05-12 15:52:07,796 INFO com.zaxxer.hikari.HikariDataSource [SpringApplicationShutdownHook] HikariPool-1 - Shutdown initiated...
2023-05-12 15:52:07,817 INFO com.zaxxer.hikari.HikariDataSource [SpringApplicationShutdownHook] HikariPool-1 - Shutdown completed.
2023-05-12 15:52:13,553 INFO org.springframework.boot.StartupInfoLogger [main] Starting PFEApplication using Java 1.8.0_191 on LAPTOP-24AABF17 with PID 16324 (C:\Users\zineb kourifa\OneDrive\Documents\Bureau\TPs_JAVA\PFEProject\target\classes started by zineb kourifa in C:\Users\zineb kourifa\OneDrive\Documents\Bureau\TPs_JAVA\PFEProject)
2023-05-12 15:52:13,556 DEBUG org.springframework.boot.StartupInfoLogger [main] Running with Spring Boot v2.7.5, Spring v5.3.23
2023-05-12 15:52:13,556 INFO org.springframework.boot.SpringApplication [main] The following 1 profile is active: "dev"
2023-05-12 15:52:14,480 INFO org.springframework.data.repository.config.RepositoryConfigurationDelegate [main] Bootstrapping Spring Data JPA repositories in DEFAULT mode.
2023-05-12 15:52:14,538 INFO org.springframework.data.repository.config.RepositoryConfigurationDelegate [main] Finished Spring Data repository scanning in 48 ms. Found 1 JPA repository interfaces.
2023-05-12 15:52:15,322 INFO org.springframework.boot.web.embedded.tomcat.TomcatWebServer [main] Tomcat initialized with port(s): 8082 (http)
2023-05-12 15:52:15,335 INFO org.apache.juli.logging.DirectJDKLog [main] Initializing ProtocolHandler ["http-nio-8082"]
2023-05-12 15:52:15,336 INFO org.apache.juli.logging.DirectJDKLog [main] Starting service [Tomcat]
2023-05-12 15:52:15,336 INFO org.apache.juli.logging.DirectJDKLog [main] Starting Servlet engine: [Apache Tomcat/9.0.68]
2023-05-12 15:52:15,560 INFO org.apache.juli.logging.DirectJDKLog [main] Initializing Spring embedded WebApplicationContext
2023-05-12 15:52:15,560 INFO org.springframework.boot.web.servlet.context.ServletWebServerApplicationContext [main] Root WebApplicationContext: initialization completed in 1941 ms
2023-05-12 15:52:16,143 INFO com.zaxxer.hikari.HikariDataSource [main] HikariPool-1 - Starting...
2023-05-12 15:52:16,147 WARN com.zaxxer.hikari.util.DriverDataSource [main] Registered driver with driverClassName=oracle.jdbc.driver.OracleDriver was not found, trying direct instantiation.
2023-05-12 15:52:16,531 INFO com.zaxxer.hikari.HikariDataSource [main] HikariPool-1 - Start completed.
2023-05-12 15:52:17,769 INFO org.springframework.orm.jpa.AbstractEntityManagerFactoryBean [main] Initialized JPA EntityManagerFactory for persistence unit 'default'
2023-05-12 15:52:18,308 WARN org.springframework.boot.autoconfigure.orm.jpa.JpaBaseConfiguration$JpaWebConfiguration [main] spring.jpa.open-in-view is enabled by default. Therefore, database queries may be performed during view rendering. Explicitly configure spring.jpa.open-in-view to disable this warning
2023-05-12 15:52:18,411 DEBUG org.springframework.web.servlet.handler.AbstractHandlerMethodMapping [main] 12 mappings in 'requestMappingHandlerMapping'
2023-05-12 15:52:18,625 DEBUG org.springframework.web.servlet.mvc.method.annotation.RequestMappingHandlerAdapter [main] ControllerAdvice beans: 0 @ModelAttribute, 0 @InitBinder, 1 RequestBodyAdvice, 1 ResponseBodyAdvice
2023-05-12 15:52:18,677 DEBUG org.springframework.web.servlet.handler.SimpleUrlHandlerMapping [main] Patterns [/swagger-ui/] in 'viewControllerHandlerMapping'
2023-05-12 15:52:18,696 DEBUG org.springframework.web.servlet.handler.SimpleUrlHandlerMapping [main] Patterns [/webjars/**, /**, /swagger-ui/**] in 'resourceHandlerMapping'
2023-05-12 15:52:18,704 DEBUG org.springframework.web.servlet.mvc.method.annotation.ExceptionHandlerExceptionResolver [main] ControllerAdvice beans: 0 @ExceptionHandler, 1 ResponseBodyAdvice
2023-05-12 15:52:18,812 INFO org.apache.juli.logging.DirectJDKLog [main] Starting ProtocolHandler ["http-nio-8082"]
2023-05-12 15:52:18,831 INFO org.springframework.boot.web.embedded.tomcat.TomcatWebServer [main] Tomcat started on port(s): 8082 (http) with context path ''
2023-05-12 15:52:19,073 INFO org.springframework.boot.StartupInfoLogger [main] Started PFEApplication in 6.052 seconds (JVM running for 6.739)
2023-05-12 15:52:19,078 INFO ma.pfe.PFEApplication [main] Access URLs:
----------------------------------------------------------
	Local: 		http://127.0.0.1:8082/swagger-ui/#/
	External: 	http://192.168.11.140:8082/swagger-ui/#/
----------------------------------------------------------
2023-05-12 15:52:22,790 INFO org.apache.juli.logging.DirectJDKLog [http-nio-8082-exec-1] Initializing Spring DispatcherServlet 'dispatcherServlet'
2023-05-12 15:52:22,791 INFO org.springframework.web.servlet.FrameworkServlet [http-nio-8082-exec-1] Initializing Servlet 'dispatcherServlet'
2023-05-12 15:52:22,791 DEBUG org.springframework.web.servlet.DispatcherServlet [http-nio-8082-exec-1] Detected StandardServletMultipartResolver
2023-05-12 15:52:22,792 DEBUG org.springframework.web.servlet.DispatcherServlet [http-nio-8082-exec-1] Detected AcceptHeaderLocaleResolver
2023-05-12 15:52:22,792 DEBUG org.springframework.web.servlet.DispatcherServlet [http-nio-8082-exec-1] Detected FixedThemeResolver
2023-05-12 15:52:22,797 DEBUG org.springframework.web.servlet.DispatcherServlet [http-nio-8082-exec-1] Detected org.springframework.web.servlet.view.DefaultRequestToViewNameTranslator@4ba1c1a2
2023-05-12 15:52:22,799 DEBUG org.springframework.web.servlet.DispatcherServlet [http-nio-8082-exec-1] Detected org.springframework.web.servlet.support.SessionFlashMapManager@86bf90b
2023-05-12 15:52:22,799 DEBUG org.springframework.web.servlet.FrameworkServlet [http-nio-8082-exec-1] enableLoggingRequestDetails='false': request parameters and headers will be masked to prevent unsafe logging of potentially sensitive data
2023-05-12 15:52:22,799 INFO org.springframework.web.servlet.FrameworkServlet [http-nio-8082-exec-1] Completed initialization in 8 ms
2023-05-12 15:52:22,810 DEBUG org.springframework.core.log.LogFormatUtils [http-nio-8082-exec-1] GET "/swagger-resources/configuration/ui", parameters={}
2023-05-12 15:52:22,822 DEBUG org.springframework.web.servlet.handler.AbstractHandlerMapping [http-nio-8082-exec-1] Mapped to springfox.documentation.swagger.web.ApiResourceController#uiConfiguration()
2023-05-12 15:52:22,853 DEBUG org.springframework.web.servlet.mvc.method.annotation.AbstractMessageConverterMethodProcessor [http-nio-8082-exec-1] Using 'application/json', given [application/json] and supported [application/json]
2023-05-12 15:52:22,924 DEBUG org.springframework.core.log.LogFormatUtils [http-nio-8082-exec-1] Writing [springfox.documentation.swagger.web.UiConfiguration@1b376970]
2023-05-12 15:52:22,969 DEBUG org.springframework.web.servlet.FrameworkServlet [http-nio-8082-exec-1] Completed 200 OK
2023-05-12 15:52:22,974 DEBUG org.springframework.core.log.LogFormatUtils [http-nio-8082-exec-3] GET "/swagger-resources/configuration/security", parameters={}
2023-05-12 15:52:22,975 DEBUG org.springframework.web.servlet.handler.AbstractHandlerMapping [http-nio-8082-exec-3] Mapped to springfox.documentation.swagger.web.ApiResourceController#securityConfiguration()
2023-05-12 15:52:22,976 DEBUG org.springframework.web.servlet.mvc.method.annotation.AbstractMessageConverterMethodProcessor [http-nio-8082-exec-3] Using 'application/json', given [application/json] and supported [application/json]
2023-05-12 15:52:22,983 DEBUG org.springframework.core.log.LogFormatUtils [http-nio-8082-exec-3] Writing [springfox.documentation.swagger.web.SecurityConfiguration@4c3f97a]
2023-05-12 15:52:22,985 DEBUG org.springframework.web.servlet.FrameworkServlet [http-nio-8082-exec-3] Completed 200 OK
2023-05-12 15:52:22,991 DEBUG org.springframework.core.log.LogFormatUtils [http-nio-8082-exec-2] GET "/swagger-resources", parameters={}
2023-05-12 15:52:22,992 DEBUG org.springframework.web.servlet.handler.AbstractHandlerMapping [http-nio-8082-exec-2] Mapped to springfox.documentation.swagger.web.ApiResourceController#swaggerResources()
2023-05-12 15:52:22,993 DEBUG org.springframework.web.servlet.mvc.method.annotation.AbstractMessageConverterMethodProcessor [http-nio-8082-exec-2] Using 'application/json', given [application/json] and supported [application/json]
2023-05-12 15:52:22,996 DEBUG org.springframework.core.log.LogFormatUtils [http-nio-8082-exec-2] Writing [[springfox.documentation.swagger.web.SwaggerResource@117d474e]]
2023-05-12 15:52:23,003 DEBUG org.springframework.web.servlet.FrameworkServlet [http-nio-8082-exec-2] Completed 200 OK
2023-05-12 15:52:23,055 DEBUG org.springframework.core.log.LogFormatUtils [http-nio-8082-exec-4] GET "/v2/api-docs", parameters={}
2023-05-12 15:52:23,056 DEBUG org.springframework.web.servlet.handler.AbstractHandlerMapping [http-nio-8082-exec-4] Mapped to springfox.documentation.swagger2.web.Swagger2ControllerWebMvc#getDocumentation(String, HttpServletRequest)
2023-05-12 15:52:23,292 DEBUG org.springframework.web.servlet.mvc.method.annotation.AbstractMessageConverterMethodProcessor [http-nio-8082-exec-4] Using 'application/json', given [application/json, */*] and supported [application/json, application/hal+json]
2023-05-12 15:52:23,299 DEBUG org.springframework.core.log.LogFormatUtils [http-nio-8082-exec-4] Writing [springfox.documentation.spring.web.json.Json@220c2178]
2023-05-12 15:52:23,301 DEBUG org.springframework.web.servlet.FrameworkServlet [http-nio-8082-exec-4] Completed 200 OK
2023-05-12 15:52:47,815 DEBUG org.springframework.core.log.LogFormatUtils [http-nio-8082-exec-7] POST "/Student/save", parameters={}
2023-05-12 15:52:47,815 DEBUG org.springframework.web.servlet.handler.AbstractHandlerMapping [http-nio-8082-exec-7] Mapped to ma.pfe.controllers.StudentController#save(StudentDto)
2023-05-12 15:52:47,904 DEBUG org.springframework.core.log.LogFormatUtils [http-nio-8082-exec-7] Read "application/json;charset=UTF-8" to [StudentDto{idStudent=StudentIdDto{id=0, code='yy'}, name='rr', adresse=AdresseDto{rue='dd', avenue=' (truncated)...]
2023-05-12 15:52:47,912 DEBUG ma.pfe.controllers.StudentController [http-nio-8082-exec-7] start method save dto : StudentDto{idStudent=StudentIdDto{id=0, code='yy'}, name='rr', adresse=AdresseDto{rue='dd', avenue='dd', number='dd'}, courses=[CourseDto{id=0, nom='hh'}]}
2023-05-12 15:52:47,912 DEBUG ma.pfe.services.StudentServiceImpl [http-nio-8082-exec-7] start method save dto : StudentDto{idStudent=StudentIdDto{id=0, code='yy'}, name='rr', adresse=AdresseDto{rue='dd', avenue='dd', number='dd'}, courses=[CourseDto{id=0, nom='hh'}]}
2023-05-12 15:52:47,912 DEBUG ma.pfe.services.StudentServiceImpl [http-nio-8082-exec-7] mapping dto to entity : StudentEntity{idStudent=StudentId{id=0, code='yy'}, name='rr', courses=[CourseEntity{id=0, nom='null'}], adresse=Adresse{rue='dd', avenue='dd', number='dd'}}
2023-05-12 15:52:48,261 DEBUG org.springframework.web.servlet.mvc.method.annotation.AbstractMessageConverterMethodProcessor [http-nio-8082-exec-7] Using 'application/json', given [*/*] and supported [application/json, application/*+json, application/json, application/*+json]
2023-05-12 15:52:48,261 DEBUG org.springframework.core.log.LogFormatUtils [http-nio-8082-exec-7] Writing [0]
2023-05-12 15:52:48,269 DEBUG org.springframework.web.servlet.FrameworkServlet [http-nio-8082-exec-7] Completed 200 OK
2023-05-12 15:52:59,148 DEBUG org.springframework.core.log.LogFormatUtils [http-nio-8082-exec-9] GET "/Student/selectAll", parameters={}
2023-05-12 15:52:59,148 DEBUG org.springframework.web.servlet.handler.AbstractHandlerMapping [http-nio-8082-exec-9] Mapped to ma.pfe.controllers.StudentController#selectAll()
2023-05-12 15:52:59,148 DEBUG ma.pfe.controllers.StudentController [http-nio-8082-exec-9] start method selectAll
2023-05-12 15:52:59,148 DEBUG ma.pfe.services.StudentServiceImpl [http-nio-8082-exec-9] start method selectAll
2023-05-12 15:52:59,514 DEBUG org.springframework.web.servlet.mvc.method.annotation.AbstractMessageConverterMethodProcessor [http-nio-8082-exec-9] Using 'application/json', given [*/*] and supported [application/json, application/*+json, application/json, application/*+json]
2023-05-12 15:52:59,514 DEBUG org.springframework.core.log.LogFormatUtils [http-nio-8082-exec-9] Writing [[StudentDto{idStudent=StudentIdDto{id=0, code='yy'}, name='rr', adresse=AdresseDto{rue='dd', avenue= (truncated)...]
2023-05-12 15:52:59,530 DEBUG org.springframework.web.servlet.FrameworkServlet [http-nio-8082-exec-9] Completed 200 OK
